In reaction 0001
An equation of the form "A * (T/Tref)^beta * exp(-Ea/(R*T))" is a Kooij equation,
I guess a modified Arrhenius could be a name too.  Whatever, the correct label is
"Kooij", or, << à la limite >> "ModifiedArrhenius".  Please use those terms instead,
thanks and a good day to you, user.
In reaction 0001
An equation of the form "A * (T/Tref)^beta * exp(-Ea/(R*T))" is a Kooij equation,
I guess a modified Arrhenius could be a name too.  Whatever, the correct label is
"Kooij", or, << à la limite >> "ModifiedArrhenius".  Please use those terms instead,
thanks and a good day to you, user.
In reaction 0001
An equation of the form "A * (T/Tref)^beta * exp(-Ea/(R*T))" is a Kooij equation,
I guess a modified Arrhenius could be a name too.  Whatever, the correct label is
"Kooij", or, << à la limite >> "ModifiedArrhenius".  Please use those terms instead,
thanks and a good day to you, user.
In reaction 0001
An equation of the form "A * (T/Tref)^beta * exp(-Ea/(R*T))" is a Kooij equation,
I guess a modified Arrhenius could be a name too.  Whatever, the correct label is
"Kooij", or, << à la limite >> "ModifiedArrhenius".  Please use those terms instead,
thanks and a good day to you, user.
In reaction 0001
An equation of the form "A * (T/Tref)^beta * exp(-Ea/(R*T))" is a Kooij equation,
I guess a modified Arrhenius could be a name too.  Whatever, the correct label is
"Kooij", or, << à la limite >> "ModifiedArrhenius".  Please use those terms instead,
thanks and a good day to you, user.
In reaction In reaction 0001
An equation of the form "A * (T/Tref)^beta * exp(-Ea/(R*T))" is a Kooij equation,
I guess a modified Arrhenius could be a name too.  Whatever, the correct label is
"Kooij", or, << à la limite >> "ModifiedArrhenius".  Please use those terms instead,
thanks and a good day to you, user.
In reaction 0001
An equation of the form "A * (T/Tref)^beta * exp(-Ea/(R*T))" is a Kooij equation,
I guess a modified Arrhenius could be a name too.  Whatever, the correct label is
"Kooij", or, << à la limite >> "ModifiedArrhenius".  Please use those terms instead,
thanks and a good day to you, user.
In reaction 0001
An equation of the form "A * (T/Tref)^beta * exp(-Ea/(R*T))" is a Kooij equation,
I guess a modified Arrhenius could be a name too.  Whatever, the correct label is
"Kooij", or, << à la limite >> "ModifiedArrhenius".  Please use those terms instead,
thanks and a good day to you, user.
In reaction 0001
An equation of the form "A * (T/Tref)^beta * exp(-Ea/(R*T))" is a Kooij equation,
I guess a modified Arrhenius could be a name too.  Whatever, the correct label is
"Kooij", or, << à la limite >> "ModifiedArrhenius".  Please use those terms instead,
thanks and a good day to you, user.
In reaction 0001
An equation of the form "A * (T/Tref)^beta * exp(-Ea/(R*T))" is a Kooij equation,
I guess a modified Arrhenius could be a name too.  Whatever, the correct label is
"Kooij", or, << à la limite >> "ModifiedArrhenius".  Please use those terms instead,
thanks and a good day to you, user.
In reaction 0001
An equation of the form "A * (T/Tref)^beta * exp(-Ea/(R*T))" is a Kooij equation,
I guess a modified Arrhenius could be a name too.  Whatever, the correct label is
"Kooij", or, << à la limite >> "ModifiedArrhenius".  Please use those terms instead,
thanks and a good day to you, user.
0001
An equation of the form "A * (T/Tref)^beta * exp(-Ea/(R*T))" is a Kooij equation,
I guess a modified Arrhenius could be a name too.  Whatever, the correct label is
"Kooij", or, << à la limite >> "ModifiedArrhenius".  Please use those terms instead,
thanks and a good day to you, user.

*** Warning, The parameter A is not given a unit
default unit given is m3/kmol/s
/ubfs/mae/pbauman/shared/software/libs/antioch/0.2.0/gcc/4.8.3/include/antioch/read_reaction_set_data_xml.h, line 452

*** Warning, The parameter A is not given a unit
default unit given is m3/kmol/s
/ubfs/mae/pbauman/shared/software/libs/antioch/0.2.0/gcc/4.8.3/include/antioch/read_reaction_set_data_xml.h, line 452

*** Warning, The parameter A is not given a unit
default unit given is m3/kmol/s
/ubfs/mae/pbauman/shared/software/libs/antioch/0.2.0/gcc/4.8.3/include/antioch/read_reaction_set_data_xml.h, line 452

*** Warning, The parameter A is not given a unit
default unit given is m3/kmol/s
/ubfs/mae/pbauman/shared/software/libs/antioch/0.2.0/gcc/4.8.3/include/antioch/read_reaction_set_data_xml.h
*** Warning, The parameter A is not given a unit
default unit given is m3/kmol/s
/ubfs/mae/pbauman/shared/software/libs/antioch/0.2.0/gcc/4.8.3/include/antioch/read_reaction_set_data_xml.h, line 452
, line 452

*** Warning, The parameter A is not given a unit
default unit given is m3/kmol/s
/ubfs/mae/pbauman/shared/software/libs/antioch/0.2.0/gcc/4.8.3/include/antioch/read_reaction_set_data_xml.h, line 452

*** Warning, The parameter A is not given a unit
default unit given is m3/kmol/s
/ubfs/mae/pbauman/shared/software/libs/antioch/0.2.0/gcc/4.8.3/include/antioch/read_reaction_set_data_xml.h, line 452

*** Warning, The parameter A is not given a unit
default unit given is m3/kmol/s
/ubfs/mae/pbauman/shared/software/libs/antioch/0.2.0/gcc/4.8.3/include/antioch/read_reaction_set_data_xml.h, line 452

*** Warning, The parameter A is not given a unit
default unit given is m3/kmol/s
/ubfs/mae/pbauman/shared/software/libs/antioch/0.2.0/gcc/4.8.3/include/antioch/read_reaction_set_data_xml.h, line 452

*** Warning, The parameter A is not given a unit
default unit given is m3/kmol/s
/ubfs/mae/pbauman/shared/software/libs/antioch/0.2.0/gcc/4.8.3/include/antioch/read_reaction_set_data_xml.h, line 452

*** Warning, The parameter A is not given a unit
default unit given is m3/kmol/s
/ubfs/mae/pbauman/shared/software/libs/antioch/0.2.0/gcc/4.8.3/include/antioch/read_reaction_set_data_xml.h, line 452

*** Warning, The parameter A is not given a unit
default unit given is m3/kmol/s
/ubfs/mae/pbauman/shared/software/libs/antioch/0.2.0/gcc/4.8.3/include/antioch/read_reaction_set_data_xml.h, line 452

*** Warning, The parameter Tref is not provided
default parameter is 1 K
/ubfs/mae/pbauman/shared/software/libs/antioch/0.2.0/gcc/4.8.3/include/antioch/read_reaction_set_data_xml.h, line 560

*** Warning, The parameter Tref is not provided
default parameter is 1 K
/ubfs/mae/pbauman/shared/software/libs/antioch/0.2.0/gcc/4.8.3/include/antioch/read_reaction_set_data_xml.h, line 560

*** Warning, The parameter Tref is not provided
default parameter is 1 K
/ubfs/mae/pbauman/shared/software/libs/antioch/0.2.0/gcc/4.8.3/include/antioch/read_reaction_set_data_xml.h, line 560

*** Warning, The parameter Tref is not provided
default parameter is 1 K
/ubfs/mae/pbauman/shared/software/libs/antioch/0.2.0/gcc/4.8.3/include/antioch/read_reaction_set_data_xml.h, line 
*** Warning, The parameter Tref is not provided
default parameter is 1 K
/ubfs/mae/pbauman/shared/software/libs/antioch/0.2.0/gcc/4.8.3/include/antioch/read_reaction_set_data_xml.h, line 560
560

*** Warning, The parameter Tref is not provided

*** Warning, The parameter Tref is not provided
default parameter is 1 K
/ubfs/mae/pbauman/shared/software/libs/antioch/0.2.0/gcc/4.8.3/include/antioch/read_reaction_set_data_xml.h, line 560

*** Warning, The parameter Tref is not provided
default parameter is 1 K
/ubfs/mae/pbauman/shared/software/libs/antioch/0.2.0/gcc/4.8.3/include/antioch/read_reaction_set_data_xml.h, line 560

*** Warning, The parameter Tref is not provided
default parameter is 1 K
/ubfs/mae/pbauman/shared/software/libs/antioch/0.2.0/gcc/4.8.3/include/antioch/read_reaction_set_data_xml.h, line 560

*** Warning, The parameter Tref is not provided
default parameter is 1 K
/ubfs/mae/pbauman/shared/software/libs/antioch/0.2.0/gcc/4.8.3/include/antioch/read_reaction_set_data_xml.h, line 560
default parameter is 1 K
/ubfs/mae/pbauman/shared/software/libs/antioch/0.2.0/gcc/4.8.3/include/antioch/read_reaction_set_data_xml.h, line 560

*** Warning, The parameter Tref is not provided
default parameter is 1 K
/ubfs/mae/pbauman/shared/software/libs/antioch/0.2.0/gcc/4.8.3/include/antioch/read_reaction_set_data_xml.h, line 560

*** Warning, The parameter Tref is not provided
default parameter is 1 K
/ubfs/mae/pbauman/shared/software/libs/antioch/0.2.0/gcc/4.8.3/include/antioch/read_reaction_set_data_xml.h, line 560

*** Warning, The parameter A is not given a unit
default unit given is m3/kmol/s
/ubfs/mae/pbauman/shared/software/libs/antioch/0.2.0/gcc/4.8.3/include/antioch/read_reaction_set_data_xml.h, line 452
In reaction 0007
An equation of the form "A * exp(-Ea/(R*T))" is an Arrhenius equation,
and most certainly not a Kooij one
it has been corrected, but please, change that in your file.
Thanks and a good day to you, user.

*** Warning, The parameter A is not given a unit
default unit given is m3/kmol/s
/ubfs/mae/pbauman/shared/software/libs/antioch/0.2.0/gcc/4.8.3/include/antioch/read_reaction_set_data_xml.h, line 452
In reaction 0007
An equation of the form "A * exp(-Ea/(R*T))" is an Arrhenius equation,
and most certainly not a Kooij one
it has been corrected, but please, change that in your file.
Thanks and a good day to you, user.

*** Warning, The parameter A is not given a unit
default unit given is m3/kmol/s
/ubfs/mae/pbauman/shared/software/libs/antioch/0.2.0/gcc/4.8.3/include/antioch/read_reaction_set_data_xml.h, line 452
In reaction 0007
An equation of the form "A * exp(-Ea/(R*T))" is an Arrhenius equation,
and most certainly not a Kooij one
it has been corrected, but please, change that in your file.
Thanks and a good day to you, user.

*** Warning, The parameter A is not given a unit
default unit given is m3/kmol/s
/ubfs/mae/pbauman/shared/software/libs/antioch/0.2.0/gcc/4.8.3/include/antioch/read_reaction_set_data_xml.h, line 452

*** Warning, The parameter A is not given a unit
default unit given is m3/kmol/s
/ubfs/mae/pbauman/shared/software/libs/antioch/0.2.0/gcc/4.8.3/include/antioch/read_reaction_set_data_xml.h, line 452
In reaction 0007
An equation of the form "A * exp(-Ea/(R*T))" is an Arrhenius equation,
and most certainly not a Kooij one
it has been corrected, but please, change that in your file.
Thanks and a good day to you, user.
In reaction 0007
An equation of the form "A * exp(-Ea/(R*T))" is an Arrhenius equation,
and most certainly not a Kooij one
it has been corrected, but please, change that in your file.
Thanks and a good day to you, user.

*** Warning, The parameter A is not given a unit
default unit given is m3/kmol/s
/ubfs/mae/pbauman/shared/software/libs/antioch/0.2.0/gcc/4.8.3/include/antioch/read_reaction_set_data_xml.h, line 452

*** Warning, The parameter A is not given a unit
default unit given is m3/kmol/s
/ubfs/mae/pbauman/shared/software/libs/antioch/0.2.0/gcc/4.8.3/include/antioch/read_reaction_set_data_xml.h, line 452
In reaction 0007
An equation of the form "A * exp(-Ea/(R*T))" is an Arrhenius equation,
and most certainly not a Kooij one
it has been corrected, but please, change that in your file.
Thanks and a good day to you, user.

*** Warning, The parameter A is not given a unit
default unit given is m3/kmol/s
/ubfs/mae/pbauman/shared/software/libs/antioch/0.2.0/gcc/4.8.3/include/antioch/read_reaction_set_data_xml.h, line 452
In reaction 0007
An equation of the form "A * exp(-Ea/(R*T))" is an Arrhenius equation,
and most certainly not a Kooij one
it has been corrected, but please, change that in your file.
Thanks and a good day to you, user.
In reaction 0007
An equation of the form "A * exp(-Ea/(R*T))" is an Arrhenius equation,
and most certainly not a Kooij one
it has been corrected, but please, change that in your file.
Thanks and a good day to you, user.

*** Warning, The parameter A is not given a unit
default unit given is m3/kmol/s
/ubfs/mae/pbauman/shared/software/libs/antioch/0.2.0/gcc/4.8.3/include/antioch/read_reaction_set_data_xml.h, line 452
In reaction 0007
An equation of the form "A * exp(-Ea/(R*T))" is an Arrhenius equation,
and most certainly not a Kooij one
it has been corrected, but please, change that in your file.
Thanks and a good day to you, user.

*** Warning, The parameter A is not given a unit
default unit given is m3/kmol/s
/ubfs/mae/pbauman/shared/software/libs/antioch/0.2.0/gcc/4.8.3/include/antioch/read_reaction_set_data_xml.h, line 452
In reaction 0007
An equation of the form "A * exp(-Ea/(R*T))" is an Arrhenius equation,
and most certainly not a Kooij one
it has been corrected, but please, change that in your file.
Thanks and a good day to you, user.

*** Warning, The parameter A is not given a unit
default unit given is m3/kmol/s
/ubfs/mae/pbauman/shared/software/libs/antioch/0.2.0/gcc/4.8.3/include/antioch/read_reaction_set_data_xml.h, line 452
In reaction 0007
An equation of the form "A * exp(-Ea/(R*T))" is an Arrhenius equation,
and most certainly not a Kooij one
it has been corrected, but please, change that in your file.
Thanks and a good day to you, user.

*** Warning, The parameter A is not given a unit
default unit given is m3/kmol/s
/ubfs/mae/pbauman/shared/software/libs/antioch/0.2.0/gcc/4.8.3/include/antioch/read_reaction_set_data_xml.h, line 452
In reaction 0007
An equation of the form "A * exp(-Ea/(R*T))" is an Arrhenius equation,
and most certainly not a Kooij one
it has been corrected, but please, change that in your file.
Thanks and a good day to you, user.
==========================================================
List of Enabled Physics:
ReactingLowMachNavierStokes
==========================================================
==========================================================
List of Enabled QoIs:
MassLossCatalytic
AverageNMoleFraction
==========================================================
 ====== Restarting from restart.xdr
 Mesh Information:
  mesh_dimension()=2
  spatial_dimension()=3
  n_nodes()=11439
    n_local_nodes()=1020
  n_elem()=3366
    n_local_elem()=281
    n_active_elem()=2574
  n_subdomains()=1
  n_partitions()=12
  n_processors()=12
  n_threads()=1
  processor_id()=0

 EquationSystems
  n_systems()=2
   System #0, "Nitridation"
    Type "Implicit"
    Variables={ "w_N2" "w_N" "w_C" "w_CN" "u" "v" } "p" "T" 
    Finite Element Types="LAGRANGE", "JACOBI_20_00" "LAGRANGE", "JACOBI_20_00" "LAGRANGE", "JACOBI_20_00" 
    Infinite Element Mapping="CARTESIAN" "CARTESIAN" "CARTESIAN" 
    Approximation Orders="SECOND", "THIRD" "FIRST", "THIRD" "SECOND", "THIRD" 
    n_dofs()=83219
    n_local_dofs()=7438
    n_constrained_dofs()=13403
    n_local_constrained_dofs()=1480
    n_vectors()=1
    n_matrices()=1
    DofMap Sparsity
      Average  On-Processor Bandwidth <= 119.3
      Average Off-Processor Bandwidth <= 4.97824
      Maximum  On-Processor Bandwidth <= 384
      Maximum Off-Processor Bandwidth <= 235
    DofMap Constraints
      Number of DoF Constraints = 13403
      Number of Heterogenous Constraints= 952
      Average DoF Constraint Length= 2.47273
      Number of Node Constraints = 3075
      Maximum Node Constraint Length= 9
      Average Node Constraint Length= 3.48455
   System #1, "interior_output"
    Type "Basic"
    Variables={ "rho" "X_N2" "X_N" "X_C" "X_CN" "mu" "k" } 
    Finite Element Types="LAGRANGE", "JACOBI_20_00" 
    Infinite Element Mapping="CARTESIAN" 
    Approximation Orders="FIRST", "THIRD" 
    n_dofs()=22022
    n_local_dofs()=2086
    n_constrained_dofs()=5348
    n_local_constrained_dofs()=658
    n_vectors()=0
    n_matrices()=0
    DofMap Sparsity
      Average  On-Processor Bandwidth <= 0
      Average Off-Processor Bandwidth <= 0
      Maximum  On-Processor Bandwidth <= 0
      Maximum Off-Processor Bandwidth <= 0
    DofMap Constraints
      Number of DoF Constraints = 5348
      Average DoF Constraint Length= 2
      Number of Node Constraints = 3075
      Maximum Node Constraint Length= 9
      Average Node Constraint Length= 3.48455

Assembling the System
*** Warning, This code is deprecated, and likely to be removed in future library versions! /ubfs/mae/pbauman/shared/software/libs/libmesh/master/gcc-4.8.3/mpich-3.1.2/petsc-3.5.1/vtk-6.1.0/boost-1.56.0/tbb-4.2.5/openblas-0.2.10/include/libmesh/libmesh_common.h, line 488, compiled Sep  5 2014 at 08:17:40 ***
Nonlinear Residual: 0.00381919
Linear solve starting, tolerance 0.001
Linear solve finished, step 1, residual 0
Trying full Newton step
  Current Residual: 8.68848e-06
  Nonlinear step: |du|/|u| = 0.00124071, |du| = 122.284
Assembling the System
Nonlinear Residual: 8.68848e-06
Linear solve starting, tolerance 0.001
Linear solve finished, step 1, residual 0
Trying full Newton step
  Current Residual: 1.10503e-09
  Nonlinear step: |du|/|u| = 1.99941e-05, |du| = 1.97061
Assembling the System
Nonlinear Residual: 1.10503e-09
Linear solve starting, tolerance 0.001
Linear solve finished, step 1, residual 0
Trying full Newton step
  Current Residual: 2.01933e-13
  Nonlinear solver converged, step 2, residual reduction 5.28732e-11 < 1e-10
  Nonlinear solver converged, step 2, relative step size 2.82608e-09 < 1e-06
==========================================================
MassLossCatalytic = -5.5805863445750317e-08
==========================================================
==========================================================
AverageNMoleFraction = 7.2845223610069811e-04
==========================================================

 ------------------------------------------------------------------------------------------------------------------------------------------------------------------------------
| Processor id:   0                                                                                                                                                            |
| Num Processors: 12                                                                                                                                                           |
| Time:           Wed Sep 10 11:03:42 2014                                                                                                                                     |
| OS:             Linux                                                                                                                                                        |
| HostName:       fry.eng.buffalo.edu                                                                                                                                          |
| OS Release:     2.6.32-431.23.3.el6.x86_64                                                                                                                                   |
| OS Version:     #1 SMP Wed Jul 16 06:12:23 EDT 2014                                                                                                                          |
| Machine:        x86_64                                                                                                                                                       |
| Username:       pbauman                                                                                                                                                      |
| Configuration:  ../libmesh_src/configure  '--prefix=/ubfs/mae/pbauman/shared/software/libs/libmesh/master/gcc-4.8.3/mpich-3.1.2/petsc-3.5.1/vtk-6.1.0/boost-1.56.0/tbb-4.2.5/openblas-0.2.10'|
|  '--enable-everything'                                                                                                                                                       |
|  '--with-metis=PETSc'                                                                                                                                                        |
|  '--with-boost=/ubfs/mae/pbauman/shared/software/libs/boost/1.56.0/gcc/4.8.3'                                                                                                |
|  '--with-mpi=/ubfs/mae/pbauman/shared/software/libs/mpich/3.1.2/gcc/4.8.3'                                                                                                   |
|  '--with-tbb=/ubfs/mae/pbauman/shared/software/libs/tbb/4.2.5/gcc/4.8.3/linux_intel64_gcc_cc4.8.3_libc2.12_kernel2.6.32_release'                                             |
|  '--with-vtk=/ubfs/mae/pbauman/shared/software/libs/vtk/6.1.0/gcc/4.8.3'                                                                                                     |
|  'CXX=g++'                                                                                                                                                                   |
|  'CC=gcc'                                                                                                                                                                    |
|  'FC=gfortran'                                                                                                                                                               |
|  'F77=gfortran'                                                                                                                                                              |
|  'PETSC_DIR=/ubfs/mae/pbauman/shared/software/libs/petsc/petsc-3.5.1/'                                                                                                       |
|  'PETSC_ARCH=gcc-4.8.3-mpich-3.1.2-openblas-0.2.10-cxx-opt'                                                                                                                  |
|  'VTK_DIR=/ubfs/mae/pbauman/shared/software/libs/vtk/6.1.0/gcc/4.8.3'                                                                                                        |
|  'HDF5_DIR=/ubfs/mae/pbauman/shared/software/libs/hdf5/1.8.13/gcc/4.8.3'                                                                                                     |
 ------------------------------------------------------------------------------------------------------------------------------------------------------------------------------
 -----------------------------------------------------------------------------------------------------------------
| libMesh Performance: Alive time=20.5837, Active time=17.1967                                                    |
 -----------------------------------------------------------------------------------------------------------------
| Event                              nCalls     Total Time  Avg Time    Total Time  Avg Time    % of Active Time  |
|                                               w/o Sub     w/o Sub     With Sub    With Sub    w/o S    With S   |
|-----------------------------------------------------------------------------------------------------------------|
|                                                                                                                 |
|                                                                                                                 |
| DofMap                                                                                                          |
|   add_neighbors_to_send_list()     4          0.0039      0.000984    0.0078      0.001960    0.02     0.05     |
|   build_constraint_matrix()        1314       0.0337      0.000026    0.0337      0.000026    0.20     0.20     |
|   build_sparsity()                 2          0.0563      0.028159    0.0630      0.031492    0.33     0.37     |
|   cnstrn_elem_mat_vec()            657        0.0619      0.000094    0.0619      0.000094    0.36     0.36     |
|   constrain_elem_vector()          657        0.0059      0.000009    0.0059      0.000009    0.03     0.03     |
|   create_dof_constraints()         4          1.8984      0.474612    6.2683      1.567066    11.04    36.45    |
|   distribute_dofs()                4          0.0121      0.003034    0.0571      0.014272    0.07     0.33     |
|   dof_indices()                    202152     1.1237      0.000006    1.1237      0.000006    6.53     6.53     |
|   enforce_constraints_exactly()    7          0.0387      0.005524    0.0387      0.005524    0.22     0.22     |
|   old_dof_indices()                3723       0.0244      0.000007    0.0244      0.000007    0.14     0.14     |
|   prepare_send_list()              4          0.0007      0.000182    0.0007      0.000182    0.00     0.00     |
|   reinit()                         4          0.0257      0.006435    0.0257      0.006435    0.15     0.15     |
|                                                                                                                 |
| EquationSystems                                                                                                 |
|   read()                           1          0.0171      0.017097    0.0931      0.093055    0.10     0.54     |
|   update()                         1          0.0003      0.000251    0.0003      0.000251    0.00     0.00     |
|                                                                                                                 |
| FE                                                                                                              |
|   compute_shape_functions()        5064       0.0256      0.000005    0.0256      0.000005    0.15     0.15     |
|   init_shape_functions()           2448       0.0124      0.000005    0.0124      0.000005    0.07     0.07     |
|   inverse_map()                    59260      0.3970      0.000007    0.3970      0.000007    2.31     2.31     |
|                                                                                                                 |
| FEMSystem                                                                                                       |
|   assemble_qoi()                   1          0.0149      0.014928    0.0601      0.060111    0.09     0.35     |
|   assembly()                       3          0.2554      0.085149    9.4381      3.146046    1.49     54.88    |
|   assembly(get_residual)           3          0.1310      0.043664    0.2825      0.094179    0.76     1.64     |
|   numerical_elem_jacobian()        657        9.0451      0.013767    9.0451      0.013767    52.60    52.60    |
|   numerical_side_jacobian()        81         0.0260      0.000320    0.0260      0.000320    0.15     0.15     |
|                                                                                                                 |
| FEMap                                                                                                           |
|   compute_affine_map()             5064       0.0216      0.000004    0.0216      0.000004    0.13     0.13     |
|   compute_face_map()               2436       0.0466      0.000019    0.1503      0.000062    0.27     0.87     |
|   init_face_shape_functions()      2072       0.0103      0.000005    0.0103      0.000005    0.06     0.06     |
|   init_reference_to_physical_map() 2448       0.0201      0.000008    0.0201      0.000008    0.12     0.12     |
|                                                                                                                 |
| LocationMap                                                                                                     |
|   init()                           1          0.0017      0.001720    0.0017      0.001720    0.01     0.01     |
|                                                                                                                 |
| Mesh                                                                                                            |
|   contract()                       1          0.0001      0.000087    0.0003      0.000309    0.00     0.00     |
|   find_neighbors()                 1          0.0051      0.005089    0.0059      0.005871    0.03     0.03     |
|   renumber_nodes_and_elem()        3          0.0007      0.000245    0.0007      0.000245    0.00     0.00     |
|                                                                                                                 |
| MeshCommunication                                                                                               |
|   assign_global_indices()          1          0.0648      0.064764    0.0706      0.070554    0.38     0.41     |
|   compute_hilbert_indices()        1          0.0053      0.005297    0.0053      0.005297    0.03     0.03     |
|   find_global_indices()            1          0.0006      0.000613    0.0093      0.009285    0.00     0.05     |
|   parallel_sort()                  1          0.0007      0.000715    0.0008      0.000800    0.00     0.00     |
|                                                                                                                 |
| MeshRefinement                                                                                                  |
|   _coarsen_elements()              1          0.0001      0.000065    0.0001      0.000092    0.00     0.00     |
|   _refine_elements()               1          0.0004      0.000367    0.0004      0.000382    0.00     0.00     |
|   make_coarsening_compatible()     1          0.0015      0.001463    0.0015      0.001463    0.01     0.01     |
|   make_flags_parallel_consistent() 2          0.0015      0.000750    0.0114      0.005714    0.01     0.07     |
|   make_refinement_compatible()     1          0.0000      0.000015    0.0000      0.000029    0.00     0.00     |
|                                                                                                                 |
| MetisPartitioner                                                                                                |
|   partition()                      1          0.0079      0.007877    0.0173      0.017279    0.05     0.10     |
|                                                                                                                 |
| NewtonSolver                                                                                                    |
|   solve()                          1          0.0067      0.006651    13.4287     13.428731   0.04     78.09    |
|                                                                                                                 |
| Parallel                                                                                                        |
|   allgather()                      21         0.0021      0.000100    0.0022      0.000104    0.01     0.01     |
|   broadcast()                      217        0.0034      0.000016    0.0034      0.000016    0.02     0.02     |
|   max(bool)                        5          0.0001      0.000018    0.0001      0.000018    0.00     0.00     |
|   max(scalar)                      11         0.0107      0.000975    0.0107      0.000975    0.06     0.06     |
|   max(vector)                      2          0.0000      0.000016    0.0000      0.000016    0.00     0.00     |
|   min(bool)                        4          0.0001      0.000026    0.0001      0.000026    0.00     0.00     |
|   min(vector)                      2          0.0003      0.000150    0.0003      0.000150    0.00     0.00     |
|   probe()                          562        0.0070      0.000012    0.0070      0.000012    0.04     0.04     |
|   receive()                        496        0.0057      0.000011    0.0167      0.000034    0.03     0.10     |
|   send()                           496        0.0035      0.000007    0.0035      0.000007    0.02     0.02     |
|   send_receive()                   424        0.0081      0.000019    0.0411      0.000097    0.05     0.24     |
|   sum()                            42         0.0026      0.000062    0.0026      0.000062    0.02     0.02     |
|                                                                                                                 |
| Parallel::Request                                                                                               |
|   wait()                           496        0.0021      0.000004    0.0021      0.000004    0.01     0.01     |
|                                                                                                                 |
| Partitioner                                                                                                     |
|   set_node_processor_ids()         2          0.0024      0.001190    0.0074      0.003722    0.01     0.04     |
|   set_parent_processor_ids()       1          0.0003      0.000270    0.0003      0.000270    0.00     0.00     |
|                                                                                                                 |
| PetscLinearSolver                                                                                               |
|   solve()                          3          3.6708      1.223584    3.6708      1.223584    21.35    21.35    |
|                                                                                                                 |
| ProjectVector                                                                                                   |
|   operator()                       2          0.0404      0.020177    0.1589      0.079430    0.23     0.92     |
|                                                                                                                 |
| System                                                                                                          |
|   project_vector()                 2          0.0065      0.003274    0.1815      0.090749    0.04     1.06     |
|                                                                                                                 |
| XdrIO                                                                                                           |
|   read()                           1          0.0248      0.024806    0.0265      0.026511    0.14     0.15     |
 -----------------------------------------------------------------------------------------------------------------
| Totals:                            290878     17.1967                                         100.00            |
 -----------------------------------------------------------------------------------------------------------------

