In reaction 0001
An equation of the form "A * (T/Tref)^beta * exp(-Ea/(R*T))" is a Kooij equation,
I guess a modified Arrhenius could be a name too.  Whatever, the correct label is
"Kooij", or, << à la limite >> "ModifiedArrhenius".  Please use those terms instead,
thanks and a good day to you, user.
In reaction 0001
An equation of the form "A * (T/Tref)^beta * exp(-Ea/(R*T))" is a Kooij equation,
I guess a modified Arrhenius could be a name too.  Whatever, the correct label is
"Kooij", or, << à la limite >> "ModifiedArrhenius".  Please use those terms instead,
thanks and a good day to you, user.
In reaction 0001
An equation of the form "A * (T/Tref)^beta * exp(-Ea/(R*T))" is a Kooij equation,
I guess a modified Arrhenius could be a name too.  Whatever, the correct label is
"Kooij", or, << à la limite >> "ModifiedArrhenius".  Please use those terms instead,
thanks and a good day to you, user.
In reaction 0001
An equation of the form "A * (T/Tref)^beta * exp(-Ea/(R*T))" is a Kooij equation,
I guess a modified Arrhenius could be a name too.  Whatever, the correct label is
"Kooij", or, << à la limite >> "ModifiedArrhenius".  Please use those terms instead,
thanks and a good day to you, user.
In reaction 0001
An equation of the form "A * (T/Tref)^beta * exp(-Ea/(R*T))" is a Kooij equation,
I guess a modified Arrhenius could be a name too.  Whatever, the correct label is
"Kooij", or, << à la limite >> "ModifiedArrhenius".  Please use those terms instead,
thanks and a good day to you, user.
In reaction 0001
An equation of the form "A * (T/Tref)^beta * exp(-Ea/(R*T))" is a Kooij equation,
I guess a modified Arrhenius could be a name too.  Whatever, the correct label is
"Kooij", or, << à la limite >> "ModifiedArrhenius".  Please use those terms instead,
thanks and a good day to you, user.
In reaction 0001
An equation of the form "A * (T/Tref)^beta * exp(-Ea/(R*T))" is a Kooij equation,
I guess a modified Arrhenius could be a name too.  Whatever, the correct label is
"Kooij", or, << à la limite >> "ModifiedArrhenius".  Please use those terms instead,
thanks and a good day to you, user.
In reaction 0001
An equation of the form "A * (T/Tref)^beta * exp(-Ea/(R*T))" is a Kooij equation,
I guess a modified Arrhenius could be a name too.  Whatever, the correct label is
"Kooij", or, << à la limite >> "ModifiedArrhenius".  Please use those terms instead,
thanks and a good day to you, user.
In reaction 0001
An equation of the form "A * (T/Tref)^beta * exp(-Ea/(R*T))" is a Kooij equation,
I guess a modified Arrhenius could be a name too.  Whatever, the correct label is
"Kooij", or, << à la limite >> "ModifiedArrhenius".  Please use those terms instead,
thanks and a good day to you, user.
In reaction 0001
An equation of the form "A * (T/Tref)^beta * exp(-Ea/(R*T))" is a Kooij equation,
I guess a modified Arrhenius could be a name too.  Whatever, the correct label is
"Kooij", or, << à la limite >> "ModifiedArrhenius".  Please use those terms instead,
thanks and a good day to you, user.
In reaction 0001
An equation of the form "A * (T/Tref)^beta * exp(-Ea/(R*T))" is a Kooij equation,
I guess a modified Arrhenius could be a name too.  Whatever, the correct label is
"Kooij", or, << à la limite >> "ModifiedArrhenius".  Please use those terms instead,
thanks and a good day to you, user.

*** Warning, The parameter 
*** Warning, The parameter A is not given a unit
default unit given is m3/kmol/s
/ubfs/mae/pbauman/shared/software/libs/antioch/0.2.0/gcc/4.8.3/include/antioch/read_reaction_set_data_xml.h, line 452

*** Warning, The parameter A is not given a unit
default unit given is m3/kmol/s
/ubfs/mae/pbauman/shared/software/libs/antioch/0.2.0/gcc/4.8.3/include/antioch/read_reaction_set_data_xml.h, line 452

*** Warning, The parameter A is not given a unit
default unit given is m3/kmol/s
/ubfs/mae/pbauman/shared/software/libs/antioch/0.2.0/gcc/4.8.3/include/antioch/read_reaction_set_data_xml.h, line 452

*** Warning, The parameter A is not given a unit
default unit given is m3/kmol/s
/ubfs/mae/pbauman/shared/software/libs/antioch/0.2.0/gcc/4.8.3/include/antioch/read_reaction_set_data_xml.h, line 452

*** Warning, The parameter A is not given a unit
default unit given is m3/kmol/s
/ubfs/mae/pbauman/shared/software/libs/antioch/0.2.0/gcc/4.8.3/include/antioch/read_reaction_set_data_xml.h, line 452

*** Warning, The parameter A is not given a unit
default unit given is m3/kmol/s
/ubfs/mae/pbauman/shared/software/libs/antioch/0.2.0/gcc/4.8.3/include/antioch/read_reaction_set_data_xml.h, line 452

*** Warning, The parameter A is not given a unit
default unit given is m3/kmol/s
/ubfs/mae/pbauman/shared/software/libs/antioch/0.2.0/gcc/4.8.3/include/antioch/read_reaction_set_data_xml.h, line 452

*** Warning, The parameter A is not given a unit
default unit given is m3/kmol/s
/ubfs/mae/pbauman/shared/software/libs/antioch/0.2.0/gcc/4.8.3/include/antioch/read_reaction_set_data_xml.h, line 452

*** Warning, The parameter A is not given a unit
default unit given is m3/kmol/s
/ubfs/mae/pbauman/shared/software/libs/antioch/0.2.0/gcc/4.8.3/include/antioch/read_reaction_set_data_xml.h, line 452

*** Warning, The parameter A is not given a unit
default unit given is m3/kmol/s
/ubfs/mae/pbauman/shared/software/libs/antioch/0.2.0/gcc/4.8.3/include/antioch/read_reaction_set_data_xml.h, line 452
A is not given a unit
default unit given is m3/kmol/s
/ubfs/mae/pbauman/shared/software/libs/antioch/0.2.0/gcc/4.8.3/include/antioch/read_reaction_set_data_xml.h, line 452

*** Warning, The parameter Tref is not provided
default parameter is 1 K
/ubfs/mae/pbauman/shared/software/libs/antioch/0.2.0/gcc/4.8.3/include/antioch/read_reaction_set_data_xml.h, line 560

*** Warning, The parameter 
*** Warning, The parameter Tref is not provided
default parameter is 1 K
/ubfs/mae/pbauman/shared/software/libs/antioch/0.2.0/gcc/4.8.3/include/antioch/read_reaction_set_data_xml.h, line 560

*** Warning, The parameter Tref is not provided
default parameter is 1 K
/ubfs/mae/pbauman/shared/software/libs/antioch/0.2.0/gcc/4.8.3/include/antioch/read_reaction_set_data_xml.h, line 560

*** Warning, The parameter Tref is not provided
default parameter is 1 K
/ubfs/mae/pbauman/shared/software/libs/antioch/0.2.0/gcc/4.8.3/include/antioch/read_reaction_set_data_xml.h, line 560

*** Warning, The parameter Tref is not provided
default parameter is 1 K
/ubfs/mae/pbauman/shared/software/libs/antioch/0.2.0/gcc/4.8.3/include/antioch/read_reaction_set_data_xml.h, line 560

*** Warning, The parameter Tref is not provided
default parameter is 1 K
/ubfs/mae/pbauman/shared/software/libs/antioch/0.2.0/gcc/4.8.3/include/antioch/read_reaction_set_data_xml.h, line 560

*** Warning, The parameter Tref is not provided
default parameter is 1 K
/ubfs/mae/pbauman/shared/software/libs/antioch/0.2.0/gcc/4.8.3/include/antioch/read_reaction_set_data_xml.h, line 560

*** Warning, The parameter Tref is not provided
default parameter is 1 K
/ubfs/mae/pbauman/shared/software/libs/antioch/0.2.0/gcc/4.8.3/include/antioch/read_reaction_set_data_xml.h, line 560
Tref is not provided
default parameter is 1 K
/ubfs/mae/pbauman/shared/software/libs/antioch/0.2.0/gcc/4.8.3/include/antioch/read_reaction_set_data_xml.h, line 560

*** Warning, The parameter Tref is not provided
default parameter is 1 K
/ubfs/mae/pbauman/shared/software/libs/antioch/0.2.0/gcc/4.8.3/include/antioch/read_reaction_set_data_xml.h, line 560

*** Warning, The parameter Tref is not provided
default parameter is 1 K
/ubfs/mae/pbauman/shared/software/libs/antioch/0.2.0/gcc/4.8.3/include/antioch/read_reaction_set_data_xml.h, line 560

*** Warning, The parameter A is not given a unit
default unit given is m3/kmol/s
/ubfs/mae/pbauman/shared/software/libs/antioch/0.2.0/gcc/4.8.3/include/antioch/read_reaction_set_data_xml.h, line 452
In reaction 0007
An equation of the form "A * exp(-Ea/(R*T))" is an Arrhenius equation,
and most certainly not a Kooij one
it has been corrected, but please, change that in your file.
Thanks and a good day to you, user.

*** Warning, The parameter A is not given a unit
default unit given is m3/kmol/s
/ubfs/mae/pbauman/shared/software/libs/antioch/0.2.0/gcc/4.8.3/include/antioch/read_reaction_set_data_xml.h, line 452
In reaction 0007
An equation of the form "A * exp(-Ea/(R*T))" is an Arrhenius equation,
and most certainly not a Kooij one
it has been corrected, but please, change that in your file.
Thanks and a good day to you, user.

*** Warning, The parameter A is not given a unit
default unit given is m3/kmol/s
/ubfs/mae/pbauman/shared/software/libs/antioch/0.2.0/gcc/4.8.3/include/antioch/read_reaction_set_data_xml.h, line 452
In reaction 0007
An equation of the form "A * exp(-Ea/(R*T))" is an Arrhenius equation,
and most certainly not a Kooij one
it has been corrected, but please, change that in your file.
Thanks and a good day to you, user.

*** Warning, The parameter 
*** Warning, The parameter A is not given a unit
default unit given is m3/kmol/s
/ubfs/mae/pbauman/shared/software/libs/antioch/0.2.0/gcc/4.8.3/include/antioch/read_reaction_set_data_xml.h, line 452
In reaction 0007
An equation of the form "A * exp(-Ea/(R*T))" is an Arrhenius equation,
and most certainly not a Kooij one
it has been corrected, but please, change that in your file.
Thanks and a good day to you, user.

*** Warning, The parameter A is not given a unit
default unit given is m3/kmol/s
/ubfs/mae/pbauman/shared/software/libs/antioch/0.2.0/gcc/4.8.3/include/antioch/read_reaction_set_data_xml.h, line 452
In reaction 0007
An equation of the form "A * exp(-Ea/(R*T))" is an Arrhenius equation,
and most certainly not a Kooij one
it has been corrected, but please, change that in your file.
Thanks and a good day to you, user.

*** Warning, The parameter A is not given a unit
default unit given is m3/kmol/s
/ubfs/mae/pbauman/shared/software/libs/antioch/0.2.0/gcc/4.8.3/include/antioch/read_reaction_set_data_xml.h, line 452
In reaction 0007
An equation of the form "A * exp(-Ea/(R*T))" is an Arrhenius equation,
and most certainly not a Kooij one
it has been corrected, but please, change that in your file.
Thanks and a good day to you, user.

*** Warning, The parameter A is not given a unit
default unit given is m3/kmol/s
/ubfs/mae/pbauman/shared/software/libs/antioch/0.2.0/gcc/4.8.3/include/antioch/read_reaction_set_data_xml.h, line 452
In reaction 0007
An equation of the form "A * exp(-Ea/(R*T))" is an Arrhenius equation,
and most certainly not a Kooij one
it has been corrected, but please, change that in your file.
Thanks and a good day to you, user.

*** Warning, The parameter A is not given a unit
default unit given is m3/kmol/s
/ubfs/mae/pbauman/shared/software/libs/antioch/0.2.0/gcc/4.8.3/include/antioch/read_reaction_set_data_xml.h, line 452
In reaction 0007
An equation of the form "A * exp(-Ea/(R*T))" is an Arrhenius equation,
and most certainly not a Kooij one
it has been corrected, but please, change that in your file.
Thanks and a good day to you, user.
A is not given a unit
default unit given is m3/kmol/s
/ubfs/mae/pbauman/shared/software/libs/antioch/0.2.0/gcc/4.8.3/include/antioch/read_reaction_set_data_xml.h, line 452
In reaction 0007
An equation of the form "A * exp(-Ea/(R*T))" is an Arrhenius equation,
and most certainly not a Kooij one
it has been corrected, but please, change that in your file.
Thanks and a good day to you, user.

*** Warning, The parameter A is not given a unit

*** Warning, The parameter A is not given a unit
default unit given is m3/kmol/s
/ubfs/mae/pbauman/shared/software/libs/antioch/0.2.0/gcc/4.8.3/include/antioch/read_reaction_set_data_xml.h, line 452
In reaction 0007
An equation of the form "A * exp(-Ea/(R*T))" is an Arrhenius equation,
and most certainly not a Kooij one
it has been corrected, but please, change that in your file.
Thanks and a good day to you, user.
default unit given is m3/kmol/s
In reaction 0001
An equation of the form "A * (T/Tref)^beta * exp(-Ea/(R*T))" is a Kooij equation,
/ubfs/mae/pbauman/shared/software/libs/antioch/0.2.0/gcc/4.8.3/include/antioch/read_reaction_set_data_xml.hI guess a modified Arrhenius could be a name too.  Whatever, the correct label is
"Kooij", or, << à la limite >> "ModifiedArrhenius".  Please use those terms instead,
thanks and a good day to you, user.
, line 452
In reaction 0007
An equation of the form "A * exp(-Ea/(R*T))" is an Arrhenius equation,
and most certainly not a Kooij one
it has been corrected, but please, change that in your file.
Thanks and a good day to you, user.

*** Warning, The parameter A is not given a unit
default unit given is m3/kmol/s
/ubfs/mae/pbauman/shared/software/libs/antioch/0.2.0/gcc/4.8.3/include/antioch/read_reaction_set_data_xml.h, line 452

*** Warning, The parameter Tref is not provided
default parameter is 1 K
/ubfs/mae/pbauman/shared/software/libs/antioch/0.2.0/gcc/4.8.3/include/antioch/read_reaction_set_data_xml.h, line 560

*** Warning, The parameter A is not given a unit
default unit given is m3/kmol/s
/ubfs/mae/pbauman/shared/software/libs/antioch/0.2.0/gcc/4.8.3/include/antioch/read_reaction_set_data_xml.h, line 452
In reaction 0007
An equation of the form "A * exp(-Ea/(R*T))" is an Arrhenius equation,
and most certainly not a Kooij one
it has been corrected, but please, change that in your file.
Thanks and a good day to you, user.
==========================================================
List of Enabled Physics:
ReactingLowMachNavierStokes
==========================================================
==========================================================
List of Enabled QoIs:
MassLossCatalytic
AverageNMoleFraction
==========================================================
 ====== Restarting from restart.xdr
 Mesh Information:
  mesh_dimension()=2
  spatial_dimension()=3
  n_nodes()=10411
    n_local_nodes()=853
  n_elem()=3038
    n_local_elem()=256
    n_active_elem()=2328
  n_subdomains()=1
  n_partitions()=12
  n_processors()=12
  n_threads()=1
  processor_id()=0

 EquationSystems
  n_systems()=2
   System #0, "Nitridation"
    Type "Implicit"
    Variables={ "w_N2" "w_N" "w_C" "w_CN" "u" "v" } "p" "T" 
    Finite Element Types="LAGRANGE", "JACOBI_20_00" "LAGRANGE", "JACOBI_20_00" "LAGRANGE", "JACOBI_20_00" 
    Infinite Element Mapping="CARTESIAN" "CARTESIAN" "CARTESIAN" 
    Approximation Orders="SECOND", "THIRD" "FIRST", "THIRD" "SECOND", "THIRD" 
    n_dofs()=75755
    n_local_dofs()=6206
    n_constrained_dofs()=12885
    n_local_constrained_dofs()=695
    n_vectors()=1
    n_matrices()=1
    DofMap Sparsity
      Average  On-Processor Bandwidth <= 118.689
      Average Off-Processor Bandwidth <= 4.8574
      Maximum  On-Processor Bandwidth <= 388
      Maximum Off-Processor Bandwidth <= 227
    DofMap Constraints
      Number of DoF Constraints = 12885
      Number of Heterogenous Constraints= 1384
      Average DoF Constraint Length= 2.30113
      Number of Node Constraints = 2762
      Maximum Node Constraint Length= 9
      Average Node Constraint Length= 3.47647
   System #1, "interior_output"
    Type "Basic"
    Variables={ "rho" "X_N2" "X_N" "X_C" "X_CN" "mu" "k" } 
    Finite Element Types="LAGRANGE", "JACOBI_20_00" 
    Infinite Element Mapping="CARTESIAN" 
    Approximation Orders="FIRST", "THIRD" 
    n_dofs()=20146
    n_local_dofs()=1645
    n_constrained_dofs()=4788
    n_local_constrained_dofs()=273
    n_vectors()=0
    n_matrices()=0
    DofMap Sparsity
      Average  On-Processor Bandwidth <= 0
      Average Off-Processor Bandwidth <= 0
      Maximum  On-Processor Bandwidth <= 0
      Maximum Off-Processor Bandwidth <= 0
    DofMap Constraints
      Number of DoF Constraints = 4788
      Average DoF Constraint Length= 2
      Number of Node Constraints = 2762
      Maximum Node Constraint Length= 9
      Average Node Constraint Length= 3.47647

*** Warning, This code is deprecated, and likely to be removed in future library versions! /ubfs/mae/pbauman/shared/software/libs/libmesh/master/gcc-4.8.3/mpich-3.1.2/petsc-3.5.1/vtk-6.1.0/boost-1.56.0/tbb-4.2.5/openblas-0.2.10/include/libmesh/libmesh_common.h, line 488, compiled Sep  5 2014 at 08:17:40 ***
Assembling the System
Nonlinear Residual: 0.0067007
Linear solve starting, tolerance 0.001
Linear solve finished, step 1, residual 0
Trying full Newton step
  Current Residual: 0.00116829
  Nonlinear step: |du|/|u| = 0.00437773, |du| = 377.079
Assembling the System
Nonlinear Residual: 0.00116829
Linear solve starting, tolerance 0.001
Linear solve finished, step 1, residual 0
Trying full Newton step
  Current Residual: 9.60526e-05
  Nonlinear step: |du|/|u| = 0.000278826, |du| = 24.0172
Assembling the System
Nonlinear Residual: 9.60526e-05
Linear solve starting, tolerance 0.001
Linear solve finished, step 1, residual 0
Trying full Newton step
  Current Residual: 5.95636e-07
  Nonlinear step: |du|/|u| = 2.43691e-05, |du| = 2.09909
Assembling the System
Nonlinear Residual: 5.95636e-07
Linear solve starting, tolerance 0.001
Linear solve finished, step 1, residual 0
Trying full Newton step
  Current Residual: 2.05035e-11
  Nonlinear solver relative residual 3.05991e-09 > 1e-10
  Nonlinear solver converged, step 3, relative step size 3.69612e-07 < 1e-06
==========================================================
MassLossCatalytic = -2.6113480514512287e-07
==========================================================
==========================================================
AverageNMoleFraction = 4.1051862511234331e-04
==========================================================

 ------------------------------------------------------------------------------------------------------------------------------------------------------------------------------
| Processor id:   0                                                                                                                                                            |
| Num Processors: 12                                                                                                                                                           |
| Time:           Mon Sep 15 14:44:52 2014                                                                                                                                     |
| OS:             Linux                                                                                                                                                        |
| HostName:       fry.eng.buffalo.edu                                                                                                                                          |
| OS Release:     2.6.32-431.29.2.el6.x86_64                                                                                                                                   |
| OS Version:     #1 SMP Sun Jul 27 15:55:46 EDT 2014                                                                                                                          |
| Machine:        x86_64                                                                                                                                                       |
| Username:       pbauman                                                                                                                                                      |
| Configuration:  ../libmesh_src/configure  '--prefix=/ubfs/mae/pbauman/shared/software/libs/libmesh/master/gcc-4.8.3/mpich-3.1.2/petsc-3.5.1/vtk-6.1.0/boost-1.56.0/tbb-4.2.5/openblas-0.2.10'|
|  '--enable-everything'                                                                                                                                                       |
|  '--with-metis=PETSc'                                                                                                                                                        |
|  '--with-boost=/ubfs/mae/pbauman/shared/software/libs/boost/1.56.0/gcc/4.8.3'                                                                                                |
|  '--with-mpi=/ubfs/mae/pbauman/shared/software/libs/mpich/3.1.2/gcc/4.8.3'                                                                                                   |
|  '--with-tbb=/ubfs/mae/pbauman/shared/software/libs/tbb/4.2.5/gcc/4.8.3/linux_intel64_gcc_cc4.8.3_libc2.12_kernel2.6.32_release'                                             |
|  '--with-vtk=/ubfs/mae/pbauman/shared/software/libs/vtk/6.1.0/gcc/4.8.3'                                                                                                     |
|  'CXX=g++'                                                                                                                                                                   |
|  'CC=gcc'                                                                                                                                                                    |
|  'FC=gfortran'                                                                                                                                                               |
|  'F77=gfortran'                                                                                                                                                              |
|  'PETSC_DIR=/ubfs/mae/pbauman/shared/software/libs/petsc/petsc-3.5.1/'                                                                                                       |
|  'PETSC_ARCH=gcc-4.8.3-mpich-3.1.2-openblas-0.2.10-cxx-opt'                                                                                                                  |
|  'VTK_DIR=/ubfs/mae/pbauman/shared/software/libs/vtk/6.1.0/gcc/4.8.3'                                                                                                        |
|  'HDF5_DIR=/ubfs/mae/pbauman/shared/software/libs/hdf5/1.8.13/gcc/4.8.3'                                                                                                     |
 ------------------------------------------------------------------------------------------------------------------------------------------------------------------------------
 -----------------------------------------------------------------------------------------------------------------
| libMesh Performance: Alive time=48.5776, Active time=35.5774                                                    |
 -----------------------------------------------------------------------------------------------------------------
| Event                              nCalls     Total Time  Avg Time    Total Time  Avg Time    % of Active Time  |
|                                               w/o Sub     w/o Sub     With Sub    With Sub    w/o S    With S   |
|-----------------------------------------------------------------------------------------------------------------|
|                                                                                                                 |
|                                                                                                                 |
| DofMap                                                                                                          |
|   add_neighbors_to_send_list()     4          0.0037      0.000923    0.0069      0.001734    0.01     0.02     |
|   build_constraint_matrix()        1536       0.0255      0.000017    0.0255      0.000017    0.07     0.07     |
|   build_sparsity()                 2          0.0437      0.021874    0.0573      0.028633    0.12     0.16     |
|   cnstrn_elem_mat_vec()            768        0.0409      0.000053    0.0409      0.000053    0.12     0.12     |
|   constrain_elem_vector()          768        0.0051      0.000007    0.0051      0.000007    0.01     0.01     |
|   create_dof_constraints()         4          1.7548      0.438694    5.9095      1.477379    4.93     16.61    |
|   distribute_dofs()                4          0.0118      0.002960    0.0712      0.017791    0.03     0.20     |
|   dof_indices()                    197212     1.1319      0.000006    1.1319      0.000006    3.18     3.18     |
|   enforce_constraints_exactly()    10         0.0593      0.005932    0.0593      0.005932    0.17     0.17     |
|   old_dof_indices()                3264       0.0222      0.000007    0.0222      0.000007    0.06     0.06     |
|   prepare_send_list()              4          0.0008      0.000198    0.0008      0.000198    0.00     0.00     |
|   reinit()                         4          0.0257      0.006421    0.0257      0.006421    0.07     0.07     |
|                                                                                                                 |
| EquationSystems                                                                                                 |
|   build_solution_vector()          2          0.0546      0.027307    0.1541      0.077026    0.15     0.43     |
|   read()                           1          0.0168      0.016827    0.0925      0.092546    0.05     0.26     |
|   update()                         1          0.0005      0.000468    0.0005      0.000468    0.00     0.00     |
|   write()                          2          0.0311      0.015571    0.0377      0.018837    0.09     0.11     |
|                                                                                                                 |
| ExodusII_IO                                                                                                     |
|   write_nodal_data()               2          0.0163      0.008140    0.0163      0.008140    0.05     0.05     |
|                                                                                                                 |
| FE                                                                                                              |
|   compute_shape_functions()        210676     1.3070      0.000006    1.3070      0.000006    3.67     3.67     |
|   init_shape_functions()           206856     3.0038      0.000015    3.0038      0.000015    8.44     8.44     |
|   inverse_map()                    259508     1.8107      0.000007    1.8107      0.000007    5.09     5.09     |
|                                                                                                                 |
| FEMSystem                                                                                                       |
|   assemble_qoi()                   1          0.0133      0.013295    0.0589      0.058930    0.04     0.17     |
|   assembly()                       4          0.2698      0.067459    11.0312     2.757807    0.76     31.01    |
|   assembly(get_residual)           4          0.1556      0.038910    0.3294      0.082355    0.44     0.93     |
|   numerical_elem_jacobian()        768        10.6424     0.013857    10.6424     0.013857    29.91    29.91    |
|   numerical_side_jacobian()        76         0.0250      0.000329    0.0250      0.000329    0.07     0.07     |
|                                                                                                                 |
| FEMap                                                                                                           |
|   compute_affine_map()             210676     1.3128      0.000006    1.3128      0.000006    3.69     3.69     |
|   compute_face_map()               3080       0.0608      0.000020    0.1961      0.000064    0.17     0.55     |
|   init_face_shape_functions()      2756       0.0142      0.000005    0.0142      0.000005    0.04     0.04     |
|   init_reference_to_physical_map() 206856     1.8638      0.000009    1.8638      0.000009    5.24     5.24     |
|                                                                                                                 |
| LocationMap                                                                                                     |
|   init()                           1          0.0018      0.001772    0.0018      0.001772    0.00     0.00     |
|                                                                                                                 |
| Mesh                                                                                                            |
|   contract()                       1          0.0001      0.000083    0.0003      0.000303    0.00     0.00     |
|   find_neighbors()                 1          0.0045      0.004504    0.0149      0.014900    0.01     0.04     |
|   renumber_nodes_and_elem()        3          0.0009      0.000292    0.0009      0.000292    0.00     0.00     |
|                                                                                                                 |
| MeshCommunication                                                                                               |
|   assign_global_indices()          3          0.1757      0.058575    0.2009      0.066954    0.49     0.56     |
|   compute_hilbert_indices()        1          0.0048      0.004823    0.0048      0.004823    0.01     0.01     |
|   find_global_indices()            1          0.0006      0.000600    0.1081      0.108098    0.00     0.30     |
|   parallel_sort()                  1          0.0601      0.060115    0.0999      0.099890    0.17     0.28     |
|                                                                                                                 |
| MeshOutput                                                                                                      |
|   write_equation_systems()         2          0.0001      0.000028    0.1704      0.085196    0.00     0.48     |
|                                                                                                                 |
| MeshRefinement                                                                                                  |
|   _coarsen_elements()              1          0.0001      0.000054    0.0001      0.000079    0.00     0.00     |
|   _refine_elements()               1          0.0003      0.000337    0.0007      0.000736    0.00     0.00     |
|   make_coarsening_compatible()     1          0.0016      0.001612    0.0016      0.001612    0.00     0.00     |
|   make_flags_parallel_consistent() 2          0.0015      0.000751    0.0116      0.005779    0.00     0.03     |
|   make_refinement_compatible()     1          0.0000      0.000009    0.0000      0.000048    0.00     0.00     |
|                                                                                                                 |
| MetisPartitioner                                                                                                |
|   partition()                      1          0.0077      0.007713    0.1291      0.129138    0.02     0.36     |
|                                                                                                                 |
| NewtonSolver                                                                                                    |
|   solve()                          1          0.2632      0.263215    15.2370     15.237010   0.74     42.83    |
|                                                                                                                 |
| Parallel                                                                                                        |
|   allgather()                      35         0.0155      0.000443    0.0158      0.000451    0.04     0.04     |
|   barrier()                        2          0.0000      0.000012    0.0000      0.000012    0.00     0.00     |
|   broadcast()                      229        0.0497      0.000217    0.0498      0.000217    0.14     0.14     |
|   gather()                         28         0.0017      0.000060    0.0017      0.000060    0.00     0.00     |
|   max(bool)                        5          0.0009      0.000177    0.0009      0.000177    0.00     0.00     |
|   max(scalar)                      15         0.0190      0.001267    0.0190      0.001267    0.05     0.05     |
|   max(vector)                      4          0.0085      0.002127    0.0085      0.002127    0.02     0.02     |
|   min(bool)                        4          0.0005      0.000131    0.0005      0.000131    0.00     0.00     |
|   min(vector)                      4          0.0080      0.002010    0.0080      0.002010    0.02     0.02     |
|   probe()                          1600       0.0871      0.000054    0.0871      0.000054    0.24     0.24     |
|   receive()                        1290       0.0110      0.000009    0.1032      0.000080    0.03     0.29     |
|   send()                           828        0.0055      0.000007    0.0055      0.000007    0.02     0.02     |
|   send_receive()                   740        0.0142      0.000019    0.1419      0.000192    0.04     0.40     |
|   sum()                            69         0.0513      0.000743    0.0513      0.000743    0.14     0.14     |
|                                                                                                                 |
| Parallel::Request                                                                                               |
|   wait()                           872        0.0038      0.000004    0.0038      0.000004    0.01     0.01     |
|                                                                                                                 |
| Partitioner                                                                                                     |
|   set_node_processor_ids()         2          0.0021      0.001056    0.0650      0.032495    0.01     0.18     |
|   set_parent_processor_ids()       1          0.0003      0.000250    0.0003      0.000250    0.00     0.00     |
|                                                                                                                 |
| PetscLinearSolver                                                                                               |
|   solve()                          4          3.5674      0.891852    3.5674      0.891852    10.03    10.03    |
|                                                                                                                 |
| ProjectVector                                                                                                   |
|   operator()                       2          0.0369      0.018437    0.1435      0.071748    0.10     0.40     |
|                                                                                                                 |
| System                                                                                                          |
|   project_fem_vector()             2          7.3700      3.685020    25.9851     12.992551   20.72    73.04    |
|   project_vector()                 2          0.0089      0.004447    0.1695      0.084752    0.02     0.48     |
|                                                                                                                 |
| XdrIO                                                                                                           |
|   read()                           1          0.0221      0.022091    0.0700      0.070033    0.06     0.20     |
|   write()                          2          0.0458      0.022900    0.0733      0.036630    0.13     0.21     |
 -----------------------------------------------------------------------------------------------------------------
| Totals:                            1310612    35.5774                                         100.00            |
 -----------------------------------------------------------------------------------------------------------------

