In reaction 0001
An equation of the form "A * (T/Tref)^beta * exp(-Ea/(R*T))" is a Kooij equation,
I guess a modified Arrhenius could be a name too.  Whatever, the correct label is
"Kooij", or, << à la limite >> "ModifiedArrhenius".  Please use those terms instead,
thanks and a good day to you, user.
In reaction 0001
An equation of the form "A * (T/Tref)^beta * exp(-Ea/(R*T))" is a Kooij equation,
I guess a modified Arrhenius could be a name too.  Whatever, the correct label is
"Kooij", or, << à la limite >> "ModifiedArrhenius".  Please use those terms instead,
thanks and a good day to you, user.
In reaction 0001
An equation of the form "A * (T/Tref)^beta * exp(-Ea/(R*T))" is a Kooij equation,
I guess a modified Arrhenius could be a name too.  Whatever, the correct label is
"Kooij", or, << à la limite >> "ModifiedArrhenius".  Please use those terms instead,
thanks and a good day to you, user.
In reaction 0001
An equation of the form "A * (T/Tref)^beta * exp(-Ea/(R*T))" is a Kooij equation,
I guess a modified Arrhenius could be a name too.  Whatever, the correct label is
"Kooij", or, << à la limite >> "ModifiedArrhenius".  Please use those terms instead,
thanks and a good day to you, user.
In reaction 0001
An equation of the form "A * (T/Tref)^beta * exp(-Ea/(R*T))" is a Kooij equation,
I guess a modified Arrhenius could be a name too.  Whatever, the correct label is
"Kooij", or, << à la limite >> "ModifiedArrhenius".  Please use those terms instead,
thanks and a good day to you, user.
In reaction 0001
An equation of the form "A * (T/Tref)^beta * exp(-Ea/(R*T))" is a Kooij equation,
I guess a modified Arrhenius could be a name too.  Whatever, the correct label is
"Kooij", or, << à la limite >> "ModifiedArrhenius".  Please use those terms instead,
thanks and a good day to you, user.
In reaction 0001
An equation of the form "A * (T/Tref)^beta * exp(-Ea/(R*T))" is a Kooij equation,
I guess a modified Arrhenius could be a name too.  Whatever, the correct label is
"Kooij", or, << à la limite >> "ModifiedArrhenius".  Please use those terms instead,
thanks and a good day to you, user.
In reaction 0001
An equation of the form "A * (T/Tref)^beta * exp(-Ea/(R*T))" is a Kooij equation,
I guess a modified Arrhenius could be a name too.  Whatever, the correct label is
"Kooij", or, << à la limite >> "ModifiedArrhenius".  Please use those terms instead,
thanks and a good day to you, user.
In reaction 0001
An equation of the form "A * (T/Tref)^beta * exp(-Ea/(R*T))" is a Kooij equation,
I guess a modified Arrhenius could be a name too.  Whatever, the correct label is
"Kooij", or, << à la limite >> "ModifiedArrhenius".  Please use those terms instead,
thanks and a good day to you, user.
In reaction 0001
An equation of the form "A * (T/Tref)^beta * exp(-Ea/(R*T))" is a Kooij equation,
I guess a modified Arrhenius could be a name too.  Whatever, the correct label is
"Kooij", or, << à la limite >> "ModifiedArrhenius".  Please use those terms instead,
thanks and a good day to you, user.
In reaction 0001
An equation of the form "A * (T/Tref)^beta * exp(-Ea/(R*T))" is a Kooij equation,
I guess a modified Arrhenius could be a name too.  Whatever, the correct label is
"Kooij", or, << à la limite >> "ModifiedArrhenius".  Please use those terms instead,
thanks and a good day to you, user.

*** Warning, The parameter A is not given a unit
default unit given is m3/kmol/s
/ubfs/mae/pbauman/shared/software/libs/antioch/0.2.0/gcc/4.8.3/include/antioch/read_reaction_set_data_xml.h, line 452

*** Warning, The parameter A is not given a unit
default unit given is m3/kmol/s
/ubfs/mae/pbauman/shared/software/libs/antioch/0.2.0/gcc/4.8.3/include/antioch/read_reaction_set_data_xml.h, line 452

*** Warning, The parameter A is not given a unit
default unit given is m3/kmol/s
/ubfs/mae/pbauman/shared/software/libs/antioch/0.2.0/gcc/4.8.3/include/antioch/read_reaction_set_data_xml.h, line 452

*** Warning, The parameter A is not given a unit
default unit given is m3/kmol/s
/ubfs/mae/pbauman/shared/software/libs/antioch/0.2.0/gcc/4.8.3/include/antioch/read_reaction_set_data_xml.h, line 452

*** Warning, The parameter A is not given a unit
default unit given is m3/kmol/s
/ubfs/mae/pbauman/shared/software/libs/antioch/0.2.0/gcc/4.8.3/include/antioch/read_reaction_set_data_xml.h, line 452
*** Warning, The parameter A is not given a unit
default unit given is m3/kmol/s
/ubfs/mae/pbauman/shared/software/libs/antioch/0.2.0/gcc/4.8.3/include/antioch/read_reaction_set_data_xml.h, line 452

*** Warning, The parameter A is not given a unit
default unit given is m3/kmol/s
/ubfs/mae/pbauman/shared/software/libs/antioch/0.2.0/gcc/4.8.3/include/antioch/read_reaction_set_data_xml.h, line 452

*** Warning, The parameter A is not given a unit
default unit given is m3/kmol/s
/ubfs/mae/pbauman/shared/software/libs/antioch/0.2.0/gcc/4.8.3/include/antioch/read_reaction_set_data_xml.h, line 452

*** Warning, The parameter A is not given a unit
default unit given is m3/kmol/s
/ubfs/mae/pbauman/shared/software/libs/antioch/0.2.0/gcc/4.8.3/include/antioch/read_reaction_set_data_xml.h, line 452

*** Warning, The parameter A is not given a unit
default unit given is m3/kmol/s
/ubfs/mae/pbauman/shared/software/libs/antioch/0.2.0/gcc/4.8.3/include/antioch/read_reaction_set_data_xml.h, line 452

*** Warning, The parameter A is not given a unit
default unit given is m3/kmol/s
/ubfs/mae/pbauman/shared/software/libs/antioch/0.2.0/gcc/4.8.3/include/antioch/read_reaction_set_data_xml.h, line 452
In reaction 0001
An equation of the form "A * (T/Tref)^beta * exp(-Ea/(R*T))" is a Kooij equation,
I guess a modified Arrhenius could be a name too.  Whatever, the correct label is
"Kooij", or, << à la limite >> "ModifiedArrhenius".  Please use those terms instead,
thanks and a good day to you, user.


*** Warning, The parameter Tref is not provided
default parameter is 1 K
/ubfs/mae/pbauman/shared/software/libs/antioch/0.2.0/gcc/4.8.3/include/antioch/read_reaction_set_data_xml.h, line 560

*** Warning, The parameter Tref is not provided
default parameter is 1 K
/ubfs/mae/pbauman/shared/software/libs/antioch/0.2.0/gcc/4.8.3/include/antioch/read_reaction_set_data_xml.h, line 
*** Warning, The parameter Tref is not provided
default parameter is 1 K
/ubfs/mae/pbauman/shared/software/libs/antioch/0.2.0/gcc/4.8.3/include/antioch/read_reaction_set_data_xml.h, line 560
560

*** Warning, The parameter Tref is not provided
default parameter is 1 K
/ubfs/mae/pbauman/shared/software/libs/antioch/0.2.0/gcc/4.8.3/include/antioch/read_reaction_set_data_xml.h, line 560

*** Warning, The parameter Tref is not provided
default parameter is 1 K
/ubfs/mae/pbauman/shared/software/libs/antioch/0.2.0/gcc/4.8.3/include/antioch/read_reaction_set_data_xml.h, line 560

*** Warning, The parameter 
*** Warning, The parameter Tref is not provided
default parameter is 1 K
/ubfs/mae/pbauman/shared/software/libs/antioch/0.2.0/gcc/4.8.3/include/antioch/read_reaction_set_data_xml.h, line 560

*** Warning, The parameter Tref is not provided
default parameter is 1 K
/ubfs/mae/pbauman/shared/software/libs/antioch/0.2.0/gcc/4.8.3/include/antioch/read_reaction_set_data_xml.h, line 560

*** Warning, The parameter Tref is not provided
default parameter is 1 K
/ubfs/mae/pbauman/shared/software/libs/antioch/0.2.0/gcc/4.8.3/include/antioch/read_reaction_set_data_xml.h, line 560

*** Warning, The parameter Tref is not provided
default parameter is 1 K
/ubfs/mae/pbauman/shared/software/libs/antioch/0.2.0/gcc/4.8.3/include/antioch/read_reaction_set_data_xml.h, line 560

*** Warning, The parameter Tref is not provided
default parameter is 1 K
/ubfs/mae/pbauman/shared/software/libs/antioch/0.2.0/gcc/4.8.3/include/antioch/read_reaction_set_data_xml.h, line 560
Tref is not provided
default parameter is 1 K
/ubfs/mae/pbauman/shared/software/libs/antioch/0.2.0/gcc/4.8.3/include/antioch/read_reaction_set_data_xml.h, line 560

*** Warning, The parameter A is not given a unit
default unit given is m3/kmol/s
/ubfs/mae/pbauman/shared/software/libs/antioch/0.2.0/gcc/4.8.3/include/antioch/read_reaction_set_data_xml.h, line 452

*** Warning, The parameter Tref is not provided
default parameter is 1 K
/ubfs/mae/pbauman/shared/software/libs/antioch/0.2.0/gcc/4.8.3/include/antioch/read_reaction_set_data_xml.h, line 560

*** Warning, The parameter A is not given a unit
default unit given is m3/kmol/s
/ubfs/mae/pbauman/shared/software/libs/antioch/0.2.0/gcc/4.8.3/include/antioch/read_reaction_set_data_xml.h, line 452

*** Warning, The parameter A is not given a unit
default unit given is m3/kmol/s
/ubfs/mae/pbauman/shared/software/libs/antioch/0.2.0/gcc/4.8.3/include/antioch/read_reaction_set_data_xml.h, line 452
In reaction 0007
An equation of the form "A * exp(-Ea/(R*T))" is an Arrhenius equation,
and most certainly not a Kooij one
it has been corrected, but please, change that in your file.
Thanks and a good day to you, user.

*** Warning, The parameter A is not given a unit
default unit given is m3/kmol/s
/ubfs/mae/pbauman/shared/software/libs/antioch/0.2.0/gcc/4.8.3/include/antioch/read_reaction_set_data_xml.h, line 452
In reaction 0007
An equation of the form "A * exp(-Ea/(R*T))" is an Arrhenius equation,
and most certainly not a Kooij one
it has been corrected, but please, change that in your file.
Thanks and a good day to you, user.
In reaction 0007
An equation of the form "A * exp(-Ea/(R*T))" is an Arrhenius equation,
and most certainly not a Kooij one
it has been corrected, but please, change that in your file.
Thanks and a good day to you, user.

*** Warning, The parameter A is not given a unit
default unit given is m3/kmol/s
/ubfs/mae/pbauman/shared/software/libs/antioch/0.2.0/gcc/4.8.3/include/antioch/read_reaction_set_data_xml.h, line 452
In reaction 0007
An equation of the form "A * exp(-Ea/(R*T))" is an Arrhenius equation,
and most certainly not a Kooij one
it has been corrected, but please, change that in your file.
Thanks and a good day to you, user.

*** Warning, The parameter A is not given a unit
default unit given is m3/kmol/s
/ubfs/mae/pbauman/shared/software/libs/antioch/0.2.0/gcc/4.8.3/include/antioch/read_reaction_set_data_xml.h, line 452
In reaction 0007
An equation of the form "A * exp(-Ea/(R*T))" is an Arrhenius equation,
and most certainly not a Kooij one
it has been corrected, but please, change that in your file.
Thanks and a good day to you, user.

*** Warning, The parameter A is not given a unit
default unit given is m3/kmol/s
/ubfs/mae/pbauman/shared/software/libs/antioch/0.2.0/gcc/4.8.3/include/antioch/read_reaction_set_data_xml.h, line 452
In reaction 0007
An equation of the form "A * exp(-Ea/(R*T))" is an Arrhenius equation,
and most certainly not a Kooij one
it has been corrected, but please, change that in your file.
Thanks and a good day to you, user.

*** Warning, The parameter A is not given a unit
default unit given is m3/kmol/s
/ubfs/mae/pbauman/shared/software/libs/antioch/0.2.0/gcc/4.8.3/include/antioch/read_reaction_set_data_xml.h, line 452
In reaction 0007
An equation of the form "A * exp(-Ea/(R*T))" is an Arrhenius equation,
and most certainly not a Kooij one
it has been corrected, but please, change that in your file.
Thanks and a good day to you, user.

*** Warning, The parameter A is not given a unit
default unit given is m3/kmol/s
/ubfs/mae/pbauman/shared/software/libs/antioch/0.2.0/gcc/4.8.3/include/antioch/read_reaction_set_data_xml.h, line 452
In reaction 0007
An equation of the form "A * exp(-Ea/(R*T))" is an Arrhenius equation,
and most certainly not a Kooij one
it has been corrected, but please, change that in your file.
Thanks and a good day to you, user.

*** Warning, The parameter A is not given a unit
default unit given is m3/kmol/s
/ubfs/mae/pbauman/shared/software/libs/antioch/0.2.0/gcc/4.8.3/include/antioch/read_reaction_set_data_xml.h, line 452
In reaction 0007
An equation of the form "A * exp(-Ea/(R*T))" is an Arrhenius equation,
and most certainly not a Kooij one
it has been corrected, but please, change that in your file.
Thanks and a good day to you, user.

*** Warning, The parameter A is not given a unit
default unit given is m3/kmol/s
/ubfs/mae/pbauman/shared/software/libs/antioch/0.2.0/gcc/4.8.3/include/antioch/read_reaction_set_data_xml.h, line 452
In reaction 0007
An equation of the form "A * exp(-Ea/(R*T))" is an Arrhenius equation,
and most certainly not a Kooij one
it has been corrected, but please, change that in your file.
Thanks and a good day to you, user.

*** Warning, The parameter A is not given a unit
default unit given is m3/kmol/s
/ubfs/mae/pbauman/shared/software/libs/antioch/0.2.0/gcc/4.8.3/include/antioch/read_reaction_set_data_xml.h, line 452
In reaction 0007
An equation of the form "A * exp(-Ea/(R*T))" is an Arrhenius equation,
and most certainly not a Kooij one
it has been corrected, but please, change that in your file.
Thanks and a good day to you, user.

*** Warning, The parameter A is not given a unit
default unit given is m3/kmol/s
/ubfs/mae/pbauman/shared/software/libs/antioch/0.2.0/gcc/4.8.3/include/antioch/read_reaction_set_data_xml.h, line 452
In reaction 0007
An equation of the form "A * exp(-Ea/(R*T))" is an Arrhenius equation,
and most certainly not a Kooij one
it has been corrected, but please, change that in your file.
Thanks and a good day to you, user.
==========================================================
List of Enabled Physics:
ReactingLowMachNavierStokes
==========================================================
==========================================================
List of Enabled QoIs:
MassLossCatalytic
AverageNMoleFraction
==========================================================
 ====== Restarting from restart.xdr
 Mesh Information:
  mesh_dimension()=2
  spatial_dimension()=3
  n_nodes()=10813
    n_local_nodes()=944
  n_elem()=3166
    n_local_elem()=265
    n_active_elem()=2424
  n_subdomains()=1
  n_partitions()=12
  n_processors()=12
  n_threads()=1
  processor_id()=0

 EquationSystems
  n_systems()=2
   System #0, "Nitridation"
    Type "Implicit"
    Variables={ "w_N2" "w_N" "w_C" "w_CN" "u" "v" } "p" "T" 
    Finite Element Types="LAGRANGE", "JACOBI_20_00" "LAGRANGE", "JACOBI_20_00" "LAGRANGE", "JACOBI_20_00" 
    Infinite Element Mapping="CARTESIAN" "CARTESIAN" "CARTESIAN" 
    Approximation Orders="SECOND", "THIRD" "FIRST", "THIRD" "SECOND", "THIRD" 
    n_dofs()=78674
    n_local_dofs()=6882
    n_constrained_dofs()=13207
    n_local_constrained_dofs()=1669
    n_vectors()=1
    n_matrices()=1
    DofMap Sparsity
      Average  On-Processor Bandwidth <= 119.243
      Average Off-Processor Bandwidth <= 4.78214
      Maximum  On-Processor Bandwidth <= 384
      Maximum Off-Processor Bandwidth <= 211
    DofMap Constraints
      Number of DoF Constraints = 13207
      Number of Heterogenous Constraints= 1198
      Average DoF Constraint Length= 2.40373
      Number of Node Constraints = 2953
      Maximum Node Constraint Length= 9
      Average Node Constraint Length= 3.48561
   System #1, "interior_output"
    Type "Basic"
    Variables={ "rho" "X_N2" "X_N" "X_C" "X_CN" "mu" "k" } 
    Finite Element Types="LAGRANGE", "JACOBI_20_00" 
    Infinite Element Mapping="CARTESIAN" 
    Approximation Orders="FIRST", "THIRD" 
    n_dofs()=20881
    n_local_dofs()=1918
    n_constrained_dofs()=5138
    n_local_constrained_dofs()=455
    n_vectors()=0
    n_matrices()=0
    DofMap Sparsity
      Average  On-Processor Bandwidth <= 0
      Average Off-Processor Bandwidth <= 0
      Maximum  On-Processor Bandwidth <= 0
      Maximum Off-Processor Bandwidth <= 0
    DofMap Constraints
      Number of DoF Constraints = 5138
      Average DoF Constraint Length= 2
      Number of Node Constraints = 2953
      Maximum Node Constraint Length= 9
      Average Node Constraint Length= 3.48561

*** Warning, This code is deprecated, and likely to be removed in future library versions! /ubfs/mae/pbauman/shared/software/libs/libmesh/master/gcc-4.8.3/mpich-3.1.2/petsc-3.5.1/vtk-6.1.0/boost-1.56.0/tbb-4.2.5/openblas-0.2.10/include/libmesh/libmesh_common.h, line 488, compiled Sep  5 2014 at 08:17:40 ***
Assembling the System
Nonlinear Residual: 0.00520668
Linear solve starting, tolerance 0.001
Linear solve finished, step 1, residual 0
Trying full Newton step
  Current Residual: 0.000644928
  Nonlinear step: |du|/|u| = 0.00406323, |du| = 364.867
Assembling the System
Nonlinear Residual: 0.000644928
Linear solve starting, tolerance 0.001
Linear solve finished, step 1, residual 0
Trying full Newton step
  Current Residual: 3.16059e-05
  Nonlinear step: |du|/|u| = 0.000234305, |du| = 21.0399
Assembling the System
Nonlinear Residual: 3.16059e-05
Linear solve starting, tolerance 0.001
Linear solve finished, step 1, residual 0
Trying full Newton step
  Current Residual: 8.00242e-08
  Nonlinear step: |du|/|u| = 1.13546e-05, |du| = 1.01961
Assembling the System
Nonlinear Residual: 8.00242e-08
Linear solve starting, tolerance 0.001
Linear solve finished, step 1, residual 0
Trying full Newton step
  Current Residual: 1.11356e-12
  Nonlinear solver relative residual 2.13872e-10 > 1e-10
  Nonlinear solver converged, step 3, relative step size 6.5385e-08 < 1e-06
==========================================================
MassLossCatalytic = -2.7027410874495009e-07
==========================================================
==========================================================
AverageNMoleFraction = 3.7456331055887084e-04
==========================================================

 ------------------------------------------------------------------------------------------------------------------------------------------------------------------------------
| Processor id:   0                                                                                                                                                            |
| Num Processors: 12                                                                                                                                                           |
| Time:           Mon Sep 15 15:54:29 2014                                                                                                                                     |
| OS:             Linux                                                                                                                                                        |
| HostName:       fry.eng.buffalo.edu                                                                                                                                          |
| OS Release:     2.6.32-431.29.2.el6.x86_64                                                                                                                                   |
| OS Version:     #1 SMP Sun Jul 27 15:55:46 EDT 2014                                                                                                                          |
| Machine:        x86_64                                                                                                                                                       |
| Username:       pbauman                                                                                                                                                      |
| Configuration:  ../libmesh_src/configure  '--prefix=/ubfs/mae/pbauman/shared/software/libs/libmesh/master/gcc-4.8.3/mpich-3.1.2/petsc-3.5.1/vtk-6.1.0/boost-1.56.0/tbb-4.2.5/openblas-0.2.10'|
|  '--enable-everything'                                                                                                                                                       |
|  '--with-metis=PETSc'                                                                                                                                                        |
|  '--with-boost=/ubfs/mae/pbauman/shared/software/libs/boost/1.56.0/gcc/4.8.3'                                                                                                |
|  '--with-mpi=/ubfs/mae/pbauman/shared/software/libs/mpich/3.1.2/gcc/4.8.3'                                                                                                   |
|  '--with-tbb=/ubfs/mae/pbauman/shared/software/libs/tbb/4.2.5/gcc/4.8.3/linux_intel64_gcc_cc4.8.3_libc2.12_kernel2.6.32_release'                                             |
|  '--with-vtk=/ubfs/mae/pbauman/shared/software/libs/vtk/6.1.0/gcc/4.8.3'                                                                                                     |
|  'CXX=g++'                                                                                                                                                                   |
|  'CC=gcc'                                                                                                                                                                    |
|  'FC=gfortran'                                                                                                                                                               |
|  'F77=gfortran'                                                                                                                                                              |
|  'PETSC_DIR=/ubfs/mae/pbauman/shared/software/libs/petsc/petsc-3.5.1/'                                                                                                       |
|  'PETSC_ARCH=gcc-4.8.3-mpich-3.1.2-openblas-0.2.10-cxx-opt'                                                                                                                  |
|  'VTK_DIR=/ubfs/mae/pbauman/shared/software/libs/vtk/6.1.0/gcc/4.8.3'                                                                                                        |
|  'HDF5_DIR=/ubfs/mae/pbauman/shared/software/libs/hdf5/1.8.13/gcc/4.8.3'                                                                                                     |
 ------------------------------------------------------------------------------------------------------------------------------------------------------------------------------
 -----------------------------------------------------------------------------------------------------------------
| libMesh Performance: Alive time=48.8134, Active time=35.6764                                                    |
 -----------------------------------------------------------------------------------------------------------------
| Event                              nCalls     Total Time  Avg Time    Total Time  Avg Time    % of Active Time  |
|                                               w/o Sub     w/o Sub     With Sub    With Sub    w/o S    With S   |
|-----------------------------------------------------------------------------------------------------------------|
|                                                                                                                 |
|                                                                                                                 |
| DofMap                                                                                                          |
|   add_neighbors_to_send_list()     4          0.0032      0.000793    0.0048      0.001205    0.01     0.01     |
|   build_constraint_matrix()        1608       0.0437      0.000027    0.0437      0.000027    0.12     0.12     |
|   build_sparsity()                 2          0.0496      0.024814    0.0610      0.030478    0.14     0.17     |
|   cnstrn_elem_mat_vec()            804        0.0817      0.000102    0.0817      0.000102    0.23     0.23     |
|   constrain_elem_vector()          804        0.0060      0.000007    0.0060      0.000007    0.02     0.02     |
|   create_dof_constraints()         4          1.6647      0.416175    5.4838      1.370955    4.67     15.37    |
|   distribute_dofs()                4          0.0139      0.003481    0.0642      0.016059    0.04     0.18     |
|   dof_indices()                    208070     1.0665      0.000005    1.0665      0.000005    2.99     2.99     |
|   enforce_constraints_exactly()    10         0.0542      0.005420    0.0542      0.005420    0.15     0.15     |
|   old_dof_indices()                3417       0.0222      0.000006    0.0222      0.000006    0.06     0.06     |
|   prepare_send_list()              4          0.0008      0.000190    0.0008      0.000190    0.00     0.00     |
|   reinit()                         4          0.0235      0.005876    0.0235      0.005876    0.07     0.07     |
|                                                                                                                 |
| EquationSystems                                                                                                 |
|   build_solution_vector()          2          0.0577      0.028830    0.1530      0.076500    0.16     0.43     |
|   read()                           1          0.0192      0.019243    0.0950      0.095018    0.05     0.27     |
|   update()                         1          0.0003      0.000342    0.0003      0.000342    0.00     0.00     |
|   write()                          2          0.0355      0.017775    0.0402      0.020090    0.10     0.11     |
|                                                                                                                 |
| ExodusII_IO                                                                                                     |
|   write_nodal_data()               2          0.0173      0.008648    0.0173      0.008648    0.05     0.05     |
|                                                                                                                 |
| FE                                                                                                              |
|   compute_shape_functions()        220538     1.2666      0.000006    1.2666      0.000006    3.55     3.55     |
|   init_shape_functions()           216538     2.8974      0.000013    2.8974      0.000013    8.12     8.12     |
|   inverse_map()                    273182     1.7687      0.000006    1.7687      0.000006    4.96     4.96     |
|                                                                                                                 |
| FEMSystem                                                                                                       |
|   assemble_qoi()                   1          0.0139      0.013908    0.0566      0.056635    0.04     0.16     |
|   assembly()                       4          0.3180      0.079496    11.7887     2.947186    0.89     33.04    |
|   assembly(get_residual)           4          0.1561      0.039035    0.3474      0.086847    0.44     0.97     |
|   numerical_elem_jacobian()        804        11.2217     0.013957    11.2217     0.013957    31.45    31.45    |
|   numerical_side_jacobian()        236        0.0791      0.000335    0.0791      0.000335    0.22     0.22     |
|                                                                                                                 |
| FEMap                                                                                                           |
|   compute_affine_map()             220538     1.2798      0.000006    1.2798      0.000006    3.59     3.59     |
|   compute_face_map()               3376       0.0572      0.000017    0.1859      0.000055    0.16     0.52     |
|   init_face_shape_functions()      2332       0.0115      0.000005    0.0115      0.000005    0.03     0.03     |
|   init_reference_to_physical_map() 216538     1.7650      0.000008    1.7650      0.000008    4.95     4.95     |
|                                                                                                                 |
| LocationMap                                                                                                     |
|   init()                           1          0.0019      0.001949    0.0019      0.001949    0.01     0.01     |
|                                                                                                                 |
| Mesh                                                                                                            |
|   contract()                       1          0.0001      0.000087    0.0003      0.000302    0.00     0.00     |
|   find_neighbors()                 1          0.0050      0.004962    0.0050      0.004986    0.01     0.01     |
|   renumber_nodes_and_elem()        3          0.0011      0.000383    0.0011      0.000383    0.00     0.00     |
|                                                                                                                 |
| MeshCommunication                                                                                               |
|   assign_global_indices()          3          0.1894      0.063148    0.2070      0.068997    0.53     0.58     |
|   compute_hilbert_indices()        1          0.0051      0.005129    0.0051      0.005129    0.01     0.01     |
|   find_global_indices()            1          0.0008      0.000762    0.0095      0.009544    0.00     0.03     |
|   parallel_sort()                  1          0.0008      0.000793    0.0009      0.000934    0.00     0.00     |
|                                                                                                                 |
| MeshOutput                                                                                                      |
|   write_equation_systems()         2          0.0001      0.000028    0.1704      0.085178    0.00     0.48     |
|                                                                                                                 |
| MeshRefinement                                                                                                  |
|   _coarsen_elements()              1          0.0001      0.000055    0.0001      0.000074    0.00     0.00     |
|   _refine_elements()               1          0.0004      0.000391    0.0009      0.000863    0.00     0.00     |
|   make_coarsening_compatible()     1          0.0018      0.001771    0.0018      0.001771    0.00     0.00     |
|   make_flags_parallel_consistent() 2          0.0014      0.000707    0.0112      0.005581    0.00     0.03     |
|   make_refinement_compatible()     1          0.0000      0.000014    0.0000      0.000028    0.00     0.00     |
|                                                                                                                 |
| MetisPartitioner                                                                                                |
|   partition()                      1          0.0084      0.008414    0.0182      0.018186    0.02     0.05     |
|                                                                                                                 |
| NewtonSolver                                                                                                    |
|   solve()                          1          0.0139      0.013929    15.6015     15.601487   0.04     43.73    |
|                                                                                                                 |
| Parallel                                                                                                        |
|   allgather()                      35         0.0110      0.000313    0.0113      0.000324    0.03     0.03     |
|   barrier()                        2          0.0000      0.000023    0.0000      0.000023    0.00     0.00     |
|   broadcast()                      229        0.0180      0.000079    0.0180      0.000079    0.05     0.05     |
|   gather()                         28         0.0013      0.000048    0.0013      0.000048    0.00     0.00     |
|   max(bool)                        5          0.0010      0.000208    0.0010      0.000208    0.00     0.00     |
|   max(scalar)                      15         0.4661      0.031073    0.4661      0.031073    1.31     1.31     |
|   max(vector)                      4          0.0001      0.000017    0.0001      0.000017    0.00     0.00     |
|   min(bool)                        4          0.0003      0.000078    0.0003      0.000078    0.00     0.00     |
|   min(vector)                      4          0.0019      0.000478    0.0019      0.000478    0.01     0.01     |
|   probe()                          1600       0.0245      0.000015    0.0245      0.000015    0.07     0.07     |
|   receive()                        1290       0.0097      0.000008    0.0396      0.000031    0.03     0.11     |
|   send()                           828        0.0048      0.000006    0.0048      0.000006    0.01     0.01     |
|   send_receive()                   740        0.0126      0.000017    0.0732      0.000099    0.04     0.21     |
|   sum()                            69         0.0066      0.000095    0.0066      0.000095    0.02     0.02     |
|                                                                                                                 |
| Parallel::Request                                                                                               |
|   wait()                           872        0.0033      0.000004    0.0033      0.000004    0.01     0.01     |
|                                                                                                                 |
| Partitioner                                                                                                     |
|   set_node_processor_ids()         2          0.0020      0.001023    0.0073      0.003648    0.01     0.02     |
|   set_parent_processor_ids()       1          0.0003      0.000298    0.0003      0.000298    0.00     0.00     |
|                                                                                                                 |
| PetscLinearSolver                                                                                               |
|   solve()                          4          3.4100      0.852495    3.4100      0.852495    9.56     9.56     |
|                                                                                                                 |
| ProjectVector                                                                                                   |
|   operator()                       2          0.0368      0.018389    0.1440      0.071992    0.10     0.40     |
|                                                                                                                 |
| System                                                                                                          |
|   project_fem_vector()             2          7.3609      3.680436    25.8263     12.913161   20.63    72.39    |
|   project_vector()                 2          0.0074      0.003710    0.1675      0.083745    0.02     0.47     |
|                                                                                                                 |
| XdrIO                                                                                                           |
|   read()                           1          0.0247      0.024703    0.0410      0.041018    0.07     0.11     |
|   write()                          2          0.0478      0.023894    0.0736      0.036783    0.13     0.21     |
 -----------------------------------------------------------------------------------------------------------------
| Totals:                            1374597    35.6764                                         100.00            |
 -----------------------------------------------------------------------------------------------------------------

