In reaction 0001
An equation of the form "A * (T/Tref)^beta * exp(-Ea/(R*T))" is a Kooij equation,
I guess a modified Arrhenius could be a name too.  Whatever, the correct label is
"Kooij", or, << à la limite >> "ModifiedArrhenius".  Please use those terms instead,
thanks and a good day to you, user.
In reaction 0001
An equation of the form "A * (T/Tref)^beta * exp(-Ea/(R*T))" is a Kooij equation,
I guess a modified Arrhenius could be a name too.  Whatever, the correct label is
"Kooij", or, << à la limite >> "ModifiedArrhenius".  Please use those terms instead,
thanks and a good day to you, user.
In reaction 0001
An equation of the form "A * (T/Tref)^beta * exp(-Ea/(R*T))" is a Kooij equation,
I guess a modified Arrhenius could be a name too.  Whatever, the correct label is
"Kooij", or, << à la limite >> "ModifiedArrhenius".  Please use those terms instead,
thanks and a good day to you, user.
In reaction 0001
An equation of the form "A * (T/Tref)^beta * exp(-Ea/(R*T))" is a Kooij equation,
I guess a modified Arrhenius could be a name too.  Whatever, the correct label is
"Kooij", or, << à la limite >> "ModifiedArrhenius".  Please use those terms instead,
thanks and a good day to you, user.
In reaction 0001
An equation of the form "A * (T/Tref)^beta * exp(-Ea/(R*T))" is a Kooij equation,
I guess a modified Arrhenius could be a name too.  Whatever, the correct label is
"Kooij", or, << à la limite >> "ModifiedArrhenius".  Please use those terms instead,
thanks and a good day to you, user.In reaction 0001
An equation of the form "A * (T/Tref)^beta * exp(-Ea/(R*T))" is a Kooij equation,
I guess a modified Arrhenius could be a name too.  Whatever, the correct label is
"Kooij", or, << à la limite >> "ModifiedArrhenius".  Please use those terms instead,
thanks and a good day to you, user.
In reaction 0001
An equation of the form "A * (T/Tref)^beta * exp(-Ea/(R*T))" is a Kooij equation,
I guess a modified Arrhenius could be a name too.  Whatever, the correct label is
"Kooij", or, << à la limite >> "ModifiedArrhenius".  Please use those terms instead,
thanks and a good day to you, user.
In reaction In reaction 0001
An equation of the form "A * (T/Tref)^beta * exp(-Ea/(R*T))" is a Kooij equation,
I guess a modified Arrhenius could be a name too.  Whatever, the correct label is
"Kooij", or, << à la limite >> "ModifiedArrhenius".  Please use those terms instead,
thanks and a good day to you, user.
In reaction 0001
An equation of the form "A * (T/Tref)^beta * exp(-Ea/(R*T))" is a Kooij equation,
I guess a modified Arrhenius could be a name too.  Whatever, the correct label is
"Kooij", or, << à la limite >> "ModifiedArrhenius".  Please use those terms instead,
thanks and a good day to you, user.
In reaction 0001
An equation of the form "A * (T/Tref)^beta * exp(-Ea/(R*T))" is a Kooij equation,
I guess a modified Arrhenius could be a name too.  Whatever, the correct label is
"Kooij", or, << à la limite >> "ModifiedArrhenius".  Please use those terms instead,
thanks and a good day to you, user.

0001
An equation of the form "A * (T/Tref)^beta * exp(-Ea/(R*T))" is a Kooij equation,
I guess a modified Arrhenius could be a name too.  Whatever, the correct label is
"Kooij", or, << à la limite >> "ModifiedArrhenius".  Please use those terms instead,
thanks and a good day to you, user.

*** Warning, The parameter A is not given a unit
default unit given is m3/kmol/s
/ubfs/mae/pbauman/shared/software/libs/antioch/0.2.0/gcc/4.8.3/include/antioch/read_reaction_set_data_xml.h, line 452

*** Warning, The parameter A is not given a unit
default unit given is m3/kmol/s
/ubfs/mae/pbauman/shared/software/libs/antioch/0.2.0/gcc/4.8.3/include/antioch/read_reaction_set_data_xml.h, line 452

*** Warning, The parameter A is not given a unit
default unit given is m3/kmol/s
/ubfs/mae/pbauman/shared/software/libs/antioch/0.2.0/gcc/4.8.3/include/antioch/read_reaction_set_data_xml.h, line 452

*** Warning, The parameter A is not given a unit
default unit given is m3/kmol/s
/ubfs/mae/pbauman/shared/software/libs/antioch/0.2.0/gcc/4.8.3/include/antioch/read_reaction_set_data_xml.h, line 452
In reaction 0001
An equation of the form "A * (T/Tref)^beta * exp(-Ea/(R*T))" is a Kooij equation,
I guess a modified Arrhenius could be a name too.  Whatever, the correct label is
"Kooij", or, << à la limite >> "ModifiedArrhenius".  Please use those terms instead,
thanks and a good day to you, user.
*** Warning, The parameter A is not given a unit
default unit given is m3/kmol/s
/ubfs/mae/pbauman/shared/software/libs/antioch/0.2.0/gcc/4.8.3/include/antioch/read_reaction_set_data_xml.h, line 452


*** Warning, The parameter A is not given a unit
default unit given is m3/kmol/s
/ubfs/mae/pbauman/shared/software/libs/antioch/0.2.0/gcc/4.8.3/include/antioch/read_reaction_set_data_xml.h, line 452

*** Warning, The parameter A is not given a unit
default unit given is m3/kmol/s
/ubfs/mae/pbauman/shared/software/libs/antioch/0.2.0/gcc/4.8.3/include/antioch/read_reaction_set_data_xml.h, line 452

*** Warning, The parameter A is not given a unit
default unit given is m3/kmol/s
/ubfs/mae/pbauman/shared/software/libs/antioch/0.2.0/gcc/4.8.3/include/antioch/read_reaction_set_data_xml.h, line 452

*** Warning, The parameter A is not given a unit
default unit given is m3/kmol/s
/ubfs/mae/pbauman/shared/software/libs/antioch/0.2.0/gcc/4.8.3/include/antioch/read_reaction_set_data_xml.h, line 452

*** Warning, The parameter A is not given a unit
default unit given is m3/kmol/s
/ubfs/mae/pbauman/shared/software/libs/antioch/0.2.0/gcc/4.8.3/include/antioch/read_reaction_set_data_xml.h, line 452

*** Warning, The parameter A is not given a unit
default unit given is m3/kmol/s
/ubfs/mae/pbauman/shared/software/libs/antioch/0.2.0/gcc/4.8.3/include/antioch/read_reaction_set_data_xml.h, line 452

*** Warning, The parameter Tref is not provided
default parameter is 1 K
/ubfs/mae/pbauman/shared/software/libs/antioch/0.2.0/gcc/4.8.3/include/antioch/read_reaction_set_data_xml.h, line 560

*** Warning, The parameter Tref is not provided
default parameter is 1 K
/ubfs/mae/pbauman/shared/software/libs/antioch/0.2.0/gcc/4.8.3/include/antioch/read_reaction_set_data_xml.h, line 560

*** Warning, The parameter Tref is not provided
default parameter is 1 K
/ubfs/mae/pbauman/shared/software/libs/antioch/0.2.0/gcc/4.8.3/include/antioch/read_reaction_set_data_xml.h, line 560

*** Warning, The parameter Tref is not provided
default parameter is 1 K
/ubfs/mae/pbauman/shared/software/libs/antioch/0.2.0/gcc/4.8.3/include/antioch/read_reaction_set_data_xml.h, line 560

*** Warning, The parameter 
*** Warning, The parameter Tref is not provided
default parameter is 1 K
/ubfs/mae/pbauman/shared/software/libs/antioch/0.2.0/gcc/4.8.3/include/antioch/read_reaction_set_data_xml.h, line 560

*** Warning, The parameter Tref is not provided
default parameter is 1 K
/ubfs/mae/pbauman/shared/software/libs/antioch/0.2.0/gcc/4.8.3/include/antioch/read_reaction_set_data_xml.h, line 560

*** Warning, The parameter Tref is not provided
default parameter is 1 K
/ubfs/mae/pbauman/shared/software/libs/antioch/0.2.0/gcc/4.8.3/include/antioch/read_reaction_set_data_xml.h, line 560

*** Warning, The parameter Tref is not provided
default parameter is 1 K
/ubfs/mae/pbauman/shared/software/libs/antioch/0.2.0/gcc/4.8.3/include/antioch/read_reaction_set_data_xml.h, line 560

*** Warning, The parameter Tref is not provided
default parameter is 1 K
/ubfs/mae/pbauman/shared/software/libs/antioch/0.2.0/gcc/4.8.3/include/antioch/read_reaction_set_data_xml.h, line 560
Tref is not provided
default parameter is 1 K
/ubfs/mae/pbauman/shared/software/libs/antioch/0.2.0/gcc/4.8.3/include/antioch/read_reaction_set_data_xml.h, line 560

*** Warning, The parameter Tref is not provided
default parameter is 1 K
/ubfs/mae/pbauman/shared/software/libs/antioch/0.2.0/gcc/4.8.3/include/antioch/read_reaction_set_data_xml.h, line 560

*** Warning, The parameter A is not given a unit
default unit given is m3/kmol/s
/ubfs/mae/pbauman/shared/software/libs/antioch/0.2.0/gcc/4.8.3/include/antioch/read_reaction_set_data_xml.h, line 452

*** Warning, The parameter Tref is not provided
default parameter is 1 K
/ubfs/mae/pbauman/shared/software/libs/antioch/0.2.0/gcc/4.8.3/include/antioch/read_reaction_set_data_xml.h, line 560

*** Warning, The parameter A is not given a unit
default unit given is m3/kmol/s
/ubfs/mae/pbauman/shared/software/libs/antioch/0.2.0/gcc/4.8.3/include/antioch/read_reaction_set_data_xml.h, line 452
In reaction 0007
An equation of the form "A * exp(-Ea/(R*T))" is an Arrhenius equation,
and most certainly not a Kooij one
it has been corrected, but please, change that in your file.
Thanks and a good day to you, user.
*** Warning, The parameter A is not given a unit
default unit given is m3/kmol/s
/ubfs/mae/pbauman/shared/software/libs/antioch/0.2.0/gcc/4.8.3/include/antioch/read_reaction_set_data_xml.h, line 452
In reaction 0007
An equation of the form "A * exp(-Ea/(R*T))" is an Arrhenius equation,
and most certainly not a Kooij one
it has been corrected, but please, change that in your file.
Thanks and a good day to you, user.

*** Warning, The parameter A is not given a unit
default unit given is m3/kmol/s
/ubfs/mae/pbauman/shared/software/libs/antioch/0.2.0/gcc/4.8.3/include/antioch/read_reaction_set_data_xml.h, line 452
In reaction 0007
An equation of the form "A * exp(-Ea/(R*T))" is an Arrhenius equation,
and most certainly not a Kooij one
it has been corrected, but please, change that in your file.
Thanks and a good day to you, user.


*** Warning, The parameter A is not given a unit
default unit given is m3/kmol/s
/ubfs/mae/pbauman/shared/software/libs/antioch/0.2.0/gcc/4.8.3/include/antioch/read_reaction_set_data_xml.h, line 452
In reaction 0007
An equation of the form "A * exp(-Ea/(R*T))" is an Arrhenius equation,
and most certainly not a Kooij one
it has been corrected, but please, change that in your file.
Thanks and a good day to you, user.

*** Warning, The parameter A is not given a unit
default unit given is m3/kmol/s
/ubfs/mae/pbauman/shared/software/libs/antioch/0.2.0/gcc/4.8.3/include/antioch/read_reaction_set_data_xml.h, line 452
In reaction 
*** Warning, The parameter A is not given a unit
default unit given is m3/kmol/s
/ubfs/mae/pbauman/shared/software/libs/antioch/0.2.0/gcc/4.8.3/include/antioch/read_reaction_set_data_xml.h, line 452
In reaction 0007
An equation of the form "A * exp(-Ea/(R*T))" is an Arrhenius equation,
and most certainly not a Kooij one
it has been corrected, but please, change that in your file.
Thanks and a good day to you, user.

*** Warning, The parameter A is not given a unit
default unit given is m3/kmol/s
/ubfs/mae/pbauman/shared/software/libs/antioch/0.2.0/gcc/4.8.3/include/antioch/read_reaction_set_data_xml.h, line 452
In reaction 0007
An equation of the form "A * exp(-Ea/(R*T))" is an Arrhenius equation,
and most certainly not a Kooij one
it has been corrected, but please, change that in your file.
Thanks and a good day to you, user.

*** Warning, The parameter A is not given a unit
default unit given is m3/kmol/s
/ubfs/mae/pbauman/shared/software/libs/antioch/0.2.0/gcc/4.8.3/include/antioch/read_reaction_set_data_xml.h, line 452
In reaction 0007
An equation of the form "A * exp(-Ea/(R*T))" is an Arrhenius equation,
and most certainly not a Kooij one
it has been corrected, but please, change that in your file.
Thanks and a good day to you, user.

*** Warning, The parameter 
*** Warning, The parameter A is not given a unit
default unit given is m3/kmol/s0007
An equation of the form "A * exp(-Ea/(R*T))" is an Arrhenius equation,
and most certainly not a Kooij one
it has been corrected, but please, change that in your file.
Thanks and a good day to you, user.

*** Warning, The parameter A is not given a unit
default unit given is m3/kmol/s
/ubfs/mae/pbauman/shared/software/libs/antioch/0.2.0/gcc/4.8.3/include/antioch/read_reaction_set_data_xml.h, line 452
In reaction 0007
An equation of the form "A * exp(-Ea/(R*T))" is an Arrhenius equation,
and most certainly not a Kooij one
it has been corrected, but please, change that in your file.
Thanks and a good day to you, user.

/ubfs/mae/pbauman/shared/software/libs/antioch/0.2.0/gcc/4.8.3/include/antioch/read_reaction_set_data_xml.h, line 452
In reaction 0007
An equation of the form "A * exp(-Ea/(R*T))" is an Arrhenius equation,
and most certainly not a Kooij one
it has been corrected, but please, change that in your file.
Thanks and a good day to you, user.
A is not given a unit
default unit given is m3/kmol/s
/ubfs/mae/pbauman/shared/software/libs/antioch/0.2.0/gcc/4.8.3/include/antioch/read_reaction_set_data_xml.h, line 452
In reaction 0007
An equation of the form "A * exp(-Ea/(R*T))" is an Arrhenius equation,
and most certainly not a Kooij one
it has been corrected, but please, change that in your file.
Thanks and a good day to you, user.

*** Warning, The parameter A is not given a unit
default unit given is m3/kmol/s
/ubfs/mae/pbauman/shared/software/libs/antioch/0.2.0/gcc/4.8.3/include/antioch/read_reaction_set_data_xml.h, line 452
In reaction 0007
An equation of the form "A * exp(-Ea/(R*T))" is an Arrhenius equation,
and most certainly not a Kooij one
it has been corrected, but please, change that in your file.
Thanks and a good day to you, user.
==========================================================
List of Enabled Physics:
ReactingLowMachNavierStokes
==========================================================
==========================================================
List of Enabled QoIs:
MassLossCatalytic
AverageNMoleFraction
==========================================================
 ====== Restarting from restart.xdr
 Mesh Information:
  mesh_dimension()=2
  spatial_dimension()=3
  n_nodes()=10783
    n_local_nodes()=961
  n_elem()=3158
    n_local_elem()=274
    n_active_elem()=2418
  n_subdomains()=1
  n_partitions()=12
  n_processors()=12
  n_threads()=1
  processor_id()=0

 EquationSystems
  n_systems()=2
   System #0, "Nitridation"
    Type "Implicit"
    Variables={ "w_N2" "w_N" "w_C" "w_CN" "u" "v" } "p" "T" 
    Finite Element Types="LAGRANGE", "JACOBI_20_00" "LAGRANGE", "JACOBI_20_00" "LAGRANGE", "JACOBI_20_00" 
    Infinite Element Mapping="CARTESIAN" "CARTESIAN" "CARTESIAN" 
    Approximation Orders="SECOND", "THIRD" "FIRST", "THIRD" "SECOND", "THIRD" 
    n_dofs()=78455
    n_local_dofs()=7004
    n_constrained_dofs()=13014
    n_local_constrained_dofs()=1536
    n_vectors()=1
    n_matrices()=1
    DofMap Sparsity
      Average  On-Processor Bandwidth <= 119.327
      Average Off-Processor Bandwidth <= 4.71121
      Maximum  On-Processor Bandwidth <= 389
      Maximum Off-Processor Bandwidth <= 184
    DofMap Constraints
      Number of DoF Constraints = 13014
      Number of Heterogenous Constraints= 1108
      Average DoF Constraint Length= 2.41309
      Number of Node Constraints = 2922
      Maximum Node Constraint Length= 9
      Average Node Constraint Length= 3.48118
   System #1, "interior_output"
    Type "Basic"
    Variables={ "rho" "X_N2" "X_N" "X_C" "X_CN" "mu" "k" } 
    Finite Element Types="LAGRANGE", "JACOBI_20_00" 
    Infinite Element Mapping="CARTESIAN" 
    Approximation Orders="FIRST", "THIRD" 
    n_dofs()=20818
    n_local_dofs()=1939
    n_constrained_dofs()=5075
    n_local_constrained_dofs()=623
    n_vectors()=0
    n_matrices()=0
    DofMap Sparsity
      Average  On-Processor Bandwidth <= 0
      Average Off-Processor Bandwidth <= 0
      Maximum  On-Processor Bandwidth <= 0
      Maximum Off-Processor Bandwidth <= 0
    DofMap Constraints
      Number of DoF Constraints = 5075
      Average DoF Constraint Length= 2
      Number of Node Constraints = 2922
      Maximum Node Constraint Length= 9
      Average Node Constraint Length= 3.48118

Assembling the System
*** Warning, This code is deprecated, and likely to be removed in future library versions! /ubfs/mae/pbauman/shared/software/libs/libmesh/master/gcc-4.8.3/mpich-3.1.2/petsc-3.5.1/vtk-6.1.0/boost-1.56.0/tbb-4.2.5/openblas-0.2.10/include/libmesh/libmesh_common.h, line 488, compiled Sep  5 2014 at 08:17:40 ***
Nonlinear Residual: 0.00734269
Linear solve starting, tolerance 0.001
Linear solve finished, step 1, residual 0
Trying full Newton step
  Current Residual: 0.000457121
  Nonlinear step: |du|/|u| = 0.00718837, |du| = 668.776
Assembling the System
Nonlinear Residual: 0.000457121
Linear solve starting, tolerance 0.001
Linear solve finished, step 1, residual 0
Trying full Newton step
  Current Residual: 1.00674e-05
  Nonlinear step: |du|/|u| = 0.000544294, |du| = 50.6361
Assembling the System
Nonlinear Residual: 1.00674e-05
Linear solve starting, tolerance 0.001
Linear solve finished, step 1, residual 0
Trying full Newton step
  Current Residual: 4.5655e-09
  Nonlinear step: |du|/|u| = 4.34772e-06, |du| = 0.404471
Assembling the System
Nonlinear Residual: 4.5655e-09
Linear solve starting, tolerance 0.001
Linear solve finished, step 1, residual 0
Trying full Newton step
  Current Residual: 1.78358e-13
  Nonlinear solver converged, step 3, residual reduction 2.42906e-11 < 1e-10
  Nonlinear solver converged, step 3, relative step size 4.64215e-09 < 1e-06
==========================================================
MassLossCatalytic = -4.0105102310470901e-07
==========================================================
==========================================================
AverageNMoleFraction = 6.2310716654612294e-04
==========================================================

 ------------------------------------------------------------------------------------------------------------------------------------------------------------------------------
| Processor id:   0                                                                                                                                                            |
| Num Processors: 12                                                                                                                                                           |
| Time:           Wed Sep 10 12:27:36 2014                                                                                                                                     |
| OS:             Linux                                                                                                                                                        |
| HostName:       fry.eng.buffalo.edu                                                                                                                                          |
| OS Release:     2.6.32-431.23.3.el6.x86_64                                                                                                                                   |
| OS Version:     #1 SMP Wed Jul 16 06:12:23 EDT 2014                                                                                                                          |
| Machine:        x86_64                                                                                                                                                       |
| Username:       pbauman                                                                                                                                                      |
| Configuration:  ../libmesh_src/configure  '--prefix=/ubfs/mae/pbauman/shared/software/libs/libmesh/master/gcc-4.8.3/mpich-3.1.2/petsc-3.5.1/vtk-6.1.0/boost-1.56.0/tbb-4.2.5/openblas-0.2.10'|
|  '--enable-everything'                                                                                                                                                       |
|  '--with-metis=PETSc'                                                                                                                                                        |
|  '--with-boost=/ubfs/mae/pbauman/shared/software/libs/boost/1.56.0/gcc/4.8.3'                                                                                                |
|  '--with-mpi=/ubfs/mae/pbauman/shared/software/libs/mpich/3.1.2/gcc/4.8.3'                                                                                                   |
|  '--with-tbb=/ubfs/mae/pbauman/shared/software/libs/tbb/4.2.5/gcc/4.8.3/linux_intel64_gcc_cc4.8.3_libc2.12_kernel2.6.32_release'                                             |
|  '--with-vtk=/ubfs/mae/pbauman/shared/software/libs/vtk/6.1.0/gcc/4.8.3'                                                                                                     |
|  'CXX=g++'                                                                                                                                                                   |
|  'CC=gcc'                                                                                                                                                                    |
|  'FC=gfortran'                                                                                                                                                               |
|  'F77=gfortran'                                                                                                                                                              |
|  'PETSC_DIR=/ubfs/mae/pbauman/shared/software/libs/petsc/petsc-3.5.1/'                                                                                                       |
|  'PETSC_ARCH=gcc-4.8.3-mpich-3.1.2-openblas-0.2.10-cxx-opt'                                                                                                                  |
|  'VTK_DIR=/ubfs/mae/pbauman/shared/software/libs/vtk/6.1.0/gcc/4.8.3'                                                                                                        |
|  'HDF5_DIR=/ubfs/mae/pbauman/shared/software/libs/hdf5/1.8.13/gcc/4.8.3'                                                                                                     |
 ------------------------------------------------------------------------------------------------------------------------------------------------------------------------------
 -----------------------------------------------------------------------------------------------------------------
| libMesh Performance: Alive time=22.346, Active time=19.2797                                                     |
 -----------------------------------------------------------------------------------------------------------------
| Event                              nCalls     Total Time  Avg Time    Total Time  Avg Time    % of Active Time  |
|                                               w/o Sub     w/o Sub     With Sub    With Sub    w/o S    With S   |
|-----------------------------------------------------------------------------------------------------------------|
|                                                                                                                 |
|                                                                                                                 |
| DofMap                                                                                                          |
|   add_neighbors_to_send_list()     4          0.0034      0.000844    0.0058      0.001446    0.02     0.03     |
|   build_constraint_matrix()        1632       0.0448      0.000027    0.0448      0.000027    0.23     0.23     |
|   build_sparsity()                 2          0.0551      0.027558    0.0617      0.030865    0.29     0.32     |
|   cnstrn_elem_mat_vec()            816        0.0803      0.000098    0.0803      0.000098    0.42     0.42     |
|   constrain_elem_vector()          816        0.0071      0.000009    0.0071      0.000009    0.04     0.04     |
|   create_dof_constraints()         4          1.8102      0.452561    5.9889      1.497214    9.39     31.06    |
|   distribute_dofs()                4          0.0114      0.002845    0.0548      0.013706    0.06     0.28     |
|   dof_indices()                    194192     1.0850      0.000006    1.0850      0.000006    5.63     5.63     |
|   enforce_constraints_exactly()    8          0.0454      0.005670    0.0454      0.005670    0.24     0.24     |
|   old_dof_indices()                3468       0.0227      0.000007    0.0227      0.000007    0.12     0.12     |
|   prepare_send_list()              4          0.0006      0.000150    0.0006      0.000150    0.00     0.00     |
|   reinit()                         4          0.0240      0.005993    0.0240      0.005993    0.12     0.12     |
|                                                                                                                 |
| EquationSystems                                                                                                 |
|   read()                           1          0.0161      0.016103    0.0878      0.087807    0.08     0.46     |
|   update()                         1          0.0002      0.000219    0.0002      0.000219    0.00     0.00     |
|                                                                                                                 |
| FE                                                                                                              |
|   compute_shape_functions()        6200       0.0304      0.000005    0.0304      0.000005    0.16     0.16     |
|   init_shape_functions()           2952       0.0143      0.000005    0.0143      0.000005    0.07     0.07     |
|   inverse_map()                    58108      0.3789      0.000007    0.3789      0.000007    1.97     1.97     |
|                                                                                                                 |
| FEMSystem                                                                                                       |
|   assemble_qoi()                   1          0.0136      0.013644    0.0586      0.058617    0.07     0.30     |
|   assembly()                       4          0.3028      0.075690    11.8451     2.961279    1.57     61.44    |
|   assembly(get_residual)           4          0.1642      0.041049    0.3597      0.089917    0.85     1.87     |
|   numerical_elem_jacobian()        816        11.3447     0.013903    11.3447     0.013903    58.84    58.84    |
|   numerical_side_jacobian()        152        0.0493      0.000325    0.0493      0.000325    0.26     0.26     |
|                                                                                                                 |
| FEMap                                                                                                           |
|   compute_affine_map()             6200       0.0245      0.000004    0.0245      0.000004    0.13     0.13     |
|   compute_face_map()               2936       0.0537      0.000018    0.1731      0.000059    0.28     0.90     |
|   init_face_shape_functions()      2270       0.0114      0.000005    0.0114      0.000005    0.06     0.06     |
|   init_reference_to_physical_map() 2952       0.0232      0.000008    0.0232      0.000008    0.12     0.12     |
|                                                                                                                 |
| LocationMap                                                                                                     |
|   init()                           1          0.0016      0.001615    0.0016      0.001615    0.01     0.01     |
|                                                                                                                 |
| Mesh                                                                                                            |
|   contract()                       1          0.0001      0.000078    0.0003      0.000277    0.00     0.00     |
|   find_neighbors()                 1          0.0047      0.004652    0.0055      0.005542    0.02     0.03     |
|   renumber_nodes_and_elem()        3          0.0007      0.000240    0.0007      0.000240    0.00     0.00     |
|                                                                                                                 |
| MeshCommunication                                                                                               |
|   assign_global_indices()          1          0.0617      0.061663    0.0663      0.066267    0.32     0.34     |
|   compute_hilbert_indices()        1          0.0049      0.004934    0.0049      0.004934    0.03     0.03     |
|   find_global_indices()            1          0.0006      0.000612    0.0089      0.008912    0.00     0.05     |
|   parallel_sort()                  1          0.0007      0.000667    0.0007      0.000744    0.00     0.00     |
|                                                                                                                 |
| MeshRefinement                                                                                                  |
|   _coarsen_elements()              1          0.0001      0.000077    0.0001      0.000085    0.00     0.00     |
|   _refine_elements()               1          0.0003      0.000346    0.0004      0.000357    0.00     0.00     |
|   make_coarsening_compatible()     1          0.0013      0.001275    0.0013      0.001275    0.01     0.01     |
|   make_flags_parallel_consistent() 2          0.0014      0.000691    0.0114      0.005707    0.01     0.06     |
|   make_refinement_compatible()     1          0.0000      0.000011    0.0000      0.000028    0.00     0.00     |
|                                                                                                                 |
| MetisPartitioner                                                                                                |
|   partition()                      1          0.0081      0.008126    0.0171      0.017116    0.04     0.09     |
|                                                                                                                 |
| NewtonSolver                                                                                                    |
|   solve()                          1          0.1338      0.133755    15.7112     15.711194   0.69     81.49    |
|                                                                                                                 |
| Parallel                                                                                                        |
|   allgather()                      21         0.0015      0.000069    0.0015      0.000072    0.01     0.01     |
|   broadcast()                      217        0.0032      0.000015    0.0032      0.000015    0.02     0.02     |
|   max(bool)                        5          0.0000      0.000008    0.0000      0.000008    0.00     0.00     |
|   max(scalar)                      11         0.0010      0.000090    0.0010      0.000090    0.01     0.01     |
|   max(vector)                      2          0.0000      0.000017    0.0000      0.000017    0.00     0.00     |
|   min(bool)                        4          0.0000      0.000008    0.0000      0.000008    0.00     0.00     |
|   min(vector)                      2          0.0000      0.000012    0.0000      0.000012    0.00     0.00     |
|   probe()                          562        0.0065      0.000012    0.0065      0.000012    0.03     0.03     |
|   receive()                        496        0.0055      0.000011    0.0161      0.000032    0.03     0.08     |
|   send()                           496        0.0035      0.000007    0.0035      0.000007    0.02     0.02     |
|   send_receive()                   424        0.0085      0.000020    0.0413      0.000097    0.04     0.21     |
|   sum()                            43         0.0032      0.000074    0.0032      0.000074    0.02     0.02     |
|                                                                                                                 |
| Parallel::Request                                                                                               |
|   wait()                           496        0.0022      0.000004    0.0022      0.000004    0.01     0.01     |
|                                                                                                                 |
| Partitioner                                                                                                     |
|   set_node_processor_ids()         2          0.0023      0.001130    0.0073      0.003670    0.01     0.04     |
|   set_parent_processor_ids()       1          0.0003      0.000256    0.0003      0.000256    0.00     0.00     |
|                                                                                                                 |
| PetscLinearSolver                                                                                               |
|   solve()                          4          3.3350      0.833762    3.3350      0.833762    17.30    17.30    |
|                                                                                                                 |
| ProjectVector                                                                                                   |
|   operator()                       2          0.0375      0.018756    0.1481      0.074035    0.19     0.77     |
|                                                                                                                 |
| System                                                                                                          |
|   project_vector()                 2          0.0062      0.003092    0.1697      0.084838    0.03     0.88     |
|                                                                                                                 |
| XdrIO                                                                                                           |
|   read()                           1          0.0260      0.025983    0.0275      0.027536    0.13     0.14     |
 -----------------------------------------------------------------------------------------------------------------
| Totals:                            286360     19.2797                                         100.00            |
 -----------------------------------------------------------------------------------------------------------------

