In reaction 0001
An equation of the form "A * (T/Tref)^beta * exp(-Ea/(R*T))" is a Kooij equation,
I guess a modified Arrhenius could be a name too.  Whatever, the correct label is
"Kooij", or, << à la limite >> "ModifiedArrhenius".  Please use those terms instead,
thanks and a good day to you, user.
In reaction 0001
An equation of the form "A * (T/Tref)^beta * exp(-Ea/(R*T))" is a Kooij equation,
I guess a modified Arrhenius could be a name too.  Whatever, the correct label is
"Kooij", or, << à la limite >> "ModifiedArrhenius".  Please use those terms instead,
thanks and a good day to you, user.
In reaction 0001
An equation of the form "A * (T/Tref)^beta * exp(-Ea/(R*T))" is a Kooij equation,
I guess a modified Arrhenius could be a name too.  Whatever, the correct label is
"Kooij", or, << à la limite >> "ModifiedArrhenius".  Please use those terms instead,
thanks and a good day to you, user.
In reaction 0001
An equation of the form "A * (T/Tref)^beta * exp(-Ea/(R*T))" is a Kooij equation,
I guess a modified Arrhenius could be a name too.  Whatever, the correct label is
"Kooij", or, << à la limite >> "ModifiedArrhenius".  Please use those terms instead,
thanks and a good day to you, user.
In reaction 0001
An equation of the form "A * (T/Tref)^beta * exp(-Ea/(R*T))" is a Kooij equation,
I guess a modified Arrhenius could be a name too.  Whatever, the correct label is
"Kooij", or, << à la limite >> "ModifiedArrhenius".  Please use those terms instead,
thanks and a good day to you, user.In reaction 0001
An equation of the form "A * (T/Tref)^beta * exp(-Ea/(R*T))" is a Kooij equation,
I guess a modified Arrhenius could be a name too.  Whatever, the correct label is
"Kooij", or, << à la limite >> "ModifiedArrhenius".  Please use those terms instead,
thanks and a good day to you, user.In reaction 0001
An equation of the form "A * (T/Tref)^beta * exp(-Ea/(R*T))" is a Kooij equation,
I guess a modified Arrhenius could be a name too.  Whatever, the correct label is
"Kooij", or, << à la limite >> "ModifiedArrhenius".  Please use those terms instead,
thanks and a good day to you, user.
In reaction 0001
An equation of the form "A * (T/Tref)^beta * exp(-Ea/(R*T))" is a Kooij equation,
I guess a modified Arrhenius could be a name too.  Whatever, the correct label is
"Kooij", or, << à la limite >> "ModifiedArrhenius".  Please use those terms instead,
thanks and a good day to you, user.
In reaction 0001
An equation of the form "A * (T/Tref)^beta * exp(-Ea/(R*T))" is a Kooij equation,
I guess a modified Arrhenius could be a name too.  Whatever, the correct label is
"Kooij", or, << à la limite >> "ModifiedArrhenius".  Please use those terms instead,
thanks and a good day to you, user.
In reaction 0001
An equation of the form "A * (T/Tref)^beta * exp(-Ea/(R*T))" is a Kooij equation,
I guess a modified Arrhenius could be a name too.  Whatever, the correct label is
"Kooij", or, << à la limite >> "ModifiedArrhenius".  Please use those terms instead,
thanks and a good day to you, user.
In reaction 0001
An equation of the form "A * (T/Tref)^beta * exp(-Ea/(R*T))" is a Kooij equation,
I guess a modified Arrhenius could be a name too.  Whatever, the correct label is
"Kooij", or, << à la limite >> "ModifiedArrhenius".  Please use those terms instead,
thanks and a good day to you, user.
In reaction 0001
An equation of the form "A * (T/Tref)^beta * exp(-Ea/(R*T))" is a Kooij equation,
I guess a modified Arrhenius could be a name too.  Whatever, the correct label is
"Kooij", or, << à la limite >> "ModifiedArrhenius".  Please use those terms instead,
thanks and a good day to you, user.



*** Warning, The parameter A is not given a unit
default unit given is m3/kmol/s
/ubfs/mae/pbauman/shared/software/libs/antioch/0.2.0/gcc/4.8.3/include/antioch/read_reaction_set_data_xml.h, line 452

*** Warning, The parameter A is not given a unit
default unit given is m3/kmol/s
/ubfs/mae/pbauman/shared/software/libs/antioch/0.2.0/gcc/4.8.3/include/antioch/read_reaction_set_data_xml.h
*** Warning, The parameter A is not given a unit
default unit given is m3/kmol/s
/ubfs/mae/pbauman/shared/software/libs/antioch/0.2.0/gcc/4.8.3/include/antioch/read_reaction_set_data_xml.h, line 452

*** Warning, The parameter A is not given a unit
default unit given is m3/kmol/s
/ubfs/mae/pbauman/shared/software/libs/antioch/0.2.0/gcc/4.8.3/include/antioch/read_reaction_set_data_xml.h, line 452
, line 452

*** Warning, The parameter A is not given a unit
default unit given is m3/kmol/s
/ubfs/mae/pbauman/shared/software/libs/antioch/0.2.0/gcc/4.8.3/include/antioch/read_reaction_set_data_xml.h, line 452

*** Warning, The parameter A is not given a unit
default unit given is m3/kmol/s
/ubfs/mae/pbauman/shared/software/libs/antioch/0.2.0/gcc/4.8.3/include/antioch/read_reaction_set_data_xml.h, line 452

*** Warning, The parameter A is not given a unit
default unit given is m3/kmol/s
/ubfs/mae/pbauman/shared/software/libs/antioch/0.2.0/gcc/4.8.3/include/antioch/read_reaction_set_data_xml.h, line 452

*** Warning, The parameter 
*** Warning, The parameter A is not given a unit
default unit given is m3/kmol/s
/ubfs/mae/pbauman/shared/software/libs/antioch/0.2.0/gcc/4.8.3/include/antioch/read_reaction_set_data_xml.h, line 452

*** Warning, The parameter A is not given a unit
default unit given is m3/kmol/s
/ubfs/mae/pbauman/shared/software/libs/antioch/0.2.0/gcc/4.8.3/include/antioch/read_reaction_set_data_xml.h, line 452

*** Warning, The parameter A is not given a unit
default unit given is m3/kmol/s
/ubfs/mae/pbauman/shared/software/libs/antioch/0.2.0/gcc/4.8.3/include/antioch/read_reaction_set_data_xml.h, line 452

*** Warning, The parameter A is not given a unit
default unit given is m3/kmol/s
/ubfs/mae/pbauman/shared/software/libs/antioch/0.2.0/gcc/4.8.3/include/antioch/read_reaction_set_data_xml.h, line 452
A is not given a unit
default unit given is m3/kmol/s
/ubfs/mae/pbauman/shared/software/libs/antioch/0.2.0/gcc/4.8.3/include/antioch/read_reaction_set_data_xml.h, line 452

*** Warning, The parameter Tref is not provided
default parameter is 1 K
/ubfs/mae/pbauman/shared/software/libs/antioch/0.2.0/gcc/4.8.3/include/antioch/read_reaction_set_data_xml.h, line 560

*** Warning, The parameter Tref is not provided
default parameter is 1 K
/ubfs/mae/pbauman/shared/software/libs/antioch/0.2.0/gcc/4.8.3/include/antioch/read_reaction_set_data_xml.h, line 560

*** Warning, The parameter Tref is not provided
default parameter is 1 K
/ubfs/mae/pbauman/shared/software/libs/antioch/0.2.0/gcc/4.8.3/include/antioch/read_reaction_set_data_xml.h, line 560

*** Warning, The parameter Tref is not provided
default parameter is 1 K
/ubfs/mae/pbauman/shared/software/libs/antioch/0.2.0/gcc/4.8.3/include/antioch/read_reaction_set_data_xml.h, line 560

*** Warning, The parameter 
*** Warning, The parameter Tref is not provided
default parameter is 1 K
/ubfs/mae/pbauman/shared/software/libs/antioch/0.2.0/gcc/4.8.3/include/antioch/read_reaction_set_data_xml.h, line 560

*** Warning, The parameter Tref is not provided
default parameter is 1 K
/ubfs/mae/pbauman/shared/software/libs/antioch/0.2.0/gcc/4.8.3/include/antioch/read_reaction_set_data_xml.h, line 560

*** Warning, The parameter Tref is not provided
default parameter is 1 K
/ubfs/mae/pbauman/shared/software/libs/antioch/0.2.0/gcc/4.8.3/include/antioch/read_reaction_set_data_xml.h, line 560

*** Warning, The parameter Tref is not provided
default parameter is 1 K
/ubfs/mae/pbauman/shared/software/libs/antioch/0.2.0/gcc/4.8.3/include/antioch/read_reaction_set_data_xml.h, line 560

*** Warning, The parameter Tref is not provided
default parameter is 1 K
/ubfs/mae/pbauman/shared/software/libs/antioch/0.2.0/gcc/4.8.3/include/antioch/read_reaction_set_data_xml.h, line 560

*** Warning, The parameter Tref is not provided
default parameter is 1 K
/ubfs/mae/pbauman/shared/software/libs/antioch/0.2.0/gcc/4.8.3/include/antioch/read_reaction_set_data_xml.h, line 560
Tref is not provided
default parameter is 1 K
/ubfs/mae/pbauman/shared/software/libs/antioch/0.2.0/gcc/4.8.3/include/antioch/read_reaction_set_data_xml.h, line 560

*** Warning, The parameter Tref is not provided
default parameter is 1 K
/ubfs/mae/pbauman/shared/software/libs/antioch/0.2.0/gcc/4.8.3/include/antioch/read_reaction_set_data_xml.h, line 560

*** Warning, The parameter A is not given a unit
default unit given is m3/kmol/s
/ubfs/mae/pbauman/shared/software/libs/antioch/0.2.0/gcc/4.8.3/include/antioch/read_reaction_set_data_xml.h, line 452
In reaction 0007
An equation of the form "A * exp(-Ea/(R*T))" is an Arrhenius equation,
and most certainly not a Kooij one
it has been corrected, but please, change that in your file.
Thanks and a good day to you, user.

*** Warning, The parameter A is not given a unit
default unit given is m3/kmol/s
/ubfs/mae/pbauman/shared/software/libs/antioch/0.2.0/gcc/4.8.3/include/antioch/read_reaction_set_data_xml.h, line 452
In reaction 0007
An equation of the form "A * exp(-Ea/(R*T))" is an Arrhenius equation,
and most certainly not a Kooij one
it has been corrected, but please, change that in your file.
Thanks and a good day to you, user.

*** Warning, The parameter A is not given a unit
default unit given is m3/kmol/s
/ubfs/mae/pbauman/shared/software/libs/antioch/0.2.0/gcc/4.8.3/include/antioch/read_reaction_set_data_xml.h, line 452
In reaction 0007
An equation of the form "A * exp(-Ea/(R*T))" is an Arrhenius equation,
and most certainly not a Kooij one
it has been corrected, but please, change that in your file.
Thanks and a good day to you, user.

*** Warning, The parameter A is not given a unit
default unit given is m3/kmol/s
/ubfs/mae/pbauman/shared/software/libs/antioch/0.2.0/gcc/4.8.3/include/antioch/read_reaction_set_data_xml.h, line 452
In reaction 0007
An equation of the form "A * exp(-Ea/(R*T))" is an Arrhenius equation,
and most certainly not a Kooij one
it has been corrected, but please, change that in your file.
Thanks and a good day to you, user.

*** Warning, The parameter A is not given a unit
default unit given is m3/kmol/s
/ubfs/mae/pbauman/shared/software/libs/antioch/0.2.0/gcc/4.8.3/include/antioch/read_reaction_set_data_xml.h, line 452

*** Warning, The parameter A is not given a unit
default unit given is m3/kmol/s
/ubfs/mae/pbauman/shared/software/libs/antioch/0.2.0/gcc/4.8.3/include/antioch/read_reaction_set_data_xml.h, line 452
In reaction 0007
An equation of the form "A * exp(-Ea/(R*T))" is an Arrhenius equation,
and most certainly not a Kooij one
it has been corrected, but please, change that in your file.

*** Warning, The parameter A is not given a unit
default unit given is m3/kmol/s
*** Warning, The parameter A is not given a unit
default unit given is m3/kmol/s
/ubfs/mae/pbauman/shared/software/libs/antioch/0.2.0/gcc/4.8.3/include/antioch/read_reaction_set_data_xml.h, line 452
In reaction 0007
An equation of the form "A * exp(-Ea/(R*T))" is an Arrhenius equation,
and most certainly not a Kooij one
it has been corrected, but please, change that in your file.
Thanks and a good day to you, user.

*** Warning, The parameter A is not given a unit
default unit given is m3/kmol/s
/ubfs/mae/pbauman/shared/software/libs/antioch/0.2.0/gcc/4.8.3/include/antioch/read_reaction_set_data_xml.h, line 452
In reaction 0007
An equation of the form "A * exp(-Ea/(R*T))" is an Arrhenius equation,
and most certainly not a Kooij one
it has been corrected, but please, change that in your file.
Thanks and a good day to you, user.

*** Warning, The parameter A is not given a unit
default unit given is m3/kmol/s
/ubfs/mae/pbauman/shared/software/libs/antioch/0.2.0/gcc/4.8.3/include/antioch/read_reaction_set_data_xml.h, line 452
In reaction 0007
An equation of the form "A * exp(-Ea/(R*T))" is an Arrhenius equation,
and most certainly not a Kooij one
it has been corrected, but please, change that in your file.
Thanks and a good day to you, user.
In reaction 0007
An equation of the form "A * exp(-Ea/(R*T))" is an Arrhenius equation,
and most certainly not a Kooij one
it has been corrected, but please, change that in your file.
Thanks and a good day to you, user.
Thanks and a good day to you, user.

*** Warning, The parameter A is not given a unit
default unit given is m3/kmol/s
/ubfs/mae/pbauman/shared/software/libs/antioch/0.2.0/gcc/4.8.3/include/antioch/read_reaction_set_data_xml.h, line 452
*** Warning, The parameter A is not given a unit
default unit given is m3/kmol/s
/ubfs/mae/pbauman/shared/software/libs/antioch/0.2.0/gcc/4.8.3/include/antioch/read_reaction_set_data_xml.h, line 452
In reaction 0007
An equation of the form "A * exp(-Ea/(R*T))" is an Arrhenius equation,
and most certainly not a Kooij one

In reaction 0007
An equation of the form "A * exp(-Ea/(R*T))" is an Arrhenius equation,
and most certainly not a Kooij one
it has been corrected, but please, change that in your file.
Thanks and a good day to you, user.
it has been corrected, but please, change that in your file.
Thanks and a good day to you, user.

/ubfs/mae/pbauman/shared/software/libs/antioch/0.2.0/gcc/4.8.3/include/antioch/read_reaction_set_data_xml.h, line 452
In reaction 0007
An equation of the form "A * exp(-Ea/(R*T))" is an Arrhenius equation,
and most certainly not a Kooij one
it has been corrected, but please, change that in your file.
Thanks and a good day to you, user.
==========================================================
List of Enabled Physics:
ReactingLowMachNavierStokes
==========================================================
==========================================================
List of Enabled QoIs:
MassLossCatalytic
AverageNMoleFraction
==========================================================
 Mesh Information:
  mesh_dimension()=2
  spatial_dimension()=3
  n_nodes()=867
    n_local_nodes()=95
  n_elem()=198
    n_local_elem()=16
    n_active_elem()=198
  n_subdomains()=1
  n_partitions()=12
  n_processors()=12
  n_threads()=1
  processor_id()=0

 EquationSystems
  n_systems()=2
   System #0, "Nitridation"
    Type "Implicit"
    Variables={ "w_N2" "w_N" "w_C" "w_CN" "u" "v" } "p" "T" 
    Finite Element Types="LAGRANGE", "JACOBI_20_00" "LAGRANGE", "JACOBI_20_00" "LAGRANGE", "JACOBI_20_00" 
    Infinite Element Mapping="CARTESIAN" "CARTESIAN" "CARTESIAN" 
    Approximation Orders="SECOND", "THIRD" "FIRST", "THIRD" "SECOND", "THIRD" 
    n_dofs()=6305
    n_local_dofs()=697
    n_constrained_dofs()=403
    n_local_constrained_dofs()=46
    n_vectors()=1
    n_matrices()=1
    DofMap Sparsity
      Average  On-Processor Bandwidth <= 92.4344
      Average Off-Processor Bandwidth <= 32.6636
      Maximum  On-Processor Bandwidth <= 232
      Maximum Off-Processor Bandwidth <= 147
    DofMap Constraints
      Number of DoF Constraints = 403
      Number of Heterogenous Constraints= 152
      Average DoF Constraint Length= 0
      Number of Node Constraints = 0
   System #1, "interior_output"
    Type "Basic"
    Variables={ "rho" "X_N2" "X_N" "X_C" "X_CN" "mu" "k" } 
    Finite Element Types="LAGRANGE", "JACOBI_20_00" 
    Infinite Element Mapping="CARTESIAN" 
    Approximation Orders="FIRST", "THIRD" 
    n_dofs()=1652
    n_local_dofs()=224
    n_constrained_dofs()=0
    n_local_constrained_dofs()=0
    n_vectors()=0
    n_matrices()=0
    DofMap Sparsity
      Average  On-Processor Bandwidth <= 0
      Average Off-Processor Bandwidth <= 0
      Maximum  On-Processor Bandwidth <= 0
      Maximum Off-Processor Bandwidth <= 0
    DofMap Constraints
      Number of DoF Constraints = 0
      Number of Node Constraints = 0

==========================================================
Performing 9 adaptive refinements
==========================================================
==========================================================
Adaptive Refinement Step 0
==========================================================
Assembling the System
*** Warning, This code is deprecated, and likely to be removed in future library versions! /ubfs/mae/pbauman/shared/software/libs/libmesh/master/gcc-4.8.3/mpich-3.1.2/petsc-3.5.1/vtk-6.1.0/boost-1.56.0/tbb-4.2.5/openblas-0.2.10/include/libmesh/libmesh_common.h, line 488, compiled Sep 16 2014 at 08:13:34 ***
Nonlinear Residual: 0.0234673
Linear solve starting, tolerance 0.001
Linear solve finished, step 1, residual 0
Trying full Newton step
  Current Residual: 0.00129144
  Nonlinear step: |du|/|u| = 0.00946146, |du| = 266.121
Assembling the System
Nonlinear Residual: 0.00129144
Linear solve starting, tolerance 0.001
Linear solve finished, step 1, residual 0
Trying full Newton step
  Current Residual: 4.49496e-06
  Nonlinear step: |du|/|u| = 0.000445147, |du| = 12.5204
Assembling the System
Nonlinear Residual: 4.49496e-06
Linear solve starting, tolerance 0.001
Linear solve finished, step 1, residual 0
Trying full Newton step
  Current Residual: 8.14878e-11
  Nonlinear step: |du|/|u| = 1.48625e-06, |du| = 0.0418029
Assembling the System
Nonlinear Residual: 8.14878e-11
Linear solve starting, tolerance 0.001
Linear solve finished, step 1, residual 0
Trying full Newton step
  Current Residual: 6.39403e-14
  Nonlinear solver converged, step 3, residual reduction 2.72466e-12 < 1e-10
  Nonlinear solver converged, step 3, relative step size 2.16109e-11 < 1e-06
==========================================================
Solving adjoint problem.
==========================================================
==========================================================
Estimating error
==========================================================
==========================================================
Checking convergence
==========================================================
==========================================================
Error estimate = 4.01408e-07
==========================================================
==========================================================
Performing Mesh Refinement
==========================================================
==========================================================
Refined mesh to          255 active elements
                        7313 active dofs
==========================================================
==========================================================
MassLossCatalytic = -8.8428515830579522e-08
==========================================================
==========================================================
AverageNMoleFraction = 4.6768390285396606e-04
==========================================================

==========================================================
Adaptive Refinement Step 1
==========================================================
Assembling the System
Nonlinear Residual: 1.1069394755119064e+00
Linear solve starting, tolerance 1.0000000000000000e-03
Linear solve finished, step 1, residual 0.0000000000000000e+00
Trying full Newton step
  Current Residual: 9.3970327178186739e-03
  Nonlinear step: |du|/|u| = 5.1535510409870195e-03, |du| = 1.5892892866505736e+02
Assembling the System
Nonlinear Residual: 9.3970327178186739e-03
Linear solve starting, tolerance 1.0000000000000000e-03
Linear solve finished, step 1, residual 0.0000000000000000e+00
Trying full Newton step
  Current Residual: 1.4324880683931865e-06
  Nonlinear step: |du|/|u| = 2.3286471499524156e-04, |du| = 7.1809482397141462e+00
Assembling the System
Nonlinear Residual: 1.4324880683931838e-06
Linear solve starting, tolerance 1.0000000000000000e-03
Linear solve finished, step 1, residual 0.0000000000000000e+00
Trying full Newton step
  Current Residual: 4.0820633747248308e-12
  Nonlinear solver converged, step 2, residual reduction 3.6877024128505965e-12 < 1.0000000000000000e-10
  Nonlinear solver converged, step 2, relative step size 3.1947632385893096e-07 < 9.9999999999999995e-07
==========================================================
Solving adjoint problem.
==========================================================
==========================================================
Estimating error
==========================================================
==========================================================
Checking convergence
==========================================================
==========================================================
Error estimate = 2.1896523225411330e-07
==========================================================
==========================================================
Performing Mesh Refinement
==========================================================
==========================================================
Refined mesh to          321 active elements
                        9041 active dofs
==========================================================
==========================================================
MassLossCatalytic = -8.7709711464238079e-08
==========================================================
==========================================================
AverageNMoleFraction = 4.6038892647887446e-04
==========================================================

==========================================================
Adaptive Refinement Step 2
==========================================================
Assembling the System
Nonlinear Residual: 1.2150902900554664e-02
Linear solve starting, tolerance 1.0000000000000000e-03
Linear solve finished, step 1, residual 0.0000000000000000e+00
Trying full Newton step
  Current Residual: 1.3824591250797318e-04
  Nonlinear step: |du|/|u| = 3.6106831781155578e-03, |du| = 1.2539766411166558e+02
Assembling the System
Nonlinear Residual: 1.3824591250797318e-04
Linear solve starting, tolerance 1.0000000000000000e-03
Linear solve finished, step 1, residual 0.0000000000000000e+00
Trying full Newton step
  Current Residual: 5.7970298552796794e-08
  Nonlinear step: |du|/|u| = 8.0153699504158064e-05, |du| = 2.7836672359073424e+00
Assembling the System
Nonlinear Residual: 5.7970298552802843e-08
Linear solve starting, tolerance 1.0000000000000000e-03
Linear solve finished, step 1, residual 0.0000000000000000e+00
Trying full Newton step
  Current Residual: 4.5945381720122821e-13
  Nonlinear solver converged, step 2, residual reduction 3.7812319048344556e-11 < 1.0000000000000000e-10
  Nonlinear solver converged, step 2, relative step size 3.6129853919635472e-08 < 9.9999999999999995e-07
==========================================================
Solving adjoint problem.
==========================================================
==========================================================
Estimating error
==========================================================
==========================================================
Checking convergence
==========================================================
==========================================================
Error estimate = -7.8308526063348288e-09
==========================================================
==========================================================
Performing Mesh Refinement
==========================================================
==========================================================
Refined mesh to          411 active elements
                       11310 active dofs
==========================================================
==========================================================
MassLossCatalytic = -8.7344796748106428e-08
==========================================================
==========================================================
AverageNMoleFraction = 4.5654277685568915e-04
==========================================================

==========================================================
Adaptive Refinement Step 3
==========================================================
Assembling the System
Nonlinear Residual: 2.6368553895349450e-01
Linear solve starting, tolerance 1.0000000000000000e-03
Linear solve finished, step 1, residual 0.0000000000000000e+00
Trying full Newton step
  Current Residual: 2.4655794990689531e-03
  Nonlinear step: |du|/|u| = 1.2741450421057238e-03, |du| = 4.9840437633014787e+01
Assembling the System
Nonlinear Residual: 2.4655794990689531e-03
Linear solve starting, tolerance 1.0000000000000000e-03
Linear solve finished, step 1, residual 0.0000000000000000e+00
Trying full Newton step
  Current Residual: 2.7988227671676329e-07
  Nonlinear step: |du|/|u| = 6.0703919260069923e-06, |du| = 2.3745409895099512e-01
Assembling the System
Nonlinear Residual: 2.7988227671676329e-07
Linear solve starting, tolerance 1.0000000000000000e-03
Linear solve finished, step 1, residual 0.0000000000000000e+00
Trying full Newton step
  Current Residual: 8.3896206819176201e-14
  Nonlinear solver converged, step 2, residual reduction 3.1816764450618106e-13 < 1.0000000000000000e-10
  Nonlinear solver converged, step 2, relative step size 4.5275771731996607e-10 < 9.9999999999999995e-07
==========================================================
Solving adjoint problem.
==========================================================
==========================================================
Estimating error
==========================================================
==========================================================
Checking convergence
==========================================================
==========================================================
Error estimate = -2.7124672561396339e-08
==========================================================
==========================================================
Performing Mesh Refinement
==========================================================
==========================================================
Refined mesh to          528 active elements
                       14544 active dofs
==========================================================
==========================================================
MassLossCatalytic = -8.7290056135329012e-08
==========================================================
==========================================================
AverageNMoleFraction = 4.5590209258083026e-04
==========================================================

==========================================================
Adaptive Refinement Step 4
==========================================================
Assembling the System
Nonlinear Residual: 1.0834304513349649e-02
Linear solve starting, tolerance 1.0000000000000000e-03
Linear solve finished, step 1, residual 0.0000000000000000e+00
Trying full Newton step
  Current Residual: 2.3175154672416931e-05
  Nonlinear step: |du|/|u| = 3.8945547023710298e-04, |du| = 1.7165739280385118e+01
Assembling the System
Nonlinear Residual: 2.3175154672416931e-05
Linear solve starting, tolerance 1.0000000000000000e-03
Linear solve finished, step 1, residual 0.0000000000000000e+00
Trying full Newton step
  Current Residual: 5.0696868497678597e-11
  Nonlinear solver relative residual 4.6792914519996830e-09 > 1.0000000000000000e-10
  Nonlinear solver converged, step 1, relative step size 6.5602301633188202e-07 < 9.9999999999999995e-07
==========================================================
Solving adjoint problem.
==========================================================
==========================================================
Estimating error
==========================================================
==========================================================
Checking convergence
==========================================================
==========================================================
Error estimate = -4.7521178936794223e-08
==========================================================
==========================================================
Performing Mesh Refinement
==========================================================
==========================================================
Refined mesh to          678 active elements
                       18809 active dofs
==========================================================
==========================================================
MassLossCatalytic = -8.7275750312653056e-08
==========================================================
==========================================================
AverageNMoleFraction = 4.5561725568194888e-04
==========================================================

==========================================================
Adaptive Refinement Step 5
==========================================================
Assembling the System
Nonlinear Residual: 2.8957658939775438e-01
Linear solve starting, tolerance 1.0000000000000000e-03
Linear solve finished, step 1, residual 0.0000000000000000e+00
Trying full Newton step
  Current Residual: 2.3858842028026141e-03
  Nonlinear step: |du|/|u| = 2.2818251304954061e-03, |du| = 1.1383118601394317e+02
Assembling the System
Nonlinear Residual: 2.3858842028026141e-03
Linear solve starting, tolerance 1.0000000000000000e-03
Linear solve finished, step 1, residual 0.0000000000000000e+00
Trying full Newton step
  Current Residual: 1.6542849772072474e-07
  Nonlinear step: |du|/|u| = 1.4821609997312820e-05, |du| = 7.3938976126968459e-01
Assembling the System
Nonlinear Residual: 1.6542849772072474e-07
Linear solve starting, tolerance 1.0000000000000000e-03
Linear solve finished, step 1, residual 0.0000000000000000e+00
Trying full Newton step
  Current Residual: 1.0441236380853275e-13
  Nonlinear solver converged, step 2, residual reduction 3.6056907785841355e-13 < 1.0000000000000000e-10
  Nonlinear solver converged, step 2, relative step size 9.3817844624311407e-10 < 9.9999999999999995e-07
==========================================================
Solving adjoint problem.
==========================================================
==========================================================
Estimating error
==========================================================
==========================================================
Checking convergence
==========================================================
==========================================================
Error estimate = -6.5395599870699114e-08
==========================================================
==========================================================
Performing Mesh Refinement
==========================================================
==========================================================
Refined mesh to          867 active elements
                       24075 active dofs
==========================================================
==========================================================
MassLossCatalytic = -8.7271566528453985e-08
==========================================================
==========================================================
AverageNMoleFraction = 4.5568898788814216e-04
==========================================================

==========================================================
Adaptive Refinement Step 6
==========================================================
Assembling the System
Nonlinear Residual: 5.3483808071333871e-01
Linear solve starting, tolerance 1.0000000000000000e-03
Linear solve finished, step 1, residual 0.0000000000000000e+00
Trying full Newton step
  Current Residual: 1.6408051310156731e-03
  Nonlinear step: |du|/|u| = 1.2574694794886484e-03, |du| = 7.3852745991085541e+01
Assembling the System
Nonlinear Residual: 1.6408051310156731e-03
Linear solve starting, tolerance 1.0000000000000000e-03
Linear solve finished, step 1, residual 0.0000000000000000e+00
Trying full Newton step
  Current Residual: 1.7202412805047234e-08
  Nonlinear step: |du|/|u| = 2.8735973680391377e-06, |du| = 1.6876985329952618e-01
Assembling the System
Nonlinear Residual: 1.7202412805047234e-08
Linear solve starting, tolerance 1.0000000000000000e-03
Linear solve finished, step 1, residual 0.0000000000000000e+00
Trying full Newton step
  Current Residual: 1.2763701688231955e-13
  Nonlinear solver converged, step 2, residual reduction 2.3864609025610901e-13 < 1.0000000000000000e-10
  Nonlinear solver converged, step 2, relative step size 2.7481402374237441e-11 < 9.9999999999999995e-07
==========================================================
Solving adjoint problem.
==========================================================
==========================================================
Estimating error
==========================================================
==========================================================
Checking convergence
==========================================================
==========================================================
Error estimate = -7.9752971488823813e-08
==========================================================
==========================================================
Performing Mesh Refinement
==========================================================
==========================================================
Refined mesh to         1104 active elements
                       30470 active dofs
==========================================================
==========================================================
MassLossCatalytic = -8.7249881372019354e-08
==========================================================
==========================================================
AverageNMoleFraction = 4.5538161203091475e-04
==========================================================

==========================================================
Adaptive Refinement Step 7
==========================================================
Assembling the System
Nonlinear Residual: 7.4429119700824817e-02
Linear solve starting, tolerance 1.0000000000000000e-03
Linear solve finished, step 1, residual 0.0000000000000000e+00
Trying full Newton step
  Current Residual: 3.1481624295179143e-04
  Nonlinear step: |du|/|u| = 4.2352522899354207e-04, |du| = 2.8793589780515141e+01
Assembling the System
Nonlinear Residual: 3.1481624295179143e-04
Linear solve starting, tolerance 1.0000000000000000e-03
Linear solve finished, step 1, residual 0.0000000000000000e+00
Trying full Newton step
  Current Residual: 5.7831653365527549e-09
  Nonlinear step: |du|/|u| = 1.1850172247207881e-06, |du| = 8.0564022857180631e-02
Assembling the System
Nonlinear Residual: 5.7831653365527549e-09
Linear solve starting, tolerance 1.0000000000000000e-03
Linear solve finished, step 1, residual 0.0000000000000000e+00
Trying full Newton step
  Current Residual: 1.5469926484774675e-13
  Nonlinear solver converged, step 2, residual reduction 2.0784776908497064e-12 < 1.0000000000000000e-10
  Nonlinear solver converged, step 2, relative step size 1.3998862055862021e-11 < 9.9999999999999995e-07
==========================================================
Solving adjoint problem.
==========================================================
==========================================================
Estimating error
==========================================================
==========================================================
Checking convergence
==========================================================
==========================================================
Error estimate = -8.3010071272489327e-08
==========================================================
==========================================================
Performing Mesh Refinement
==========================================================
==========================================================
Refined mesh to         1395 active elements
                       38762 active dofs
==========================================================
==========================================================
MassLossCatalytic = -8.7269022895403782e-08
==========================================================
==========================================================
AverageNMoleFraction = 4.5552998315998515e-04
==========================================================

==========================================================
Adaptive Refinement Step 8
==========================================================
Assembling the System
Nonlinear Residual: 4.5127706192427791e-01
Linear solve starting, tolerance 1.0000000000000000e-03
Linear solve finished, step 1, residual 0.0000000000000000e+00
Trying full Newton step
  Current Residual: 1.9042569425329926e-03
  Nonlinear step: |du|/|u| = 1.6767946545059988e-03, |du| = 1.2890825792576268e+02
Assembling the System
Nonlinear Residual: 1.9042569425329926e-03
Linear solve starting, tolerance 1.0000000000000000e-03
Linear solve finished, step 1, residual 0.0000000000000000e+00
Trying full Newton step
  Current Residual: 3.9093798598996568e-08
  Nonlinear step: |du|/|u| = 5.0352338213812608e-06, |du| = 3.8709722068002622e-01
Assembling the System
Nonlinear Residual: 3.9093798598996568e-08
Linear solve starting, tolerance 1.0000000000000000e-03
Linear solve finished, step 1, residual 0.0000000000000000e+00
Trying full Newton step
  Current Residual: 1.5861232293958982e-13
  Nonlinear solver converged, step 2, residual reduction 3.5147437421980956e-13 < 1.0000000000000000e-10
  Nonlinear solver converged, step 2, relative step size 6.6359265703574315e-11 < 9.9999999999999995e-07
==========================================================
Solving adjoint problem.
==========================================================
==========================================================
Estimating error
==========================================================
==========================================================
Checking convergence
==========================================================
==========================================================
Error estimate = -5.8807301532495612e-08
==========================================================
==========================================================
MassLossCatalytic = -8.7284707887751753e-08
==========================================================
==========================================================
AverageNMoleFraction = 4.5606964835824136e-04
==========================================================

 ------------------------------------------------------------------------------------------------------------------------------------------------------------------------------
| Processor id:   0                                                                                                                                                            |
| Num Processors: 12                                                                                                                                                           |
| Time:           Tue Sep 16 08:38:39 2014                                                                                                                                     |
| OS:             Linux                                                                                                                                                        |
| HostName:       fry.eng.buffalo.edu                                                                                                                                          |
| OS Release:     2.6.32-431.29.2.el6.x86_64                                                                                                                                   |
| OS Version:     #1 SMP Sun Jul 27 15:55:46 EDT 2014                                                                                                                          |
| Machine:        x86_64                                                                                                                                                       |
| Username:       pbauman                                                                                                                                                      |
| Configuration:  ../libmesh_src/configure  '--prefix=/ubfs/mae/pbauman/shared/software/libs/libmesh/master/gcc-4.8.3/mpich-3.1.2/petsc-3.5.1/vtk-6.1.0/boost-1.56.0/tbb-4.2.5/openblas-0.2.10'|
|  '--enable-everything'                                                                                                                                                       |
|  '--with-metis=PETSc'                                                                                                                                                        |
|  '--with-boost=/ubfs/mae/pbauman/shared/software/libs/boost/1.56.0/gcc/4.8.3'                                                                                                |
|  '--with-mpi=/ubfs/mae/pbauman/shared/software/libs/mpich/3.1.2/gcc/4.8.3'                                                                                                   |
|  '--with-tbb=/ubfs/mae/pbauman/shared/software/libs/tbb/4.2.5/gcc/4.8.3/linux_intel64_gcc_cc4.8.3_libc2.12_kernel2.6.32_release'                                             |
|  '--with-vtk=/ubfs/mae/pbauman/shared/software/libs/vtk/6.1.0/gcc/4.8.3'                                                                                                     |
|  'CXX=g++'                                                                                                                                                                   |
|  'CC=gcc'                                                                                                                                                                    |
|  'FC=gfortran'                                                                                                                                                               |
|  'F77=gfortran'                                                                                                                                                              |
|  'PETSC_DIR=/ubfs/mae/pbauman/shared/software/libs/petsc/petsc-3.5.1/'                                                                                                       |
|  'PETSC_ARCH=gcc-4.8.3-mpich-3.1.2-openblas-0.2.10-cxx-opt'                                                                                                                  |
|  'VTK_DIR=/ubfs/mae/pbauman/shared/software/libs/vtk/6.1.0/gcc/4.8.3'                                                                                                        |
|  'HDF5_DIR=/ubfs/mae/pbauman/shared/software/libs/hdf5/1.8.13/gcc/4.8.3'                                                                                                     |
 ------------------------------------------------------------------------------------------------------------------------------------------------------------------------------
 ----------------------------------------------------------------------------------------------------------------------
| libMesh Performance: Alive time=206.118, Active time=165.523                                                         |
 ----------------------------------------------------------------------------------------------------------------------
| Event                                   nCalls     Total Time  Avg Time    Total Time  Avg Time    % of Active Time  |
|                                                    w/o Sub     w/o Sub     With Sub    With Sub    w/o S    With S   |
|----------------------------------------------------------------------------------------------------------------------|
|                                                                                                                      |
|                                                                                                                      |
| DofMap                                                                                                               |
|   add_neighbors_to_send_list()          54         0.0895      0.001657    0.1428      0.002645    0.05     0.09     |
|   build_constraint_matrix()             16232      0.2171      0.000013    0.2171      0.000013    0.13     0.13     |
|   build_sparsity()                      27         0.3086      0.011428    0.4763      0.017640    0.19     0.29     |
|   cnstrn_elem_mat_vec()                 1410       0.0868      0.000062    0.0868      0.000062    0.05     0.05     |
|   constrain_elem_matrix()               2874       0.1220      0.000042    0.1220      0.000042    0.07     0.07     |
|   constrain_elem_vector()               9074       0.0544      0.000006    0.0544      0.000006    0.03     0.03     |
|   create_dof_constraints()              54         8.7763      0.162523    27.9151     0.516946    5.30     16.86    |
|   distribute_dofs()                     54         0.3822      0.007078    1.2418      0.022996    0.23     0.75     |
|   dof_indices()                         1122611    8.0524      0.000007    8.0524      0.000007    4.86     4.86     |
|   enforce_adjoint_constraints_exactly() 106        0.2311      0.002181    0.2311      0.002181    0.14     0.14     |
|   enforce_constraints_exactly()         95         0.1186      0.001248    0.1186      0.001248    0.07     0.07     |
|   old_dof_indices()                     100030     0.8698      0.000009    0.8698      0.000009    0.53     0.53     |
|   prepare_send_list()                   54         0.0062      0.000114    0.0062      0.000114    0.00     0.00     |
|   reinit()                              54         0.5736      0.010621    0.5736      0.010621    0.35     0.35     |
|                                                                                                                      |
| EquationSystems                                                                                                      |
|   build_solution_vector()               9          0.0638      0.007092    0.1848      0.020534    0.04     0.11     |
|   write()                               9          0.1773      0.019705    0.2410      0.026780    0.11     0.15     |
|                                                                                                                      |
| ExodusII_IO                                                                                                          |
|   write_nodal_data()                    9          0.0302      0.003360    0.0302      0.003360    0.02     0.02     |
|                                                                                                                      |
| FE                                                                                                                   |
|   compute_shape_functions()             286496     1.6109      0.000006    1.6109      0.000006    0.97     0.97     |
|   init_shape_functions()                270516     3.7618      0.000014    3.7618      0.000014    2.27     2.27     |
|   inverse_map()                         2439364    16.0052     0.000007    16.0052     0.000007    9.67     9.67     |
|                                                                                                                      |
| FEMSystem                                                                                                            |
|   assemble_qoi()                        9          0.0358      0.003975    0.1696      0.018848    0.02     0.10     |
|   assemble_qoi_derivative()             27         1.3591      0.050336    2.1790      0.080705    0.82     1.32     |
|   assembly()                            27         0.5619      0.020812    27.2300     1.008517    0.34     16.45    |
|   assembly(get_jacobian)                27         1.1338      0.041992    55.2101     2.044819    0.68     33.35    |
|   assembly(get_residual)                36         0.7356      0.020433    1.4454      0.040150    0.44     0.87     |
|   numerical_elem_jacobian()             4284       79.5949     0.018580    79.5949     0.018580    48.09    48.09    |
|   numerical_side_jacobian()             844        0.4577      0.000542    0.4577      0.000542    0.28     0.28     |
|                                                                                                                      |
| FEMap                                                                                                                |
|   compute_affine_map()                  286496     1.6327      0.000006    1.6327      0.000006    0.99     0.99     |
|   compute_face_map()                    15796      0.2900      0.000018    0.9414      0.000060    0.18     0.57     |
|   init_face_shape_functions()           11948      0.0625      0.000005    0.0625      0.000005    0.04     0.04     |
|   init_reference_to_physical_map()      270516     2.2272      0.000008    2.2272      0.000008    1.35     1.35     |
|                                                                                                                      |
| ImplicitSystem                                                                                                       |
|   adjoint_solve()                       27         0.0104      0.000386    72.9626     2.702319    0.01     44.08    |
|                                                                                                                      |
| LocationMap                                                                                                          |
|   find()                                123120     0.9027      0.000007    0.9027      0.000007    0.55     0.55     |
|   init()                                43         0.0650      0.001511    0.0650      0.001511    0.04     0.04     |
|                                                                                                                      |
| Mesh                                                                                                                 |
|   contract()                            26         0.0337      0.001297    0.0946      0.003640    0.02     0.06     |
|   find_neighbors()                      27         0.1597      0.005915    0.1706      0.006320    0.10     0.10     |
|   read()                                1          0.0012      0.001247    0.0012      0.001247    0.00     0.00     |
|   renumber_nodes_and_elem()             44         0.0625      0.001420    0.0625      0.001420    0.04     0.04     |
|                                                                                                                      |
| MeshCommunication                                                                                                    |
|   assign_global_indices()               9          0.1531      0.017012    0.2093      0.023259    0.09     0.13     |
|   broadcast()                           1          0.0007      0.000689    0.0023      0.002316    0.00     0.00     |
|   compute_hilbert_indices()             10         0.0131      0.001314    0.0131      0.001314    0.01     0.01     |
|   find_global_indices()                 10         0.0032      0.000318    0.0472      0.004724    0.00     0.03     |
|   parallel_sort()                       10         0.0020      0.000201    0.0041      0.000409    0.00     0.00     |
|                                                                                                                      |
| MeshOutput                                                                                                           |
|   write_equation_systems()              9          0.0007      0.000077    0.2190      0.024331    0.00     0.13     |
|                                                                                                                      |
| MeshRefinement                                                                                                       |
|   _coarsen_elements()                   43         0.0289      0.000671    0.0311      0.000723    0.02     0.02     |
|   _refine_elements()                    43         0.7720      0.017953    5.8836      0.136827    0.47     3.55     |
|   add_point()                           123120     1.4183      0.000012    3.6935      0.000030    0.86     2.23     |
|   make_coarsening_compatible()          85         0.0630      0.000741    0.0630      0.000741    0.04     0.04     |
|   make_flags_parallel_consistent()      60         0.0615      0.001025    0.3977      0.006628    0.04     0.24     |
|   make_refinement_compatible()          85         0.0028      0.000033    0.0045      0.000053    0.00     0.00     |
|                                                                                                                      |
| MetisPartitioner                                                                                                     |
|   partition()                           9          0.0485      0.005394    0.0971      0.010788    0.03     0.06     |
|                                                                                                                      |
| NewtonSolver                                                                                                         |
|   solve()                               9          0.5290      0.058773    31.8828     3.542533    0.32     19.26    |
|                                                                                                                      |
| Parallel                                                                                                             |
|   allgather()                           263        0.0162      0.000062    0.0183      0.000070    0.01     0.01     |
|   barrier()                             9          0.0001      0.000008    0.0001      0.000008    0.00     0.00     |
|   broadcast()                           151        0.0008      0.000005    0.0008      0.000005    0.00     0.00     |
|   gather()                              70         0.0011      0.000016    0.0011      0.000016    0.00     0.00     |
|   max(bool)                             221        0.0877      0.000397    0.0877      0.000397    0.05     0.05     |
|   max(scalar)                           7016       0.1004      0.000014    0.1004      0.000014    0.06     0.06     |
|   max(vector)                           1714       0.0493      0.000029    0.1624      0.000095    0.03     0.10     |
|   min(bool)                             8817       0.1008      0.000011    0.1008      0.000011    0.06     0.06     |
|   min(scalar)                           6892       0.3864      0.000056    0.3864      0.000056    0.23     0.23     |
|   min(vector)                           1722       0.0515      0.000030    0.1657      0.000096    0.03     0.10     |
|   probe()                               12847      0.1198      0.000009    0.1198      0.000009    0.07     0.07     |
|   receive()                             10213      0.0876      0.000009    0.2707      0.000027    0.05     0.16     |
|   send()                                7034       0.0421      0.000006    0.0421      0.000006    0.03     0.03     |
|   send_receive()                        6854       0.1322      0.000019    0.6483      0.000095    0.08     0.39     |
|   sum()                                 375        0.0214      0.000057    0.0245      0.000065    0.01     0.01     |
|                                                                                                                      |
| Parallel::Request                                                                                                    |
|   wait()                                7232       0.0354      0.000005    0.0354      0.000005    0.02     0.02     |
|                                                                                                                      |
| Partitioner                                                                                                          |
|   set_node_processor_ids()              9          0.0072      0.000804    0.0325      0.003615    0.00     0.02     |
|   set_parent_processor_ids()            9          0.0009      0.000098    0.0009      0.000098    0.00     0.00     |
|                                                                                                                      |
| PetscLinearSolver                                                                                                    |
|   solve()                               81         18.7991     0.232088    18.7991     0.232088    11.36    11.36    |
|                                                                                                                      |
| ProjectVector                                                                                                        |
|   operator()                            95         2.1588      0.022724    8.9650      0.094368    1.30     5.42     |
|                                                                                                                      |
| System                                                                                                               |
|   project_fem_vector()                  9          8.8432      0.982572    30.6633     3.407039    5.34     18.53    |
|   project_vector()                      96         0.4597      0.004788    10.0838     0.105039    0.28     6.09     |
|                                                                                                                      |
| XdrIO                                                                                                                |
|   write()                               9          0.0607      0.006742    0.1200      0.013330    0.04     0.07     |
 ----------------------------------------------------------------------------------------------------------------------
| Totals:                                 5157671    165.5233                                        100.00            |
 ----------------------------------------------------------------------------------------------------------------------

