In reaction 0001
An equation of the form "A * (T/Tref)^beta * exp(-Ea/(R*T))" is a Kooij equation,
I guess a modified Arrhenius could be a name too.  Whatever, the correct label is
"Kooij", or, << à la limite >> "ModifiedArrhenius".  Please use those terms instead,
thanks and a good day to you, user.
In reaction 0001
An equation of the form "A * (T/Tref)^beta * exp(-Ea/(R*T))" is a Kooij equation,
I guess a modified Arrhenius could be a name too.  Whatever, the correct label is
"Kooij", or, << à la limite >> "ModifiedArrhenius".  Please use those terms instead,
thanks and a good day to you, user.
In reaction 0001
An equation of the form "A * (T/Tref)^beta * exp(-Ea/(R*T))" is a Kooij equation,
I guess a modified Arrhenius could be a name too.  Whatever, the correct label is
"Kooij", or, << à la limite >> "ModifiedArrhenius".  Please use those terms instead,
thanks and a good day to you, user.
In reaction 0001
An equation of the form "A * (T/Tref)^beta * exp(-Ea/(R*T))" is a Kooij equation,
I guess a modified Arrhenius could be a name too.  Whatever, the correct label is
"Kooij", or, << à la limite >> "ModifiedArrhenius".  Please use those terms instead,
thanks and a good day to you, user.
In reaction 0001
An equation of the form "A * (T/Tref)^beta * exp(-Ea/(R*T))" is a Kooij equation,
I guess a modified Arrhenius could be a name too.  Whatever, the correct label is
"Kooij", or, << à la limite >> "ModifiedArrhenius".  Please use those terms instead,
thanks and a good day to you, user.
In reaction 0001
An equation of the form "A * (T/Tref)^beta * exp(-Ea/(R*T))" is a Kooij equation,
I guess a modified Arrhenius could be a name too.  Whatever, the correct label is
"Kooij", or, << à la limite >> "ModifiedArrhenius".  Please use those terms instead,
thanks and a good day to you, user.In reaction 0001
An equation of the form "A * (T/Tref)^beta * exp(-Ea/(R*T))" is a Kooij equation,
I guess a modified Arrhenius could be a name too.  Whatever, the correct label is
"Kooij", or, << à la limite >> "ModifiedArrhenius".  Please use those terms instead,
thanks and a good day to you, user.
In reaction 0001
An equation of the form "A * (T/Tref)^beta * exp(-Ea/(R*T))" is a Kooij equation,
I guess a modified Arrhenius could be a name too.  Whatever, the correct label is
"Kooij", or, << à la limite >> "ModifiedArrhenius".  Please use those terms instead,
thanks and a good day to you, user.
In reaction 0001
An equation of the form "A * (T/Tref)^beta * exp(-Ea/(R*T))" is a Kooij equation,
I guess a modified Arrhenius could be a name too.  Whatever, the correct label is
"Kooij", or, << à la limite >> "ModifiedArrhenius".  Please use those terms instead,
thanks and a good day to you, user.
In reaction 0001
An equation of the form "A * (T/Tref)^beta * exp(-Ea/(R*T))" is a Kooij equation,
I guess a modified Arrhenius could be a name too.  Whatever, the correct label is
"Kooij", or, << à la limite >> "ModifiedArrhenius".  Please use those terms instead,
thanks and a good day to you, user.
In reaction 

*** Warning, The parameter A is not given a unit
default unit given is m3/kmol/s
/ubfs/mae/pbauman/shared/software/libs/antioch/0.2.0/gcc/4.8.3/include/antioch/read_reaction_set_data_xml.h, line 452

*** Warning, The parameter A is not given a unit
default unit given is m3/kmol/s
/ubfs/mae/pbauman/shared/software/libs/antioch/0.2.0/gcc/4.8.3/include/antioch/read_reaction_set_data_xml.h, line 452

*** Warning, The parameter A is not given a unit
default unit given is m3/kmol/s
/ubfs/mae/pbauman/shared/software/libs/antioch/0.2.0/gcc/4.8.3/include/antioch/read_reaction_set_data_xml.h, line 452

*** Warning, The parameter A is not given a unit
default unit given is m3/kmol/s
/ubfs/mae/pbauman/shared/software/libs/antioch/0.2.0/gcc/4.8.3/include/antioch/read_reaction_set_data_xml.h, line 452

*** Warning, The parameter A is not given a unit
default unit given is m3/kmol/s
/ubfs/mae/pbauman/shared/software/libs/antioch/0.2.0/gcc/4.8.3/include/antioch/read_reaction_set_data_xml.h, line 452
0001
An equation of the form "A * (T/Tref)^beta * exp(-Ea/(R*T))" is a Kooij equation,
I guess a modified Arrhenius could be a name too.  Whatever, the correct label is
"Kooij", or, << à la limite >> "ModifiedArrhenius".  Please use those terms instead,
thanks and a good day to you, user.

*** Warning, The parameter Tref is not provided
default parameter is 1 K
/ubfs/mae/pbauman/shared/software/libs/antioch/0.2.0/gcc/4.8.3/include/antioch/read_reaction_set_data_xml.h, line 560

*** Warning, The parameter Tref is not provided
default parameter is 1 K
/ubfs/mae/pbauman/shared/software/libs/antioch/0.2.0/gcc/4.8.3/include/antioch/read_reaction_set_data_xml.h, line 560

*** Warning, The parameter Tref is not provided
default parameter is 1 K
/ubfs/mae/pbauman/shared/software/libs/antioch/0.2.0/gcc/4.8.3/include/antioch/read_reaction_set_data_xml.h, line 560

*** Warning, The parameter Tref is not provided
default parameter is 1 K
/ubfs/mae/pbauman/shared/software/libs/antioch/0.2.0/gcc/4.8.3/include/antioch/read_reaction_set_data_xml.h, line 560

*** Warning, The parameter Tref is not provided
default parameter is 1 K
/ubfs/mae/pbauman/shared/software/libs/antioch/0.2.0/gcc/4.8.3/include/antioch/read_reaction_set_data_xml.h, line 560

*** Warning, The parameter 
*** Warning, The parameter A is not given a unit
default unit given is m3/kmol/s
/ubfs/mae/pbauman/shared/software/libs/antioch/0.2.0/gcc/4.8.3/include/antioch/read_reaction_set_data_xml.h, line 452

*** Warning, The parameter A is not given a unit
default unit given is m3/kmol/s
/ubfs/mae/pbauman/shared/software/libs/antioch/0.2.0/gcc/4.8.3/include/antioch/read_reaction_set_data_xml.h, line 452

*** Warning, The parameter A is not given a unit
default unit given is m3/kmol/s
/ubfs/mae/pbauman/shared/software/libs/antioch/0.2.0/gcc/4.8.3/include/antioch/read_reaction_set_data_xml.h, line 452

*** Warning, The parameter A is not given a unit
default unit given is m3/kmol/s
/ubfs/mae/pbauman/shared/software/libs/antioch/0.2.0/gcc/4.8.3/include/antioch/read_reaction_set_data_xml.h, line 452

*** Warning, The parameter A is not given a unit
default unit given is m3/kmol/s
/ubfs/mae/pbauman/shared/software/libs/antioch/0.2.0/gcc/4.8.3/include/antioch/read_reaction_set_data_xml.h, line 452
A is not given a unit
default unit given is m3/kmol/s
/ubfs/mae/pbauman/shared/software/libs/antioch/0.2.0/gcc/4.8.3/include/antioch/read_reaction_set_data_xml.h, line 452
In reaction 0001
An equation of the form "A * (T/Tref)^beta * exp(-Ea/(R*T))" is a Kooij equation,
I guess a modified Arrhenius could be a name too.  Whatever, the correct label is
"Kooij", or, << à la limite >> "ModifiedArrhenius".  Please use those terms instead,
thanks and a good day to you, user.

*** Warning, The parameter 
*** Warning, The parameter Tref is not provided
default parameter is 1 K
/ubfs/mae/pbauman/shared/software/libs/antioch/0.2.0/gcc/4.8.3/include/antioch/read_reaction_set_data_xml.h, line 560

*** Warning, The parameter Tref is not provided
default parameter is 1 K
/ubfs/mae/pbauman/shared/software/libs/antioch/0.2.0/gcc/4.8.3/include/antioch/read_reaction_set_data_xml.h, line 560

*** Warning, The parameter Tref is not provided
default parameter is 1 K
/ubfs/mae/pbauman/shared/software/libs/antioch/0.2.0/gcc/4.8.3/include/antioch/read_reaction_set_data_xml.h, line 560

*** Warning, The parameter Tref is not provided
default parameter is 1 K
/ubfs/mae/pbauman/shared/software/libs/antioch/0.2.0/gcc/4.8.3/include/antioch/read_reaction_set_data_xml.h, line 560
Tref is not provided
default parameter is 1 K
/ubfs/mae/pbauman/shared/software/libs/antioch/0.2.0/gcc/4.8.3/include/antioch/read_reaction_set_data_xml.h, line 560

*** Warning, The parameter Tref is not provided
default parameter is 1 K
/ubfs/mae/pbauman/shared/software/libs/antioch/0.2.0/gcc/4.8.3/include/antioch/read_reaction_set_data_xml.h, line 560

*** Warning, The parameter A is not given a unit
default unit given is m3/kmol/s
/ubfs/mae/pbauman/shared/software/libs/antioch/0.2.0/gcc/4.8.3/include/antioch/read_reaction_set_data_xml.h, line 452

*** Warning, The parameter A is not given a unit
default unit given is m3/kmol/s
/ubfs/mae/pbauman/shared/software/libs/antioch/0.2.0/gcc/4.8.3/include/antioch/read_reaction_set_data_xml.h, line 452
In reaction 0007
An equation of the form "A * exp(-Ea/(R*T))" is an Arrhenius equation,
and most certainly not a Kooij one

*** Warning, The parameter A is not given a unit
default unit given is m3/kmol/s
/ubfs/mae/pbauman/shared/software/libs/antioch/0.2.0/gcc/4.8.3/include/antioch/read_reaction_set_data_xml.h, line 452
In reaction 0007
An equation of the form "A * exp(-Ea/(R*T))" is an Arrhenius equation,
and most certainly not a Kooij one
it has been corrected, but please, change that in your file.
Thanks and a good day to you, user.

*** Warning, The parameter A is not given a unit
default unit given is m3/kmol/s
/ubfs/mae/pbauman/shared/software/libs/antioch/0.2.0/gcc/4.8.3/include/antioch/read_reaction_set_data_xml.h, line 452
In reaction 0007
An equation of the form "A * exp(-Ea/(R*T))" is an Arrhenius equation,
and most certainly not a Kooij one
it has been corrected, but please, change that in your file.
Thanks and a good day to you, user.
it has been corrected, but please, change that in your file.
Thanks and a good day to you, user.

*** Warning, The parameter A is not given a unit
default unit given is m3/kmol/s
/ubfs/mae/pbauman/shared/software/libs/antioch/0.2.0/gcc/4.8.3/include/antioch/read_reaction_set_data_xml.h, line 452
In reaction 0007
An equation of the form "A * exp(-Ea/(R*T))" is an Arrhenius equation,
and most certainly not a Kooij one
it has been corrected, but please, change that in your file.
Thanks and a good day to you, user.

*** Warning, The parameter A is not given a unit
default unit given is m3/kmol/s
/ubfs/mae/pbauman/shared/software/libs/antioch/0.2.0/gcc/4.8.3/include/antioch/read_reaction_set_data_xml.h, line 452
In reaction 0007
An equation of the form "A * exp(-Ea/(R*T))" is an Arrhenius equation,
and most certainly not a Kooij one
it has been corrected, but please, change that in your file.
Thanks and a good day to you, user.

*** Warning, The parameter Tref is not provided
default parameter is 1 K
/ubfs/mae/pbauman/shared/software/libs/antioch/0.2.0/gcc/4.8.3/include/antioch/read_reaction_set_data_xml.h, line 560

*** Warning, The parameter A is not given a unit
default unit given is m3/kmol/s
/ubfs/mae/pbauman/shared/software/libs/antioch/0.2.0/gcc/4.8.3/include/antioch/read_reaction_set_data_xml.h, line 452
In reaction 0007
An equation of the form "A * exp(-Ea/(R*T))" is an Arrhenius equation,
and most certainly not a Kooij one
it has been corrected, but please, change that in your file.
Thanks and a good day to you, user.

*** Warning, The parameter A is not given a unit
default unit given is m3/kmol/s
/ubfs/mae/pbauman/shared/software/libs/antioch/0.2.0/gcc/4.8.3/include/antioch/read_reaction_set_data_xml.h, line 452
In reaction 0007
An equation of the form "A * exp(-Ea/(R*T))" is an Arrhenius equation,
and most certainly not a Kooij one
it has been corrected, but please, change that in your file.
Thanks and a good day to you, user.

*** Warning, The parameter 
*** Warning, The parameter A is not given a unit
default unit given is m3/kmol/s
/ubfs/mae/pbauman/shared/software/libs/antioch/0.2.0/gcc/4.8.3/include/antioch/read_reaction_set_data_xml.h, line 452
In reaction 0007
An equation of the form "A * exp(-Ea/(R*T))" is an Arrhenius equation,
and most certainly not a Kooij one
it has been corrected, but please, change that in your file.
Thanks and a good day to you, user.

*** Warning, The parameter A is not given a unit
default unit given is m3/kmol/s
/ubfs/mae/pbauman/shared/software/libs/antioch/0.2.0/gcc/4.8.3/include/antioch/read_reaction_set_data_xml.h, line 452
In reaction 0007
An equation of the form "A * exp(-Ea/(R*T))" is an Arrhenius equation,
and most certainly not a Kooij one
it has been corrected, but please, change that in your file.
Thanks and a good day to you, user.
A is not given a unit

*** Warning, The parameter default unit given is m3/kmol/s
/ubfs/mae/pbauman/shared/software/libs/antioch/0.2.0/gcc/4.8.3/include/antioch/read_reaction_set_data_xml.h, line 452
In reaction 0007
An equation of the form "A * exp(-Ea/(R*T))" is an Arrhenius equation,
and most certainly not a Kooij one
it has been corrected, but please, change that in your file.
Thanks and a good day to you, user.
A is not given a unit
default unit given is m3/kmol/s
/ubfs/mae/pbauman/shared/software/libs/antioch/0.2.0/gcc/4.8.3/include/antioch/read_reaction_set_data_xml.h, line 452
In reaction 0007
An equation of the form "A * exp(-Ea/(R*T))" is an Arrhenius equation,
and most certainly not a Kooij one
it has been corrected, but please, change that in your file.
Thanks and a good day to you, user.

*** Warning, The parameter A is not given a unit
default unit given is m3/kmol/s
/ubfs/mae/pbauman/shared/software/libs/antioch/0.2.0/gcc/4.8.3/include/antioch/read_reaction_set_data_xml.h, line 452
In reaction 0007
An equation of the form "A * exp(-Ea/(R*T))" is an Arrhenius equation,
and most certainly not a Kooij one
it has been corrected, but please, change that in your file.
Thanks and a good day to you, user.
==========================================================
List of Enabled Physics:
ReactingLowMachNavierStokes
==========================================================
==========================================================
List of Enabled QoIs:
MassLossCatalytic
AverageNMoleFraction
==========================================================
 ====== Restarting from restart.xdr
 Mesh Information:
  mesh_dimension()=2
  spatial_dimension()=3
  n_nodes()=11377
    n_local_nodes()=975
  n_elem()=3342
    n_local_elem()=265
    n_active_elem()=2556
  n_subdomains()=1
  n_partitions()=12
  n_processors()=12
  n_threads()=1
  processor_id()=0

 EquationSystems
  n_systems()=2
   System #0, "Nitridation"
    Type "Implicit"
    Variables={ "w_N2" "w_N" "w_C" "w_CN" "u" "v" } "p" "T" 
    Finite Element Types="LAGRANGE", "JACOBI_20_00" "LAGRANGE", "JACOBI_20_00" "LAGRANGE", "JACOBI_20_00" 
    Infinite Element Mapping="CARTESIAN" "CARTESIAN" "CARTESIAN" 
    Approximation Orders="SECOND", "THIRD" "FIRST", "THIRD" "SECOND", "THIRD" 
    n_dofs()=82772
    n_local_dofs()=7110
    n_constrained_dofs()=14213
    n_local_constrained_dofs()=1337
    n_vectors()=1
    n_matrices()=1
    DofMap Sparsity
      Average  On-Processor Bandwidth <= 119.385
      Average Off-Processor Bandwidth <= 4.26178
      Maximum  On-Processor Bandwidth <= 383
      Maximum Off-Processor Bandwidth <= 204
    DofMap Constraints
      Number of DoF Constraints = 14213
      Number of Heterogenous Constraints= 1718
      Average DoF Constraint Length= 2.26018
      Number of Node Constraints = 3003
      Maximum Node Constraint Length= 9
      Average Node Constraint Length= 3.47752
   System #1, "interior_output"
    Type "Basic"
    Variables={ "rho" "X_N2" "X_N" "X_C" "X_CN" "mu" "k" } 
    Finite Element Types="LAGRANGE", "JACOBI_20_00" 
    Infinite Element Mapping="CARTESIAN" 
    Approximation Orders="FIRST", "THIRD" 
    n_dofs()=21931
    n_local_dofs()=1995
    n_constrained_dofs()=5208
    n_local_constrained_dofs()=581
    n_vectors()=0
    n_matrices()=0
    DofMap Sparsity
      Average  On-Processor Bandwidth <= 0
      Average Off-Processor Bandwidth <= 0
      Maximum  On-Processor Bandwidth <= 0
      Maximum Off-Processor Bandwidth <= 0
    DofMap Constraints
      Number of DoF Constraints = 5208
      Average DoF Constraint Length= 2
      Number of Node Constraints = 3003
      Maximum Node Constraint Length= 9
      Average Node Constraint Length= 3.47752

Assembling the System
*** Warning, This code is deprecated, and likely to be removed in future library versions! /ubfs/mae/pbauman/shared/software/libs/libmesh/master/gcc-4.8.3/mpich-3.1.2/petsc-3.5.1/vtk-6.1.0/boost-1.56.0/tbb-4.2.5/openblas-0.2.10/include/libmesh/libmesh_common.h, line 488, compiled Sep  5 2014 at 08:17:40 ***
Nonlinear Residual: 0.0336948
Linear solve starting, tolerance 0.001
Linear solve finished, step 1, residual 0
Trying full Newton step
  Current Residual: 0.00795815
  Nonlinear step: |du|/|u| = 0.0113052, |du| = 991.869
Assembling the System
Nonlinear Residual: 0.00795815
Linear solve starting, tolerance 0.001
Linear solve finished, step 1, residual 0
Trying full Newton step
  Current Residual: 0.00174395
  Nonlinear step: |du|/|u| = 0.00163925, |du| = 143.83
Assembling the System
Nonlinear Residual: 0.00174395
Linear solve starting, tolerance 0.001
Linear solve finished, step 1, residual 0
Trying full Newton step
  Current Residual: 0.000223608
  Nonlinear step: |du|/|u| = 0.000212779, |du| = 18.6702
Assembling the System
Nonlinear Residual: 0.000223608
Linear solve starting, tolerance 0.001
Linear solve finished, step 1, residual 0
Trying full Newton step
  Current Residual: 4.59657e-06
  Nonlinear step: |du|/|u| = 5.06525e-05, |du| = 4.44451
Assembling the System
Nonlinear Residual: 4.59657e-06
Linear solve starting, tolerance 0.001
Linear solve finished, step 1, residual 0
Trying full Newton step
  Current Residual: 1.82089e-09
  Nonlinear step: |du|/|u| = 2.70775e-06, |du| = 0.237592
Assembling the System
Nonlinear Residual: 1.82089e-09
Linear solve starting, tolerance 0.001
Linear solve finished, step 1, residual 0
Trying full Newton step
  Current Residual: 1.67241e-13
  Nonlinear solver converged, step 5, residual reduction 4.96341e-12 < 1e-10
  Nonlinear solver converged, step 5, relative step size 2.36311e-09 < 1e-06
==========================================================
MassLossCatalytic = -1.9381850567403581e-07
==========================================================
==========================================================
AverageNMoleFraction = 1.7456541664477015e-04
==========================================================

 ------------------------------------------------------------------------------------------------------------------------------------------------------------------------------
| Processor id:   0                                                                                                                                                            |
| Num Processors: 12                                                                                                                                                           |
| Time:           Mon Sep 15 16:06:00 2014                                                                                                                                     |
| OS:             Linux                                                                                                                                                        |
| HostName:       fry.eng.buffalo.edu                                                                                                                                          |
| OS Release:     2.6.32-431.29.2.el6.x86_64                                                                                                                                   |
| OS Version:     #1 SMP Sun Jul 27 15:55:46 EDT 2014                                                                                                                          |
| Machine:        x86_64                                                                                                                                                       |
| Username:       pbauman                                                                                                                                                      |
| Configuration:  ../libmesh_src/configure  '--prefix=/ubfs/mae/pbauman/shared/software/libs/libmesh/master/gcc-4.8.3/mpich-3.1.2/petsc-3.5.1/vtk-6.1.0/boost-1.56.0/tbb-4.2.5/openblas-0.2.10'|
|  '--enable-everything'                                                                                                                                                       |
|  '--with-metis=PETSc'                                                                                                                                                        |
|  '--with-boost=/ubfs/mae/pbauman/shared/software/libs/boost/1.56.0/gcc/4.8.3'                                                                                                |
|  '--with-mpi=/ubfs/mae/pbauman/shared/software/libs/mpich/3.1.2/gcc/4.8.3'                                                                                                   |
|  '--with-tbb=/ubfs/mae/pbauman/shared/software/libs/tbb/4.2.5/gcc/4.8.3/linux_intel64_gcc_cc4.8.3_libc2.12_kernel2.6.32_release'                                             |
|  '--with-vtk=/ubfs/mae/pbauman/shared/software/libs/vtk/6.1.0/gcc/4.8.3'                                                                                                     |
|  'CXX=g++'                                                                                                                                                                   |
|  'CC=gcc'                                                                                                                                                                    |
|  'FC=gfortran'                                                                                                                                                               |
|  'F77=gfortran'                                                                                                                                                              |
|  'PETSC_DIR=/ubfs/mae/pbauman/shared/software/libs/petsc/petsc-3.5.1/'                                                                                                       |
|  'PETSC_ARCH=gcc-4.8.3-mpich-3.1.2-openblas-0.2.10-cxx-opt'                                                                                                                  |
|  'VTK_DIR=/ubfs/mae/pbauman/shared/software/libs/vtk/6.1.0/gcc/4.8.3'                                                                                                        |
|  'HDF5_DIR=/ubfs/mae/pbauman/shared/software/libs/hdf5/1.8.13/gcc/4.8.3'                                                                                                     |
 ------------------------------------------------------------------------------------------------------------------------------------------------------------------------------
 -----------------------------------------------------------------------------------------------------------------
| libMesh Performance: Alive time=31.1494, Active time=27.7378                                                    |
 -----------------------------------------------------------------------------------------------------------------
| Event                              nCalls     Total Time  Avg Time    Total Time  Avg Time    % of Active Time  |
|                                               w/o Sub     w/o Sub     With Sub    With Sub    w/o S    With S   |
|-----------------------------------------------------------------------------------------------------------------|
|                                                                                                                 |
|                                                                                                                 |
| DofMap                                                                                                          |
|   add_neighbors_to_send_list()     4          0.0045      0.001124    0.0078      0.001944    0.02     0.03     |
|   build_constraint_matrix()        2496       0.0722      0.000029    0.0722      0.000029    0.26     0.26     |
|   build_sparsity()                 2          0.0542      0.027083    0.0617      0.030857    0.20     0.22     |
|   cnstrn_elem_mat_vec()            1248       0.1214      0.000097    0.1214      0.000097    0.44     0.44     |
|   constrain_elem_vector()          1248       0.0099      0.000008    0.0099      0.000008    0.04     0.04     |
|   create_dof_constraints()         4          1.9008      0.475190    6.2114      1.552849    6.85     22.39    |
|   distribute_dofs()                4          0.0136      0.003390    0.0659      0.016484    0.05     0.24     |
|   dof_indices()                    209512     1.1332      0.000005    1.1332      0.000005    4.09     4.09     |
|   enforce_constraints_exactly()    10         0.0630      0.006302    0.0630      0.006302    0.23     0.23     |
|   old_dof_indices()                3536       0.0229      0.000006    0.0229      0.000006    0.08     0.08     |
|   prepare_send_list()              4          0.0012      0.000293    0.0012      0.000293    0.00     0.00     |
|   reinit()                         4          0.0334      0.008356    0.0334      0.008356    0.12     0.12     |
|                                                                                                                 |
| EquationSystems                                                                                                 |
|   read()                           1          0.0216      0.021571    0.0992      0.099230    0.08     0.36     |
|   update()                         1          0.0002      0.000244    0.0002      0.000244    0.00     0.00     |
|                                                                                                                 |
| FE                                                                                                              |
|   compute_shape_functions()        8832       0.0467      0.000005    0.0467      0.000005    0.17     0.17     |
|   init_shape_functions()           3864       0.0208      0.000005    0.0208      0.000005    0.07     0.07     |
|   inverse_map()                    62112      0.3622      0.000006    0.3622      0.000006    1.31     1.31     |
|                                                                                                                 |
| FEMSystem                                                                                                       |
|   assemble_qoi()                   1          0.0141      0.014141    0.0601      0.060060    0.05     0.22     |
|   assembly()                       6          0.4974      0.082901    18.6895     3.114917    1.79     67.38    |
|   assembly(get_residual)           6          0.2423      0.040377    0.5226      0.087104    0.87     1.88     |
|   numerical_elem_jacobian()        1248       17.8990     0.014342    17.8990     0.014342    64.53    64.53    |
|   numerical_side_jacobian()        156        0.0526      0.000337    0.0526      0.000337    0.19     0.19     |
|                                                                                                                 |
| FEMap                                                                                                           |
|   compute_affine_map()             8832       0.0379      0.000004    0.0379      0.000004    0.14     0.14     |
|   compute_face_map()               3840       0.0739      0.000019    0.2411      0.000063    0.27     0.87     |
|   init_face_shape_functions()      3190       0.0167      0.000005    0.0167      0.000005    0.06     0.06     |
|   init_reference_to_physical_map() 3864       0.0337      0.000009    0.0337      0.000009    0.12     0.12     |
|                                                                                                                 |
| LocationMap                                                                                                     |
|   init()                           1          0.0021      0.002140    0.0021      0.002140    0.01     0.01     |
|                                                                                                                 |
| Mesh                                                                                                            |
|   contract()                       1          0.0001      0.000083    0.0003      0.000301    0.00     0.00     |
|   find_neighbors()                 1          0.0060      0.005978    0.0152      0.015163    0.02     0.05     |
|   renumber_nodes_and_elem()        3          0.0114      0.003793    0.0114      0.003793    0.04     0.04     |
|                                                                                                                 |
| MeshCommunication                                                                                               |
|   assign_global_indices()          1          0.0674      0.067429    0.0723      0.072283    0.24     0.26     |
|   compute_hilbert_indices()        1          0.0058      0.005757    0.0058      0.005757    0.02     0.02     |
|   find_global_indices()            1          0.0008      0.000753    0.0100      0.009978    0.00     0.04     |
|   parallel_sort()                  1          0.0009      0.000856    0.0009      0.000933    0.00     0.00     |
|                                                                                                                 |
| MeshRefinement                                                                                                  |
|   _coarsen_elements()              1          0.0001      0.000062    0.0001      0.000090    0.00     0.00     |
|   _refine_elements()               1          0.0004      0.000409    0.0004      0.000426    0.00     0.00     |
|   make_coarsening_compatible()     1          0.0019      0.001892    0.0019      0.001892    0.01     0.01     |
|   make_flags_parallel_consistent() 2          0.0014      0.000713    0.0112      0.005605    0.01     0.04     |
|   make_refinement_compatible()     1          0.0000      0.000008    0.0000      0.000026    0.00     0.00     |
|                                                                                                                 |
| MetisPartitioner                                                                                                |
|   partition()                      1          0.0091      0.009149    0.0206      0.020636    0.03     0.07     |
|                                                                                                                 |
| NewtonSolver                                                                                                    |
|   solve()                          1          0.0503      0.050295    23.8099     23.809890   0.18     85.84    |
|                                                                                                                 |
| Parallel                                                                                                        |
|   allgather()                      21         0.0025      0.000119    0.0026      0.000123    0.01     0.01     |
|   broadcast()                      217        0.0772      0.000356    0.0772      0.000356    0.28     0.28     |
|   max(bool)                        5          0.0005      0.000093    0.0005      0.000093    0.00     0.00     |
|   max(scalar)                      11         0.0093      0.000848    0.0093      0.000848    0.03     0.03     |
|   max(vector)                      2          0.0000      0.000022    0.0000      0.000022    0.00     0.00     |
|   min(bool)                        4          0.0001      0.000025    0.0001      0.000025    0.00     0.00     |
|   min(vector)                      2          0.0016      0.000816    0.0016      0.000816    0.01     0.01     |
|   probe()                          562        0.1265      0.000225    0.1265      0.000225    0.46     0.46     |
|   receive()                        496        0.0050      0.000010    0.1349      0.000272    0.02     0.49     |
|   send()                           496        0.0032      0.000006    0.0032      0.000006    0.01     0.01     |
|   send_receive()                   424        0.0072      0.000017    0.1560      0.000368    0.03     0.56     |
|   sum()                            45         0.0068      0.000150    0.0068      0.000150    0.02     0.02     |
|                                                                                                                 |
| Parallel::Request                                                                                               |
|   wait()                           496        0.0018      0.000004    0.0018      0.000004    0.01     0.01     |
|                                                                                                                 |
| Partitioner                                                                                                     |
|   set_node_processor_ids()         2          0.0024      0.001183    0.1230      0.061481    0.01     0.44     |
|   set_parent_processor_ids()       1          0.0003      0.000333    0.0003      0.000333    0.00     0.00     |
|                                                                                                                 |
| PetscLinearSolver                                                                                               |
|   solve()                          6          4.4929      0.748822    4.4929      0.748822    16.20    16.20    |
|                                                                                                                 |
| ProjectVector                                                                                                   |
|   operator()                       2          0.0384      0.019218    0.1497      0.074868    0.14     0.54     |
|                                                                                                                 |
| System                                                                                                          |
|   project_vector()                 2          0.0101      0.005066    0.1764      0.088204    0.04     0.64     |
|                                                                                                                 |
| XdrIO                                                                                                           |
|   read()                           1          0.0450      0.044972    0.1205      0.120488    0.16     0.43     |
 -----------------------------------------------------------------------------------------------------------------
| Totals:                            316838     27.7378                                         100.00            |
 -----------------------------------------------------------------------------------------------------------------

