In reaction 0001
An equation of the form "A * (T/Tref)^beta * exp(-Ea/(R*T))" is a Kooij equation,
I guess a modified Arrhenius could be a name too.  Whatever, the correct label is
"Kooij", or, << à la limite >> "ModifiedArrhenius".  Please use those terms instead,
thanks and a good day to you, user.
In reaction 0001
An equation of the form "A * (T/Tref)^beta * exp(-Ea/(R*T))" is a Kooij equation,
I guess a modified Arrhenius could be a name too.  Whatever, the correct label is
"Kooij", or, << à la limite >> "ModifiedArrhenius".  Please use those terms instead,
thanks and a good day to you, user.
In reaction 0001
An equation of the form "A * (T/Tref)^beta * exp(-Ea/(R*T))" is a Kooij equation,
I guess a modified Arrhenius could be a name too.  Whatever, the correct label is
"Kooij", or, << à la limite >> "ModifiedArrhenius".  Please use those terms instead,
thanks and a good day to you, user.
In reaction 0001
An equation of the form "A * (T/Tref)^beta * exp(-Ea/(R*T))" is a Kooij equation,
I guess a modified Arrhenius could be a name too.  Whatever, the correct label is
"Kooij", or, << à la limite >> "ModifiedArrhenius".  Please use those terms instead,
thanks and a good day to you, user.
In reaction 0001
An equation of the form "A * (T/Tref)^beta * exp(-Ea/(R*T))" is a Kooij equation,
I guess a modified Arrhenius could be a name too.  Whatever, the correct label is
"Kooij", or, << à la limite >> "ModifiedArrhenius".  Please use those terms instead,
thanks and a good day to you, user.
In reaction 0001
An equation of the form "A * (T/Tref)^beta * exp(-Ea/(R*T))" is a Kooij equation,
I guess a modified Arrhenius could be a name too.  Whatever, the correct label is
"Kooij", or, << à la limite >> "ModifiedArrhenius".  Please use those terms instead,
thanks and a good day to you, user.
In reaction 0001
An equation of the form "A * (T/Tref)^beta * exp(-Ea/(R*T))" is a Kooij equation,
I guess a modified Arrhenius could be a name too.  Whatever, the correct label is
"Kooij", or, << à la limite >> "ModifiedArrhenius".  Please use those terms instead,
thanks and a good day to you, user.
In reaction 0001
An equation of the form "A * (T/Tref)^beta * exp(-Ea/(R*T))" is a Kooij equation,
I guess a modified Arrhenius could be a name too.  Whatever, the correct label is
"Kooij", or, << à la limite >> "ModifiedArrhenius".  Please use those terms instead,
thanks and a good day to you, user.
In reaction 0001
An equation of the form "A * (T/Tref)^beta * exp(-Ea/(R*T))" is a Kooij equation,
I guess a modified Arrhenius could be a name too.  Whatever, the correct label is
"Kooij", or, << à la limite >> "ModifiedArrhenius".  Please use those terms instead,
thanks and a good day to you, user.
In reaction 0001
An equation of the form "A * (T/Tref)^beta * exp(-Ea/(R*T))" is a Kooij equation,
I guess a modified Arrhenius could be a name too.  Whatever, the correct label is
"Kooij", or, << à la limite >> "ModifiedArrhenius".  Please use those terms instead,
thanks and a good day to you, user.
In reaction 0001
An equation of the form "A * (T/Tref)^beta * exp(-Ea/(R*T))" is a Kooij equation,
I guess a modified Arrhenius could be a name too.  Whatever, the correct label is
"Kooij", or, << à la limite >> "ModifiedArrhenius".  Please use those terms instead,
thanks and a good day to you, user.
In reaction 0001
An equation of the form "A * (T/Tref)^beta * exp(-Ea/(R*T))" is a Kooij equation,
I guess a modified Arrhenius could be a name too.  Whatever, the correct label is
"Kooij", or, << à la limite >> "ModifiedArrhenius".  Please use those terms instead,
thanks and a good day to you, user.

*** Warning, The parameter A is not given a unit
default unit given is m3/kmol/s
/ubfs/mae/pbauman/shared/software/libs/antioch/0.2.0/gcc/4.8.3/include/antioch/read_reaction_set_data_xml.h, line 452

*** Warning, The parameter A is not given a unit
default unit given is m3/kmol/s
/ubfs/mae/pbauman/shared/software/libs/antioch/0.2.0/gcc/4.8.3/include/antioch/read_reaction_set_data_xml.h, line 452

*** Warning, The parameter A is not given a unit
default unit given is m3/kmol/s
/ubfs/mae/pbauman/shared/software/libs/antioch/0.2.0/gcc/4.8.3/include/antioch/read_reaction_set_data_xml.h, line 452

*** Warning, The parameter A is not given a unit
default unit given is m3/kmol/s
/ubfs/mae/pbauman/shared/software/libs/antioch/0.2.0/gcc/4.8.3/include/antioch/read_reaction_set_data_xml.h, line 452

*** Warning, The parameter A is not given a unit
default unit given is m3/kmol/s
/ubfs/mae/pbauman/shared/software/libs/antioch/0.2.0/gcc/4.8.3/include/antioch/read_reaction_set_data_xml.h, line 452

*** Warning, The parameter A is not given a unit
default unit given is m3/kmol/s
/ubfs/mae/pbauman/shared/software/libs/antioch/0.2.0/gcc/4.8.3/include/antioch/read_reaction_set_data_xml.h, line 452

*** Warning, The parameter A is not given a unit
default unit given is m3/kmol/s
/ubfs/mae/pbauman/shared/software/libs/antioch/0.2.0/gcc/4.8.3/include/antioch/read_reaction_set_data_xml.h, line 452

*** Warning, The parameter A is not given a unit
default unit given is m3/kmol/s
/ubfs/mae/pbauman/shared/software/libs/antioch/0.2.0/gcc/4.8.3/include/antioch/read_reaction_set_data_xml.h, line 452

*** Warning, The parameter A is not given a unit
default unit given is m3/kmol/s
/ubfs/mae/pbauman/shared/software/libs/antioch/0.2.0/gcc/4.8.3/include/antioch/read_reaction_set_data_xml.h, line 452

*** Warning, The parameter A is not given a unit
default unit given is m3/kmol/s
/ubfs/mae/pbauman/shared/software/libs/antioch/0.2.0/gcc/4.8.3/include/antioch/read_reaction_set_data_xml.h, line 452

*** Warning, The parameter A is not given a unit
default unit given is m3/kmol/s
/ubfs/mae/pbauman/shared/software/libs/antioch/0.2.0/gcc/4.8.3/include/antioch/read_reaction_set_data_xml.h, line 452

*** Warning, The parameter A is not given a unit
default unit given is m3/kmol/s
/ubfs/mae/pbauman/shared/software/libs/antioch/0.2.0/gcc/4.8.3/include/antioch/read_reaction_set_data_xml.h, line 452

*** Warning, The parameter Tref is not provided
default parameter is 1 K
/ubfs/mae/pbauman/shared/software/libs/antioch/0.2.0/gcc/4.8.3/include/antioch/read_reaction_set_data_xml.h, line 560

*** Warning, The parameter Tref is not provided
default parameter is 1 K
/ubfs/mae/pbauman/shared/software/libs/antioch/0.2.0/gcc/4.8.3/include/antioch/read_reaction_set_data_xml.h, line 560

*** Warning, The parameter Tref is not provided
default parameter is 1 K
/ubfs/mae/pbauman/shared/software/libs/antioch/0.2.0/gcc/4.8.3/include/antioch/read_reaction_set_data_xml.h, line 560

*** Warning, The parameter Tref is not provided
default parameter is 1 K
/ubfs/mae/pbauman/shared/software/libs/antioch/0.2.0/gcc/4.8.3/include/antioch/read_reaction_set_data_xml.h, line 560

*** Warning, The parameter Tref is not provided
default parameter is 1 K
/ubfs/mae/pbauman/shared/software/libs/antioch/0.2.0/gcc/4.8.3/include/antioch/read_reaction_set_data_xml.h, line 560

*** Warning, The parameter Tref is not provided
default parameter is 1 K
/ubfs/mae/pbauman/shared/software/libs/antioch/0.2.0/gcc/4.8.3/include/antioch/read_reaction_set_data_xml.h, line 
*** Warning, The parameter Tref is not provided
default parameter is 1 K
/ubfs/mae/pbauman/shared/software/libs/antioch/0.2.0/gcc/4.8.3/include/antioch/read_reaction_set_data_xml.h, line 560

*** Warning, The parameter Tref is not provided
default parameter is 1 K

*** Warning, The parameter Tref is not provided
default parameter is 1 K
/ubfs/mae/pbauman/shared/software/libs/antioch/0.2.0/gcc/4.8.3/include/antioch/read_reaction_set_data_xml.h, line 560
560

*** Warning, The parameter Tref is not provided
default parameter is 1 K
/ubfs/mae/pbauman/shared/software/libs/antioch/0.2.0/gcc/4.8.3/include/antioch/read_reaction_set_data_xml.h, line 560

*** Warning, The parameter Tref is not provided
default parameter is 1 K
/ubfs/mae/pbauman/shared/software/libs/antioch/0.2.0/gcc/4.8.3/include/antioch/read_reaction_set_data_xml.h, line 560

*** Warning, The parameter Tref is not provided
default parameter is 1 K
/ubfs/mae/pbauman/shared/software/libs/antioch/0.2.0/gcc/4.8.3/include/antioch/read_reaction_set_data_xml.h, line 560
/ubfs/mae/pbauman/shared/software/libs/antioch/0.2.0/gcc/4.8.3/include/antioch/read_reaction_set_data_xml.h, line 560

*** Warning, The parameter A is not given a unit
default unit given is m3/kmol/s
/ubfs/mae/pbauman/shared/software/libs/antioch/0.2.0/gcc/4.8.3/include/antioch/read_reaction_set_data_xml.h, line 452
In reaction 0007
An equation of the form "A * exp(-Ea/(R*T))" is an Arrhenius equation,
and most certainly not a Kooij one
it has been corrected, but please, change that in your file.
Thanks and a good day to you, user.

*** Warning, The parameter A is not given a unit
default unit given is m3/kmol/s
/ubfs/mae/pbauman/shared/software/libs/antioch/0.2.0/gcc/4.8.3/include/antioch/read_reaction_set_data_xml.h, line 452

*** Warning, The parameter A is not given a unit
default unit given is m3/kmol/s
/ubfs/mae/pbauman/shared/software/libs/antioch/0.2.0/gcc/4.8.3/include/antioch/read_reaction_set_data_xml.h, line 452

*** Warning, The parameter A is not given a unit
default unit given is m3/kmol/s
/ubfs/mae/pbauman/shared/software/libs/antioch/0.2.0/gcc/4.8.3/include/antioch/read_reaction_set_data_xml.h, line 452
In reaction 0007
An equation of the form "A * exp(-Ea/(R*T))" is an Arrhenius equation,
and most certainly not a Kooij one
it has been corrected, but please, change that in your file.
Thanks and a good day to you, user.In reaction 0007
An equation of the form "A * exp(-Ea/(R*T))" is an Arrhenius equation,
and most certainly not a Kooij one
it has been corrected, but please, change that in your file.
Thanks and a good day to you, user.
In reaction 0007
An equation of the form "A * exp(-Ea/(R*T))" is an Arrhenius equation,
and most certainly not a Kooij one
it has been corrected, but please, change that in your file.
Thanks and a good day to you, user.

*** Warning, The parameter A is not given a unit
default unit given is m3/kmol/s
/ubfs/mae/pbauman/shared/software/libs/antioch/0.2.0/gcc/4.8.3/include/antioch/read_reaction_set_data_xml.h, line 452
In reaction 0007
An equation of the form "A * exp(-Ea/(R*T))" is an Arrhenius equation,
and most certainly not a Kooij one
it has been corrected, but please, change that in your file.
Thanks and a good day to you, user.


*** Warning, The parameter A is not given a unit
default unit given is m3/kmol/s

*** Warning, The parameter A is not given a unit
default unit given is m3/kmol/s
/ubfs/mae/pbauman/shared/software/libs/antioch/0.2.0/gcc/4.8.3/include/antioch/read_reaction_set_data_xml.h, line 452
In reaction 0007
An equation of the form "A * exp(-Ea/(R*T))" is an Arrhenius equation,
and most certainly not a Kooij one
it has been corrected, but please, change that in your file.
Thanks and a good day to you, user.

*** Warning, The parameter A is not given a unit
default unit given is m3/kmol/s
/ubfs/mae/pbauman/shared/software/libs/antioch/0.2.0/gcc/4.8.3/include/antioch/read_reaction_set_data_xml.h, line 452
In reaction 0007
An equation of the form "A * exp(-Ea/(R*T))" is an Arrhenius equation,
and most certainly not a Kooij one
it has been corrected, but please, change that in your file.
Thanks and a good day to you, user.
*** Warning, The parameter A is not given a unit
default unit given is m3/kmol/s
*** Warning, The parameter A is not given a unit
default unit given is m3/kmol/s
/ubfs/mae/pbauman/shared/software/libs/antioch/0.2.0/gcc/4.8.3/include/antioch/read_reaction_set_data_xml.h, line 452
In reaction 0007
An equation of the form "A * exp(-Ea/(R*T))" is an Arrhenius equation,
and most certainly not a Kooij one
it has been corrected, but please, change that in your file.
Thanks and a good day to you, user.
/ubfs/mae/pbauman/shared/software/libs/antioch/0.2.0/gcc/4.8.3/include/antioch/read_reaction_set_data_xml.h, line 452
In reaction 0007
An equation of the form "A * exp(-Ea/(R*T))" is an Arrhenius equation,
and most certainly not a Kooij one
it has been corrected, but please, change that in your file.
Thanks and a good day to you, user.

*** Warning, The parameter A is not given a unit
default unit given is m3/kmol/s
/ubfs/mae/pbauman/shared/software/libs/antioch/0.2.0/gcc/4.8.3/include/antioch/read_reaction_set_data_xml.h, line 452
In reaction 0007
An equation of the form "A * exp(-Ea/(R*T))" is an Arrhenius equation,
and most certainly not a Kooij one
it has been corrected, but please, change that in your file.
Thanks and a good day to you, user.

*** Warning, The parameter A is not given a unit
default unit given is m3/kmol/s
/ubfs/mae/pbauman/shared/software/libs/antioch/0.2.0/gcc/4.8.3/include/antioch/read_reaction_set_data_xml.h, line 452
In reaction 0007
An equation of the form "A * exp(-Ea/(R*T))" is an Arrhenius equation,
and most certainly not a Kooij one
it has been corrected, but please, change that in your file.
Thanks and a good day to you, user.


/ubfs/mae/pbauman/shared/software/libs/antioch/0.2.0/gcc/4.8.3/include/antioch/read_reaction_set_data_xml.h, line 452
In reaction 0007
An equation of the form "A * exp(-Ea/(R*T))" is an Arrhenius equation,
and most certainly not a Kooij one
it has been corrected, but please, change that in your file.
Thanks and a good day to you, user.
==========================================================
List of Enabled Physics:
ReactingLowMachNavierStokes
==========================================================
==========================================================
List of Enabled QoIs:
MassLossCatalytic
AverageNMoleFraction
==========================================================
 ====== Restarting from restart.xdr
 Mesh Information:
  mesh_dimension()=2
  spatial_dimension()=3
  n_nodes()=10557
    n_local_nodes()=856
  n_elem()=3074
    n_local_elem()=255
    n_active_elem()=2355
  n_subdomains()=1
  n_partitions()=12
  n_processors()=12
  n_threads()=1
  processor_id()=0

 EquationSystems
  n_systems()=2
   System #0, "Nitridation"
    Type "Implicit"
    Variables={ "w_N2" "w_N" "w_C" "w_CN" "u" "v" } "p" "T" 
    Finite Element Types="LAGRANGE", "JACOBI_20_00" "LAGRANGE", "JACOBI_20_00" "LAGRANGE", "JACOBI_20_00" 
    Infinite Element Mapping="CARTESIAN" "CARTESIAN" "CARTESIAN" 
    Approximation Orders="SECOND", "THIRD" "FIRST", "THIRD" "SECOND", "THIRD" 
    n_dofs()=76823
    n_local_dofs()=6230
    n_constrained_dofs()=13614
    n_local_constrained_dofs()=703
    n_vectors()=1
    n_matrices()=1
    DofMap Sparsity
      Average  On-Processor Bandwidth <= 119.092
      Average Off-Processor Bandwidth <= 5.26899
      Maximum  On-Processor Bandwidth <= 384
      Maximum Off-Processor Bandwidth <= 228
    DofMap Constraints
      Number of DoF Constraints = 13614
      Number of Heterogenous Constraints= 1256
      Average DoF Constraint Length= 2.37638
      Number of Node Constraints = 3007
      Maximum Node Constraint Length= 9
      Average Node Constraint Length= 3.47755
   System #1, "interior_output"
    Type "Basic"
    Variables={ "rho" "X_N2" "X_N" "X_C" "X_CN" "mu" "k" } 
    Finite Element Types="LAGRANGE", "JACOBI_20_00" 
    Infinite Element Mapping="CARTESIAN" 
    Approximation Orders="FIRST", "THIRD" 
    n_dofs()=20468
    n_local_dofs()=1666
    n_constrained_dofs()=5215
    n_local_constrained_dofs()=315
    n_vectors()=0
    n_matrices()=0
    DofMap Sparsity
      Average  On-Processor Bandwidth <= 0
      Average Off-Processor Bandwidth <= 0
      Maximum  On-Processor Bandwidth <= 0
      Maximum Off-Processor Bandwidth <= 0
    DofMap Constraints
      Number of DoF Constraints = 5215
      Average DoF Constraint Length= 2
      Number of Node Constraints = 3007
      Maximum Node Constraint Length= 9
      Average Node Constraint Length= 3.47755

Assembling the System
*** Warning, This code is deprecated, and likely to be removed in future library versions! /ubfs/mae/pbauman/shared/software/libs/libmesh/master/gcc-4.8.3/mpich-3.1.2/petsc-3.5.1/vtk-6.1.0/boost-1.56.0/tbb-4.2.5/openblas-0.2.10/include/libmesh/libmesh_common.h, line 488, compiled Sep  5 2014 at 08:17:40 ***
Nonlinear Residual: 0.0205239
Linear solve starting, tolerance 0.001
Linear solve finished, step 1, residual 0
Trying full Newton step
  Current Residual: 0.00246504
  Nonlinear step: |du|/|u| = 0.0150112, |du| = 1390.66
Assembling the System
Nonlinear Residual: 0.00246504
Linear solve starting, tolerance 0.001
Linear solve finished, step 1, residual 0
Trying full Newton step
  Current Residual: 0.000125139
  Nonlinear step: |du|/|u| = 0.00300444, |du| = 278.198
Assembling the System
Nonlinear Residual: 0.000125139
Linear solve starting, tolerance 0.001
Linear solve finished, step 1, residual 0
Trying full Newton step
  Current Residual: 4.77644e-07
  Nonlinear step: |du|/|u| = 9.43581e-05, |du| = 8.737
Assembling the System
Nonlinear Residual: 4.77644e-07
Linear solve starting, tolerance 0.001
Linear solve finished, step 1, residual 0
Trying full Newton step
  Current Residual: 9.57681e-12
  Nonlinear solver relative residual 4.66617e-10 > 1e-10
  Nonlinear solver converged, step 3, relative step size 2.72171e-07 < 1e-06
==========================================================
MassLossCatalytic = -4.5732934469811882e-07
==========================================================
==========================================================
AverageNMoleFraction = 6.3541706999264351e-04
==========================================================

 ------------------------------------------------------------------------------------------------------------------------------------------------------------------------------
| Processor id:   0                                                                                                                                                            |
| Num Processors: 12                                                                                                                                                           |
| Time:           Wed Sep 10 12:02:46 2014                                                                                                                                     |
| OS:             Linux                                                                                                                                                        |
| HostName:       fry.eng.buffalo.edu                                                                                                                                          |
| OS Release:     2.6.32-431.23.3.el6.x86_64                                                                                                                                   |
| OS Version:     #1 SMP Wed Jul 16 06:12:23 EDT 2014                                                                                                                          |
| Machine:        x86_64                                                                                                                                                       |
| Username:       pbauman                                                                                                                                                      |
| Configuration:  ../libmesh_src/configure  '--prefix=/ubfs/mae/pbauman/shared/software/libs/libmesh/master/gcc-4.8.3/mpich-3.1.2/petsc-3.5.1/vtk-6.1.0/boost-1.56.0/tbb-4.2.5/openblas-0.2.10'|
|  '--enable-everything'                                                                                                                                                       |
|  '--with-metis=PETSc'                                                                                                                                                        |
|  '--with-boost=/ubfs/mae/pbauman/shared/software/libs/boost/1.56.0/gcc/4.8.3'                                                                                                |
|  '--with-mpi=/ubfs/mae/pbauman/shared/software/libs/mpich/3.1.2/gcc/4.8.3'                                                                                                   |
|  '--with-tbb=/ubfs/mae/pbauman/shared/software/libs/tbb/4.2.5/gcc/4.8.3/linux_intel64_gcc_cc4.8.3_libc2.12_kernel2.6.32_release'                                             |
|  '--with-vtk=/ubfs/mae/pbauman/shared/software/libs/vtk/6.1.0/gcc/4.8.3'                                                                                                     |
|  'CXX=g++'                                                                                                                                                                   |
|  'CC=gcc'                                                                                                                                                                    |
|  'FC=gfortran'                                                                                                                                                               |
|  'F77=gfortran'                                                                                                                                                              |
|  'PETSC_DIR=/ubfs/mae/pbauman/shared/software/libs/petsc/petsc-3.5.1/'                                                                                                       |
|  'PETSC_ARCH=gcc-4.8.3-mpich-3.1.2-openblas-0.2.10-cxx-opt'                                                                                                                  |
|  'VTK_DIR=/ubfs/mae/pbauman/shared/software/libs/vtk/6.1.0/gcc/4.8.3'                                                                                                        |
|  'HDF5_DIR=/ubfs/mae/pbauman/shared/software/libs/hdf5/1.8.13/gcc/4.8.3'                                                                                                     |
 ------------------------------------------------------------------------------------------------------------------------------------------------------------------------------
 -----------------------------------------------------------------------------------------------------------------
| libMesh Performance: Alive time=21.4919, Active time=18.4559                                                    |
 -----------------------------------------------------------------------------------------------------------------
| Event                              nCalls     Total Time  Avg Time    Total Time  Avg Time    % of Active Time  |
|                                               w/o Sub     w/o Sub     With Sub    With Sub    w/o S    With S   |
|-----------------------------------------------------------------------------------------------------------------|
|                                                                                                                 |
|                                                                                                                 |
| DofMap                                                                                                          |
|   add_neighbors_to_send_list()     4          0.0030      0.000743    0.0061      0.001533    0.02     0.03     |
|   build_constraint_matrix()        1528       0.0250      0.000016    0.0250      0.000016    0.14     0.14     |
|   build_sparsity()                 2          0.0432      0.021606    0.0575      0.028744    0.23     0.31     |
|   cnstrn_elem_mat_vec()            764        0.0450      0.000059    0.0450      0.000059    0.24     0.24     |
|   constrain_elem_vector()          764        0.0048      0.000006    0.0048      0.000006    0.03     0.03     |
|   create_dof_constraints()         4          1.7278      0.431945    5.8874      1.471862    9.36     31.90    |
|   distribute_dofs()                4          0.0098      0.002452    0.0497      0.012423    0.05     0.27     |
|   dof_indices()                    193146     1.0666      0.000006    1.0666      0.000006    5.78     5.78     |
|   enforce_constraints_exactly()    8          0.0384      0.004795    0.0384      0.004795    0.21     0.21     |
|   old_dof_indices()                3247       0.0209      0.000006    0.0209      0.000006    0.11     0.11     |
|   prepare_send_list()              4          0.0007      0.000174    0.0007      0.000174    0.00     0.00     |
|   reinit()                         4          0.0209      0.005233    0.0209      0.005233    0.11     0.11     |
|                                                                                                                 |
| EquationSystems                                                                                                 |
|   read()                           1          0.0159      0.015920    0.0862      0.086208    0.09     0.47     |
|   update()                         1          0.0002      0.000212    0.0002      0.000212    0.00     0.00     |
|                                                                                                                 |
| FE                                                                                                              |
|   compute_shape_functions()        5914       0.0310      0.000005    0.0310      0.000005    0.17     0.17     |
|   init_shape_functions()           2874       0.0161      0.000006    0.0161      0.000006    0.09     0.09     |
|   inverse_map()                    59234      0.3515      0.000006    0.3515      0.000006    1.90     1.90     |
|                                                                                                                 |
| FEMSystem                                                                                                       |
|   assemble_qoi()                   1          0.0122      0.012191    0.0561      0.056139    0.07     0.30     |
|   assembly()                       4          0.2635      0.065866    11.1245     2.781134    1.43     60.28    |
|   assembly(get_residual)           4          0.1469      0.036725    0.3069      0.076729    0.80     1.66     |
|   numerical_elem_jacobian()        764        10.7425     0.014061    10.7425     0.014061    58.21    58.21    |
|   numerical_side_jacobian()        68         0.0208      0.000306    0.0208      0.000306    0.11     0.11     |
|                                                                                                                 |
| FEMap                                                                                                           |
|   compute_affine_map()             5914       0.0261      0.000004    0.0261      0.000004    0.14     0.14     |
|   compute_face_map()               2858       0.0618      0.000022    0.1963      0.000069    0.33     1.06     |
|   init_face_shape_functions()      2570       0.0146      0.000006    0.0146      0.000006    0.08     0.08     |
|   init_reference_to_physical_map() 2874       0.0244      0.000008    0.0244      0.000008    0.13     0.13     |
|                                                                                                                 |
| LocationMap                                                                                                     |
|   init()                           1          0.0016      0.001577    0.0016      0.001577    0.01     0.01     |
|                                                                                                                 |
| Mesh                                                                                                            |
|   contract()                       1          0.0001      0.000075    0.0003      0.000271    0.00     0.00     |
|   find_neighbors()                 1          0.0045      0.004475    0.0047      0.004657    0.02     0.03     |
|   renumber_nodes_and_elem()        3          0.0006      0.000213    0.0006      0.000213    0.00     0.00     |
|                                                                                                                 |
| MeshCommunication                                                                                               |
|   assign_global_indices()          1          0.0589      0.058919    0.0651      0.065106    0.32     0.35     |
|   compute_hilbert_indices()        1          0.0048      0.004830    0.0048      0.004830    0.03     0.03     |
|   find_global_indices()            1          0.0006      0.000583    0.0086      0.008569    0.00     0.05     |
|   parallel_sort()                  1          0.0007      0.000657    0.0007      0.000724    0.00     0.00     |
|                                                                                                                 |
| MeshRefinement                                                                                                  |
|   _coarsen_elements()              1          0.0001      0.000058    0.0001      0.000080    0.00     0.00     |
|   _refine_elements()               1          0.0003      0.000321    0.0003      0.000336    0.00     0.00     |
|   make_coarsening_compatible()     1          0.0011      0.001141    0.0011      0.001141    0.01     0.01     |
|   make_flags_parallel_consistent() 2          0.0014      0.000701    0.0110      0.005516    0.01     0.06     |
|   make_refinement_compatible()     1          0.0000      0.000014    0.0000      0.000041    0.00     0.00     |
|                                                                                                                 |
| MetisPartitioner                                                                                                |
|   partition()                      1          0.0073      0.007288    0.0162      0.016185    0.04     0.09     |
|                                                                                                                 |
| NewtonSolver                                                                                                    |
|   solve()                          1          0.4692      0.469172    14.9648     14.964845   2.54     81.08    |
|                                                                                                                 |
| Parallel                                                                                                        |
|   allgather()                      21         0.0020      0.000096    0.0021      0.000100    0.01     0.01     |
|   broadcast()                      217        0.0031      0.000014    0.0030      0.000014    0.02     0.02     |
|   max(bool)                        5          0.0001      0.000022    0.0001      0.000022    0.00     0.00     |
|   max(scalar)                      11         0.0191      0.001735    0.0191      0.001735    0.10     0.10     |
|   max(vector)                      2          0.0000      0.000013    0.0000      0.000013    0.00     0.00     |
|   min(bool)                        4          0.0001      0.000023    0.0001      0.000023    0.00     0.00     |
|   min(vector)                      2          0.0008      0.000391    0.0008      0.000391    0.00     0.00     |
|   probe()                          562        0.0143      0.000025    0.0143      0.000025    0.08     0.08     |
|   receive()                        496        0.0054      0.000011    0.0235      0.000047    0.03     0.13     |
|   send()                           496        0.0033      0.000007    0.0033      0.000007    0.02     0.02     |
|   send_receive()                   424        0.0082      0.000019    0.0478      0.000113    0.04     0.26     |
|   sum()                            43         0.0101      0.000234    0.0101      0.000234    0.05     0.05     |
|                                                                                                                 |
| Parallel::Request                                                                                               |
|   wait()                           496        0.0022      0.000004    0.0022      0.000004    0.01     0.01     |
|                                                                                                                 |
| Partitioner                                                                                                     |
|   set_node_processor_ids()         2          0.0021      0.001064    0.0069      0.003427    0.01     0.04     |
|   set_parent_processor_ids()       1          0.0003      0.000251    0.0003      0.000251    0.00     0.00     |
|                                                                                                                 |
| PetscLinearSolver                                                                                               |
|   solve()                          4          3.0327      0.758174    3.0327      0.758174    16.43    16.43    |
|                                                                                                                 |
| ProjectVector                                                                                                   |
|   operator()                       2          0.0340      0.017020    0.1356      0.067812    0.18     0.73     |
|                                                                                                                 |
| System                                                                                                          |
|   project_vector()                 2          0.0106      0.005298    0.1605      0.080242    0.06     0.87     |
|                                                                                                                 |
| XdrIO                                                                                                           |
|   read()                           1          0.0227      0.022672    0.0243      0.024290    0.12     0.13     |
 -----------------------------------------------------------------------------------------------------------------
| Totals:                            285369     18.4559                                         100.00            |
 -----------------------------------------------------------------------------------------------------------------

